<?xml version="1.0" encoding="UTF-8"?>
<!-- Generated by org.testng.reporters.JUnitXMLReporter -->
<testsuite hostname="IBM141-PC0F1FB8" ignored="34" name="HeiPort_Login_LDR" tests="3" failures="1" timestamp="12 Jun 2019 10:24:02 GMT" time="4.821" errors="0">
  <testcase name="tasKill" time="0.073" classname="com.mendix.test.LoginScript"/>
  <testcase name="openBrowser" time="4.719" classname="com.mendix.test.LoginScript"/>
  <testcase name="loginAsLBDA" time="0.0" classname="com.mendix.test.LoginScript">
    <failure type="org.testng.TestNGException" message="
Cannot inject @Test annotated Method [loginAsLBDA] with [interface java.util.Map].
For more information on native dependency injection please refer to http://testng.org/doc/documentation-main.html#native-dependency-injection">
      <![CDATA[org.testng.TestNGException: 
Cannot inject @Test annotated Method [loginAsLBDA] with [interface java.util.Map].
For more information on native dependency injection please refer to http://testng.org/doc/documentation-main.html#native-dependency-injection
... Removed 24 stack frames]]>
    </failure>
  </testcase> <!-- loginAsLBDA -->
  <testcase name="loginAsGDA" time="0.0" classname="com.mendix.test.LoginScript">
    <ignored/>
  </testcase> <!-- loginAsGDA -->
  <testcase name="loginAsLDRVendorNAV" time="0.0" classname="com.mendix.test.LoginScript">
    <ignored/>
  </testcase> <!-- loginAsLDRVendorNAV -->
  <testcase name="loginAsLDPJDEvendor" time="0.0" classname="com.mendix.test.LoginScript">
    <ignored/>
  </testcase> <!-- loginAsLDPJDEvendor -->
  <testcase name="loginAsLDSMaterialNAV" time="0.0" classname="com.mendix.test.LoginScript">
    <ignored/>
  </testcase> <!-- loginAsLDSMaterialNAV -->
  <testcase name="loginAsLBDASAPVendor" time="0.0" classname="com.mendix.test.LoginScript">
    <ignored/>
  </testcase> <!-- loginAsLBDASAPVendor -->
  <testcase name="loginAsLDRVendorSAP" time="0.0" classname="com.mendix.test.LoginScript">
    <ignored/>
  </testcase> <!-- loginAsLDRVendorSAP -->
  <testcase name="loginAsGBDA" time="0.0" classname="com.mendix.test.LoginScript">
    <ignored/>
  </testcase> <!-- loginAsGBDA -->
  <testcase name="loginAsLDSMaterialSAP" time="0.0" classname="com.mendix.test.LoginScript">
    <ignored/>
  </testcase> <!-- loginAsLDSMaterialSAP -->
  <testcase name="loginAsGBDAMaterial" time="0.0" classname="com.mendix.test.LoginScript">
    <ignored/>
  </testcase> <!-- loginAsGBDAMaterial -->
  <testcase name="loginAsApprover" time="0.0" classname="com.mendix.test.LoginScript">
    <ignored/>
  </testcase> <!-- loginAsApprover -->
  <testcase name="loginAsLDRMaterialSAP" time="0.0" classname="com.mendix.test.LoginScript">
    <ignored/>
  </testcase> <!-- loginAsLDRMaterialSAP -->
  <testcase name="loginAsLBDAVendor" time="0.0" classname="com.mendix.test.LoginScript">
    <ignored/>
  </testcase> <!-- loginAsLBDAVendor -->
  <testcase name="loginAsLDSVendorNAV" time="0.0" classname="com.mendix.test.LoginScript">
    <ignored/>
  </testcase> <!-- loginAsLDSVendorNAV -->
  <testcase name="loginAsLDP" time="0.0" classname="com.mendix.test.LoginScript">
    <ignored/>
  </testcase> <!-- loginAsLDP -->
  <testcase name="loginAsLDRMaterialNAV" time="0.0" classname="com.mendix.test.LoginScript">
    <ignored/>
  </testcase> <!-- loginAsLDRMaterialNAV -->
  <testcase name="loginAsLDRNAVMZCBMaterial" time="0.0" classname="com.mendix.test.LoginScript">
    <ignored/>
  </testcase> <!-- loginAsLDRNAVMZCBMaterial -->
  <testcase name="loginAsLDSVendorSAP" time="0.0" classname="com.mendix.test.LoginScript">
    <ignored/>
  </testcase> <!-- loginAsLDSVendorSAP -->
  <testcase name="loginAsVendorLDS" time="0.0" classname="com.mendix.test.LoginScript">
    <ignored/>
  </testcase> <!-- loginAsVendorLDS -->
  <testcase name="loginAsLDSVendorJDE" time="0.0" classname="com.mendix.test.LoginScript">
    <ignored/>
  </testcase> <!-- loginAsLDSVendorJDE -->
  <testcase name="loginAsSGLDSVendor" time="0.0" classname="com.mendix.test.LoginScript">
    <ignored/>
  </testcase> <!-- loginAsSGLDSVendor -->
  <testcase name="loginAsLDS" time="0.0" classname="com.mendix.test.LoginScript">
    <ignored/>
  </testcase> <!-- loginAsLDS -->
  <testcase name="loginAsLBDANAVMZCBMaterial" time="0.0" classname="com.mendix.test.LoginScript">
    <ignored/>
  </testcase> <!-- loginAsLBDANAVMZCBMaterial -->
  <testcase name="loginAsLDSNAVMZCBMaterial" time="0.0" classname="com.mendix.test.LoginScript">
    <ignored/>
  </testcase> <!-- loginAsLDSNAVMZCBMaterial -->
  <testcase name="loginAsLDRMaterialJDE" time="0.0" classname="com.mendix.test.LoginScript">
    <ignored/>
  </testcase> <!-- loginAsLDRMaterialJDE -->
  <testcase name="loginAsLBDAVendorNAV" time="0.0" classname="com.mendix.test.LoginScript">
    <ignored/>
  </testcase> <!-- loginAsLBDAVendorNAV -->
  <testcase name="loginAsLDPSAPvendor" time="0.0" classname="com.mendix.test.LoginScript">
    <ignored/>
  </testcase> <!-- loginAsLDPSAPvendor -->
  <testcase name="loginAsGBLDR" time="0.0" classname="com.mendix.test.LoginScript">
    <ignored/>
  </testcase> <!-- loginAsGBLDR -->
  <testcase name="loginAsSGLDS" time="0.0" classname="com.mendix.test.LoginScript">
    <ignored/>
  </testcase> <!-- loginAsSGLDS -->
  <testcase name="loginAsLDPNAVMZCBMaterial" time="0.0" classname="com.mendix.test.LoginScript">
    <ignored/>
  </testcase> <!-- loginAsLDPNAVMZCBMaterial -->
  <testcase name="loginAsLDSVendor" time="0.0" classname="com.mendix.test.LoginScript">
    <ignored/>
  </testcase> <!-- loginAsLDSVendor -->
  <testcase name="loginAsGBDAMaterialVendor" time="0.0" classname="com.mendix.test.LoginScript">
    <ignored/>
  </testcase> <!-- loginAsGBDAMaterialVendor -->
  <testcase name="loginAsLDRVendorJDE" time="0.0" classname="com.mendix.test.LoginScript">
    <ignored/>
  </testcase> <!-- loginAsLDRVendorJDE -->
  <testcase name="loginAsLDSMaterialJDE" time="0.0" classname="com.mendix.test.LoginScript">
    <ignored/>
  </testcase> <!-- loginAsLDSMaterialJDE -->
  <testcase name="loginAsSGLDR" time="0.0" classname="com.mendix.test.LoginScript">
    <ignored/>
  </testcase> <!-- loginAsSGLDR -->
</testsuite> <!-- HeiPort_Login_LDR -->
