<?xml version="1.0" encoding="UTF-8"?>
<!-- Generated by org.testng.reporters.JUnitXMLReporter -->
<testsuite hostname="ykuntala" ignored="27" name="Material_Create_Fill_In_Data_Local_NAV" tests="101" failures="0" timestamp="18 Jun 2019 08:55:56 GMT" time="343.165" errors="0">
  <testcase name="material_Local_Plant_Data_Fill_In_Nav" time="61.013" classname="com.mendix.test.MaterialNavScript"/>
  <testcase name="material_Local_Plant_Data_Fill_In_Nav" time="0.001" classname="com.mendix.test.MaterialNavScript"/>
  <testcase name="material_Local_Finance_Data_Fill_In_Nav" time="41.438" classname="com.mendix.test.MaterialNavScript"/>
  <testcase name="material_Local_Finance_Data_Fill_In_Nav" time="0.001" classname="com.mendix.test.MaterialNavScript"/>
  <testcase name="material_Create_Fill_In_Data_Nav_Local_Adding_Site" time="124.759" classname="com.mendix.test.MaterialNavScript"/>
  <testcase name="material_Create_Fill_In_Data_Nav_Local_Adding_Site" time="0.0" classname="com.mendix.test.MaterialNavScript"/>
  <testcase name="validate_And_Submit_Global_Local_Request" time="0.001" classname="com.mendix.test.MaterialNavScript"/>
  <testcase name="validate_And_Submit_Global_Local_Request" time="0.0" classname="com.mendix.test.MaterialNavScript"/>
  <testcase name="validate_And_Submit_Global_Local_Request" time="0.001" classname="com.mendix.test.MaterialNavScript"/>
  <testcase name="validate_And_Submit_Global_Local_Request" time="0.0" classname="com.mendix.test.MaterialNavScript"/>
  <testcase name="validate_And_Submit_Global_Local_Request" time="0.001" classname="com.mendix.test.MaterialNavScript"/>
  <testcase name="validate_And_Submit_Global_Local_Request" time="0.001" classname="com.mendix.test.MaterialNavScript"/>
  <testcase name="validate_And_Submit_Global_Local_Request" time="0.001" classname="com.mendix.test.MaterialNavScript"/>
  <testcase name="validate_And_Submit_Global_Local_Request" time="0.0" classname="com.mendix.test.MaterialNavScript"/>
  <testcase name="validate_And_Submit_Global_Local_Request" time="0.001" classname="com.mendix.test.MaterialNavScript"/>
  <testcase name="validate_And_Submit_Global_Local_Request" time="0.001" classname="com.mendix.test.MaterialNavScript"/>
  <testcase name="validate_And_Submit_Global_Local_Request" time="0.001" classname="com.mendix.test.MaterialNavScript"/>
  <testcase name="validate_And_Submit_Global_Local_Request" time="0.0" classname="com.mendix.test.MaterialNavScript"/>
  <testcase name="validate_And_Submit_Global_Local_Request" time="0.0" classname="com.mendix.test.MaterialNavScript"/>
  <testcase name="validate_And_Submit_Global_Local_Request" time="0.001" classname="com.mendix.test.MaterialNavScript"/>
  <testcase name="validate_And_Submit_Global_Local_Request" time="0.001" classname="com.mendix.test.MaterialNavScript"/>
  <testcase name="validate_And_Submit_Global_Local_Request" time="0.002" classname="com.mendix.test.MaterialNavScript"/>
  <testcase name="validate_And_Submit_Global_Local_Request" time="0.0" classname="com.mendix.test.MaterialNavScript"/>
  <testcase name="validate_And_Submit_Global_Local_Request" time="0.002" classname="com.mendix.test.MaterialNavScript"/>
  <testcase name="validate_And_Submit_Global_Local_Request" time="0.008" classname="com.mendix.test.MaterialNavScript"/>
  <testcase name="validate_And_Submit_Global_Local_Request" time="115.547" classname="com.mendix.test.MaterialNavScript"/>
  <testcase name="validate_And_Submit_Global_Local_Request" time="0.0" classname="com.mendix.test.MaterialNavScript"/>
  <testcase name="validate_And_Submit_Global_Local_Request" time="0.001" classname="com.mendix.test.MaterialNavScript"/>
  <testcase name="validate_And_Submit_Global_Local_Request" time="0.001" classname="com.mendix.test.MaterialNavScript"/>
  <testcase name="validate_And_Submit_Global_Local_Request" time="0.001" classname="com.mendix.test.MaterialNavScript"/>
  <testcase name="validate_And_Submit_Global_Local_Request" time="0.001" classname="com.mendix.test.MaterialNavScript"/>
  <testcase name="validate_And_Submit_Global_Local_Request" time="0.001" classname="com.mendix.test.MaterialNavScript"/>
  <testcase name="validate_And_Submit_Global_Local_Request" time="0.001" classname="com.mendix.test.MaterialNavScript"/>
  <testcase name="validate_And_Submit_Global_Local_Request" time="0.002" classname="com.mendix.test.MaterialNavScript"/>
  <testcase name="validate_And_Submit_Global_Local_Request" time="0.001" classname="com.mendix.test.MaterialNavScript"/>
  <testcase name="validate_And_Submit_Global_Local_Request" time="0.001" classname="com.mendix.test.MaterialNavScript"/>
  <testcase name="validate_And_Submit_Global_Local_Request" time="0.001" classname="com.mendix.test.MaterialNavScript"/>
  <testcase name="validate_And_Submit_Global_Local_Request" time="0.0" classname="com.mendix.test.MaterialNavScript"/>
  <testcase name="validate_And_Submit_Global_Local_Request" time="0.0" classname="com.mendix.test.MaterialNavScript"/>
  <testcase name="validate_And_Submit_Global_Local_Request" time="0.001" classname="com.mendix.test.MaterialNavScript"/>
  <testcase name="validate_And_Submit_Global_Local_Request" time="0.0" classname="com.mendix.test.MaterialNavScript"/>
  <testcase name="validate_And_Submit_Global_Local_Request" time="0.0" classname="com.mendix.test.MaterialNavScript"/>
  <testcase name="validate_And_Submit_Global_Local_Request" time="0.001" classname="com.mendix.test.MaterialNavScript"/>
  <testcase name="validate_And_Submit_Global_Local_Request" time="0.001" classname="com.mendix.test.MaterialNavScript"/>
  <testcase name="validate_And_Submit_Global_Local_Request" time="0.0" classname="com.mendix.test.MaterialNavScript"/>
  <testcase name="validate_And_Submit_Global_Local_Request" time="0.0" classname="com.mendix.test.MaterialNavScript"/>
  <testcase name="validate_And_Submit_Global_Local_Request" time="0.0" classname="com.mendix.test.MaterialNavScript"/>
  <testcase name="validate_And_Submit_Global_Local_Request" time="0.013" classname="com.mendix.test.MaterialNavScript"/>
  <testcase name="validate_And_Submit_Global_Local_Request" time="0.0" classname="com.mendix.test.MaterialNavScript"/>
  <testcase name="validate_And_Submit_Global_Local_Request" time="0.001" classname="com.mendix.test.MaterialNavScript"/>
  <testcase name="validate_And_Submit_Global_Local_Request" time="0.0" classname="com.mendix.test.MaterialNavScript"/>
  <testcase name="validate_And_Submit_Global_Local_Request" time="0.001" classname="com.mendix.test.MaterialNavScript"/>
  <testcase name="validate_And_Submit_Global_Local_Request" time="0.001" classname="com.mendix.test.MaterialNavScript"/>
  <testcase name="validate_And_Submit_Global_Local_Request" time="0.001" classname="com.mendix.test.MaterialNavScript"/>
  <testcase name="validate_And_Submit_Global_Local_Request" time="0.001" classname="com.mendix.test.MaterialNavScript"/>
  <testcase name="validate_And_Submit_Global_Local_Request" time="0.001" classname="com.mendix.test.MaterialNavScript"/>
  <testcase name="validate_And_Submit_Global_Local_Request" time="0.0" classname="com.mendix.test.MaterialNavScript"/>
  <testcase name="validate_And_Submit_Global_Local_Request" time="0.0" classname="com.mendix.test.MaterialNavScript"/>
  <testcase name="validate_And_Submit_Global_Local_Request" time="0.0" classname="com.mendix.test.MaterialNavScript"/>
  <testcase name="validate_And_Submit_Global_Local_Request" time="0.0" classname="com.mendix.test.MaterialNavScript"/>
  <testcase name="validate_And_Submit_Global_Local_Request" time="0.0" classname="com.mendix.test.MaterialNavScript"/>
  <testcase name="validate_And_Submit_Global_Local_Request" time="0.01" classname="com.mendix.test.MaterialNavScript"/>
  <testcase name="validate_And_Submit_Global_Local_Request" time="0.0" classname="com.mendix.test.MaterialNavScript"/>
  <testcase name="validate_And_Submit_Global_Local_Request" time="0.0" classname="com.mendix.test.MaterialNavScript"/>
  <testcase name="validate_And_Submit_Global_Local_Request" time="0.0" classname="com.mendix.test.MaterialNavScript"/>
  <testcase name="validate_And_Submit_Global_Local_Request" time="0.0" classname="com.mendix.test.MaterialNavScript"/>
  <testcase name="validate_And_Submit_Global_Local_Request" time="0.001" classname="com.mendix.test.MaterialNavScript"/>
  <testcase name="validate_And_Submit_Global_Local_Request" time="0.001" classname="com.mendix.test.MaterialNavScript"/>
  <testcase name="validate_And_Submit_Global_Local_Request" time="0.001" classname="com.mendix.test.MaterialNavScript"/>
  <testcase name="validate_And_Submit_Global_Local_Request" time="0.002" classname="com.mendix.test.MaterialNavScript"/>
  <testcase name="validate_And_Submit_Global_Local_Request" time="0.007" classname="com.mendix.test.MaterialNavScript"/>
  <testcase name="validate_And_Submit_Global_Local_Request" time="0.001" classname="com.mendix.test.MaterialNavScript"/>
  <testcase name="validate_And_Submit_Global_Local_Request" time="0.0" classname="com.mendix.test.MaterialNavScript"/>
  <testcase name="validate_And_Submit_Global_Local_Request" time="0.0" classname="com.mendix.test.MaterialNavScript"/>
  <testcase name="validate_And_Submit_Global_Local_Request" time="0.0" classname="com.mendix.test.MaterialNavScript"/>
  <testcase name="validate_And_Submit_Global_Local_Request" time="0.0" classname="com.mendix.test.MaterialNavScript"/>
  <testcase name="validate_And_Submit_Global_Local_Request" time="0.0" classname="com.mendix.test.MaterialNavScript"/>
  <testcase name="validate_And_Submit_Global_Local_Request" time="0.0" classname="com.mendix.test.MaterialNavScript"/>
  <testcase name="validate_And_Submit_Global_Local_Request" time="0.001" classname="com.mendix.test.MaterialNavScript"/>
  <testcase name="validate_And_Submit_Global_Local_Request" time="0.0" classname="com.mendix.test.MaterialNavScript"/>
  <testcase name="validate_And_Submit_Global_Local_Request" time="0.0" classname="com.mendix.test.MaterialNavScript"/>
  <testcase name="validate_And_Submit_Global_Local_Request" time="0.0" classname="com.mendix.test.MaterialNavScript"/>
  <testcase name="validate_And_Submit_Global_Local_Request" time="0.0" classname="com.mendix.test.MaterialNavScript"/>
  <testcase name="validate_And_Submit_Global_Local_Request" time="0.001" classname="com.mendix.test.MaterialNavScript"/>
  <testcase name="validate_And_Submit_Global_Local_Request" time="0.007" classname="com.mendix.test.MaterialNavScript"/>
  <testcase name="validate_And_Submit_Global_Local_Request" time="0.001" classname="com.mendix.test.MaterialNavScript"/>
  <testcase name="validate_And_Submit_Global_Local_Request" time="0.001" classname="com.mendix.test.MaterialNavScript"/>
  <testcase name="validate_And_Submit_Global_Local_Request" time="0.0" classname="com.mendix.test.MaterialNavScript"/>
  <testcase name="validate_And_Submit_Global_Local_Request" time="0.0" classname="com.mendix.test.MaterialNavScript"/>
  <testcase name="validate_And_Submit_Global_Local_Request" time="0.0" classname="com.mendix.test.MaterialNavScript"/>
  <testcase name="validate_And_Submit_Global_Local_Request" time="0.0" classname="com.mendix.test.MaterialNavScript"/>
  <testcase name="validate_And_Submit_Global_Local_Request" time="0.001" classname="com.mendix.test.MaterialNavScript"/>
  <testcase name="validate_And_Submit_Global_Local_Request" time="0.0" classname="com.mendix.test.MaterialNavScript"/>
  <testcase name="validate_And_Submit_Global_Local_Request" time="0.0" classname="com.mendix.test.MaterialNavScript"/>
  <testcase name="validate_And_Submit_Global_Local_Request" time="0.0" classname="com.mendix.test.MaterialNavScript"/>
  <testcase name="validate_And_Submit_Global_Local_Request" time="0.007" classname="com.mendix.test.MaterialNavScript"/>
  <testcase name="validate_And_Submit_Global_Local_Request" time="0.0" classname="com.mendix.test.MaterialNavScript"/>
  <testcase name="validate_And_Submit_Global_Local_Request" time="0.001" classname="com.mendix.test.MaterialNavScript"/>
  <testcase name="validate_And_Submit_Global_Local_Request" time="0.001" classname="com.mendix.test.MaterialNavScript"/>
  <testcase name="validate_And_Submit_Global_Local_Request" time="0.001" classname="com.mendix.test.MaterialNavScript"/>
  <testcase name="validate_And_Submit_Global_Local_Request" time="0.001" classname="com.mendix.test.MaterialNavScript"/>
  <testcase name="Material_Create_Syndication_Check" time="0.0" classname="com.mendix.test.MaterialNavScript">
    <ignored/>
  </testcase> <!-- Material_Create_Syndication_Check -->
  <testcase name="Create_Material_Rejections_with_Discard_Change_Nav" time="0.0" classname="com.mendix.test.MaterialNavScript">
    <ignored/>
  </testcase> <!-- Create_Material_Rejections_with_Discard_Change_Nav -->
  <testcase name="Material_Create_Review_Local_Data_Reject_LDS" time="0.0" classname="com.mendix.test.MaterialNavScript">
    <ignored/>
  </testcase> <!-- Material_Create_Review_Local_Data_Reject_LDS -->
  <testcase name="material_Submit_Global_And_Local_Requests" time="0.0" classname="com.mendix.test.MaterialNavScript">
    <ignored/>
  </testcase> <!-- material_Submit_Global_And_Local_Requests -->
  <testcase name="Process_Information_Check_Local_Extension" time="0.0" classname="com.mendix.test.MaterialNavScript">
    <ignored/>
  </testcase> <!-- Process_Information_Check_Local_Extension -->
  <testcase name="Material_Create_Review_Global_Data_Approve_GDA" time="0.0" classname="com.mendix.test.MaterialNavScript">
    <ignored/>
  </testcase> <!-- Material_Create_Review_Global_Data_Approve_GDA -->
  <testcase name="Material_Global_LocalData_Submit_LDR" time="0.0" classname="com.mendix.test.MaterialNavScript">
    <ignored/>
  </testcase> <!-- Material_Global_LocalData_Submit_LDR -->
  <testcase name="Material_Create_Review_Global_Data_Approve_LBDA" time="0.0" classname="com.mendix.test.MaterialNavScript">
    <ignored/>
  </testcase> <!-- Material_Create_Review_Global_Data_Approve_LBDA -->
  <testcase name="Process_Information_Check_Local_Reject_Status_LDS" time="0.0" classname="com.mendix.test.MaterialNavScript">
    <ignored/>
  </testcase> <!-- Process_Information_Check_Local_Reject_Status_LDS -->
  <testcase name="Material_Create_Fill_In_Data_JDE_Planning" time="0.0" classname="com.mendix.test.MaterialNavScript">
    <ignored/>
  </testcase> <!-- Material_Create_Fill_In_Data_JDE_Planning -->
  <testcase name="Material_BankData_Submit_LDR" time="0.0" classname="com.mendix.test.MaterialNavScript">
    <ignored/>
  </testcase> <!-- Material_BankData_Submit_LDR -->
  <testcase name="material_Flag_For_Deletion_Syndication_Check_GlobalId" time="0.0" classname="com.mendix.test.MaterialNavScript">
    <ignored/>
  </testcase> <!-- material_Flag_For_Deletion_Syndication_Check_GlobalId -->
  <testcase name="Material_Create_Fill_In_Data" time="0.0" classname="com.mendix.test.MaterialNavScript">
    <ignored/>
  </testcase> <!-- Material_Create_Fill_In_Data -->
  <testcase name="Material_Create_Review_Bank_Data_Reject_LDS" time="0.0" classname="com.mendix.test.MaterialNavScript">
    <ignored/>
  </testcase> <!-- Material_Create_Review_Bank_Data_Reject_LDS -->
  <testcase name="Material_Create_Fill_In_Data_JDE_Finance" time="0.0" classname="com.mendix.test.MaterialNavScript">
    <ignored/>
  </testcase> <!-- Material_Create_Fill_In_Data_JDE_Finance -->
  <testcase name="Process_Information_Check_Global" time="0.0" classname="com.mendix.test.MaterialNavScript">
    <ignored/>
  </testcase> <!-- Process_Information_Check_Global -->
  <testcase name="Material_LocalGlobal_Submit_LDR" time="0.0" classname="com.mendix.test.MaterialNavScript">
    <ignored/>
  </testcase> <!-- Material_LocalGlobal_Submit_LDR -->
  <testcase name="Material_LocalData_Submit_LDR" time="0.0" classname="com.mendix.test.MaterialNavScript">
    <ignored/>
  </testcase> <!-- Material_LocalData_Submit_LDR -->
  <testcase name="Material_Create_Review_Global_Data_Approve_LDS" time="0.0" classname="com.mendix.test.MaterialNavScript">
    <ignored/>
  </testcase> <!-- Material_Create_Review_Global_Data_Approve_LDS -->
  <testcase name="Material_Create_Fill_In_Data_JDE_Site" time="0.0" classname="com.mendix.test.MaterialNavScript">
    <ignored/>
  </testcase> <!-- Material_Create_Fill_In_Data_JDE_Site -->
  <testcase name="material_Local_Finance_Data_Fill_In_For_Change_Nav" time="0.0" classname="com.mendix.test.MaterialNavScript">
    <ignored/>
  </testcase> <!-- material_Local_Finance_Data_Fill_In_For_Change_Nav -->
  <testcase name="happy_Flag_Deletion_Nav" time="0.0" classname="com.mendix.test.MaterialNavScript">
    <ignored/>
  </testcase> <!-- happy_Flag_Deletion_Nav -->
  <testcase name="material_Confirm_Extension" time="0.0" classname="com.mendix.test.MaterialNavScript">
    <ignored/>
  </testcase> <!-- material_Confirm_Extension -->
  <testcase name="material_Create_Fill_In_Data_Nav_Local_Site" time="0.0" classname="com.mendix.test.MaterialNavScript">
    <ignored/>
  </testcase> <!-- material_Create_Fill_In_Data_Nav_Local_Site -->
  <testcase name="material_Local_Plant_Data_Fill_In_For_Change_Nav" time="0.0" classname="com.mendix.test.MaterialNavScript">
    <ignored/>
  </testcase> <!-- material_Local_Plant_Data_Fill_In_For_Change_Nav -->
  <testcase name="Process_Information_Check_Local" time="0.0" classname="com.mendix.test.MaterialNavScript">
    <ignored/>
  </testcase> <!-- Process_Information_Check_Local -->
  <testcase name="Process_Information_Check_GlobalID" time="0.0" classname="com.mendix.test.MaterialNavScript">
    <ignored/>
  </testcase> <!-- Process_Information_Check_GlobalID -->
</testsuite> <!-- Material_Create_Fill_In_Data_Local_NAV -->
