<?xml version="1.0" encoding="UTF-8"?>
<!-- Generated by org.testng.reporters.JUnitXMLReporter -->
<testsuite hostname="ykuntala" ignored="45" name="Material_Create_Fill in questionnaire" tests="1" failures="0" timestamp="18 Jun 2019 09:48:18 GMT" time="107.062" errors="0">
  <testcase name="Material_Create_Fill_In_Questionnaire" time="107.059" classname="com.mendix.test.MaterialScript"/>
  <testcase name="Process_Information_Check_LDRInitiator" time="0.0" classname="com.mendix.test.MaterialScript">
    <ignored/>
  </testcase> <!-- Process_Information_Check_LDRInitiator -->
  <testcase name="material_Create_With_ref_Global_and_Local_Nav" time="0.0" classname="com.mendix.test.MaterialScript">
    <ignored/>
  </testcase> <!-- material_Create_With_ref_Global_and_Local_Nav -->
  <testcase name="Material_Create_Validate_Submit_Check" time="0.0" classname="com.mendix.test.MaterialScript">
    <ignored/>
  </testcase> <!-- Material_Create_Validate_Submit_Check -->
  <testcase name="Material_Data_With_Reject_GDA" time="0.0" classname="com.mendix.test.MaterialScript">
    <ignored/>
  </testcase> <!-- Material_Data_With_Reject_GDA -->
  <testcase name="Material_Create_Validate_Submit_Save_Check" time="0.0" classname="com.mendix.test.MaterialScript">
    <ignored/>
  </testcase> <!-- Material_Create_Validate_Submit_Save_Check -->
  <testcase name="launchUFT_JDE_Material" time="0.0" classname="com.mendix.test.MaterialScript">
    <ignored/>
  </testcase> <!-- launchUFT_JDE_Material -->
  <testcase name="material_Global_Data_Edit_Nav" time="0.0" classname="com.mendix.test.MaterialScript">
    <ignored/>
  </testcase> <!-- material_Global_Data_Edit_Nav -->
  <testcase name="material_Resubmit_To_Global_Approval" time="0.0" classname="com.mendix.test.MaterialScript">
    <ignored/>
  </testcase> <!-- material_Resubmit_To_Global_Approval -->
  <testcase name="launchUFT_SAP_Material" time="0.0" classname="com.mendix.test.MaterialScript">
    <ignored/>
  </testcase> <!-- launchUFT_SAP_Material -->
  <testcase name="Material_Extend_Syndication_Check" time="0.0" classname="com.mendix.test.MaterialScript">
    <ignored/>
  </testcase> <!-- Material_Extend_Syndication_Check -->
  <testcase name="Process_Information_Check_Discard" time="0.0" classname="com.mendix.test.MaterialScript">
    <ignored/>
  </testcase> <!-- Process_Information_Check_Discard -->
  <testcase name="material_Create_With_ref_Local_Data_Edit_Nav" time="0.0" classname="com.mendix.test.MaterialScript">
    <ignored/>
  </testcase> <!-- material_Create_With_ref_Local_Data_Edit_Nav -->
  <testcase name="Material_Create_Review_Global_Data_Approve_GBDA" time="0.0" classname="com.mendix.test.MaterialScript">
    <ignored/>
  </testcase> <!-- Material_Create_Review_Global_Data_Approve_GBDA -->
  <testcase name="material_Resubmit_To_Global_Approval_Extend" time="0.0" classname="com.mendix.test.MaterialScript">
    <ignored/>
  </testcase> <!-- material_Resubmit_To_Global_Approval_Extend -->
  <testcase name="Material_Create_Fill_In_Data_Save_as_draft" time="0.0" classname="com.mendix.test.MaterialScript">
    <ignored/>
  </testcase> <!-- Material_Create_Fill_In_Data_Save_as_draft -->
  <testcase name="navigate_To_MDM_Workflow" time="0.0" classname="com.mendix.test.MaterialScript">
    <ignored/>
  </testcase> <!-- navigate_To_MDM_Workflow -->
  <testcase name="material_Data_Extend_NAV" time="0.0" classname="com.mendix.test.MaterialScript">
    <ignored/>
  </testcase> <!-- material_Data_Extend_NAV -->
  <testcase name="Material_Save_As_Draft_Data_SubmitRequest_LDR" time="0.0" classname="com.mendix.test.MaterialScript">
    <ignored/>
  </testcase> <!-- Material_Save_As_Draft_Data_SubmitRequest_LDR -->
  <testcase name="material_Create_Local_Data_Approve_LDP_NAV" time="0.0" classname="com.mendix.test.MaterialScript">
    <ignored/>
  </testcase> <!-- material_Create_Local_Data_Approve_LDP_NAV -->
  <testcase name="Material_Create_Fill_in_Data_Save_as_Draft_Submit" time="0.0" classname="com.mendix.test.MaterialScript">
    <ignored/>
  </testcase> <!-- Material_Create_Fill_in_Data_Save_as_Draft_Submit -->
  <testcase name="material_Create_With_ref_Edit_Nav" time="0.0" classname="com.mendix.test.MaterialScript">
    <ignored/>
  </testcase> <!-- material_Create_With_ref_Edit_Nav -->
  <testcase name="Create_Material_Rejections_with_Discard" time="0.0" classname="com.mendix.test.MaterialScript">
    <ignored/>
  </testcase> <!-- Create_Material_Rejections_with_Discard -->
  <testcase name="Process_Information_Check_FlagDeletion" time="0.0" classname="com.mendix.test.MaterialScript">
    <ignored/>
  </testcase> <!-- Process_Information_Check_FlagDeletion -->
  <testcase name="material_Create_Review_Global_Data_Approve_GBDA_NAV" time="0.0" classname="com.mendix.test.MaterialScript">
    <ignored/>
  </testcase> <!-- material_Create_Review_Global_Data_Approve_GBDA_NAV -->
  <testcase name="Material_Create_Review_Global_Data_Approve_GDA_Duplicate" time="0.0" classname="com.mendix.test.MaterialScript">
    <ignored/>
  </testcase> <!-- Material_Create_Review_Global_Data_Approve_GDA_Duplicate -->
  <testcase name="Material_Data_Extend" time="0.0" classname="com.mendix.test.MaterialScript">
    <ignored/>
  </testcase> <!-- Material_Data_Extend -->
  <testcase name="Material_Direct_Copy_With_References" time="0.0" classname="com.mendix.test.MaterialScript">
    <ignored/>
  </testcase> <!-- Material_Direct_Copy_With_References -->
  <testcase name="Process_Information_Check" time="0.0" classname="com.mendix.test.MaterialScript">
    <ignored/>
  </testcase> <!-- Process_Information_Check -->
  <testcase name="material_Reject_LDS" time="0.0" classname="com.mendix.test.MaterialScript">
    <ignored/>
  </testcase> <!-- material_Reject_LDS -->
  <testcase name="Happy_Flag_Deletion" time="0.0" classname="com.mendix.test.MaterialScript">
    <ignored/>
  </testcase> <!-- Happy_Flag_Deletion -->
  <testcase name="Material_Create_Syndication_Check" time="0.0" classname="com.mendix.test.MaterialScript">
    <ignored/>
  </testcase> <!-- Material_Create_Syndication_Check -->
  <testcase name="launchUFT_NAV_Material" time="0.0" classname="com.mendix.test.MaterialScript">
    <ignored/>
  </testcase> <!-- launchUFT_NAV_Material -->
  <testcase name="material_Create_Syndication_Check_GlobalId" time="0.0" classname="com.mendix.test.MaterialScript">
    <ignored/>
  </testcase> <!-- material_Create_Syndication_Check_GlobalId -->
  <testcase name="Material_Create_Review_Global_Data_Approve_LBDA" time="0.0" classname="com.mendix.test.MaterialScript">
    <ignored/>
  </testcase> <!-- Material_Create_Review_Global_Data_Approve_LBDA -->
  <testcase name="Create_Material_Rejections_with_Discard_Local" time="0.0" classname="com.mendix.test.MaterialScript">
    <ignored/>
  </testcase> <!-- Create_Material_Rejections_with_Discard_Local -->
  <testcase name="Material_Create_Review_Global_Data_Approve_GDA" time="0.0" classname="com.mendix.test.MaterialScript">
    <ignored/>
  </testcase> <!-- Material_Create_Review_Global_Data_Approve_GDA -->
  <testcase name="Material_Create_Fill_In_Data_Reject" time="0.0" classname="com.mendix.test.MaterialScript">
    <ignored/>
  </testcase> <!-- Material_Create_Fill_In_Data_Reject -->
  <testcase name="Material_Reject_LBDA" time="0.0" classname="com.mendix.test.MaterialScript">
    <ignored/>
  </testcase> <!-- Material_Reject_LBDA -->
  <testcase name="Global_Lock_Validation" time="0.0" classname="com.mendix.test.MaterialScript">
    <ignored/>
  </testcase> <!-- Global_Lock_Validation -->
  <testcase name="Material_Create_Fill_In_Data" time="0.0" classname="com.mendix.test.MaterialScript">
    <ignored/>
  </testcase> <!-- Material_Create_Fill_In_Data -->
  <testcase name="material_Create_Review_Local_Data_Approve_LDS" time="0.0" classname="com.mendix.test.MaterialScript">
    <ignored/>
  </testcase> <!-- material_Create_Review_Local_Data_Approve_LDS -->
  <testcase name="process_Information_Check_GlobalID_Extend" time="0.0" classname="com.mendix.test.MaterialScript">
    <ignored/>
  </testcase> <!-- process_Information_Check_GlobalID_Extend -->
  <testcase name="material_Resubmit_To_Local_Approval" time="0.0" classname="com.mendix.test.MaterialScript">
    <ignored/>
  </testcase> <!-- material_Resubmit_To_Local_Approval -->
  <testcase name="Material_Reject_GDA" time="0.0" classname="com.mendix.test.MaterialScript">
    <ignored/>
  </testcase> <!-- Material_Reject_GDA -->
  <testcase name="Material_Create_Review_Global_Data_Approve_LDP_NAV" time="0.0" classname="com.mendix.test.MaterialScript">
    <ignored/>
  </testcase> <!-- Material_Create_Review_Global_Data_Approve_LDP_NAV -->
</testsuite> <!-- Material_Create_Fill in questionnaire -->
