<?xml version="1.0" encoding="UTF-8"?>
<!-- Generated by org.testng.reporters.JUnitXMLReporter -->
<testsuite hostname="IBM141-PC0F1FB8" ignored="9" name="Vendor_Create_Fill_In_Data_JDE" tests="2" failures="2" timestamp="12 Jun 2019 10:43:53 GMT" time="0.01" errors="0">
  <testcase name="Vendor_Create_Fill_In_Data_JDE_Local_Purchasing" time="0.0" classname="com.mendix.test.Vendor_JDE_Script">
    <failure type="org.testng.TestNGException" message="
Method public void com.mendix.test.Vendor_JDE_Script.Vendor_Create_Fill_In_Data_JDE_Local_Purchasing(java.util.Map) throws java.lang.InterruptedException,java.io.FileNotFoundException,java.io.IOException,java.awt.AWTException requires a @DataProvider named : Vendor_Create_Global_Disable_Bank_and_LocalData in class com.mendix.util.DataProviderUtil$staticProviderClass">
      <![CDATA[org.testng.TestNGException: 
Method public void com.mendix.test.Vendor_JDE_Script.Vendor_Create_Fill_In_Data_JDE_Local_Purchasing(java.util.Map) throws java.lang.InterruptedException,java.io.FileNotFoundException,java.io.IOException,java.awt.AWTException requires a @DataProvider named : Vendor_Create_Global_Disable_Bank_and_LocalData in class com.mendix.util.DataProviderUtil$staticProviderClass
... Removed 22 stack frames]]>
    </failure>
  </testcase> <!-- Vendor_Create_Fill_In_Data_JDE_Local_Purchasing -->
  <testcase name="Vendor_Create_Fill_In_Data_JDE_Local_Finance" time="0.0" classname="com.mendix.test.Vendor_JDE_Script">
    <failure type="org.testng.TestNGException" message="
Method public void com.mendix.test.Vendor_JDE_Script.Vendor_Create_Fill_In_Data_JDE_Local_Finance(java.util.Map) throws java.lang.InterruptedException,java.io.FileNotFoundException,java.io.IOException,java.awt.AWTException requires a @DataProvider named : Vendor_Create_Global_Disable_Bank_and_LocalData in class com.mendix.util.DataProviderUtil$staticProviderClass">
      <![CDATA[org.testng.TestNGException: 
Method public void com.mendix.test.Vendor_JDE_Script.Vendor_Create_Fill_In_Data_JDE_Local_Finance(java.util.Map) throws java.lang.InterruptedException,java.io.FileNotFoundException,java.io.IOException,java.awt.AWTException requires a @DataProvider named : Vendor_Create_Global_Disable_Bank_and_LocalData in class com.mendix.util.DataProviderUtil$staticProviderClass
... Removed 22 stack frames]]>
    </failure>
  </testcase> <!-- Vendor_Create_Fill_In_Data_JDE_Local_Finance -->
  <testcase name="Vendor_Extend_Create_Fill_In_Data_JDE_Local_Purchasing" time="0.0" classname="com.mendix.test.Vendor_JDE_Script">
    <ignored/>
  </testcase> <!-- Vendor_Extend_Create_Fill_In_Data_JDE_Local_Purchasing -->
  <testcase name="Vendor_Change_Fill_In_Data_JDE_Local_Purchasing" time="0.0" classname="com.mendix.test.Vendor_JDE_Script">
    <ignored/>
  </testcase> <!-- Vendor_Change_Fill_In_Data_JDE_Local_Purchasing -->
  <testcase name="Vendor_Create_Fill_In_Data_Bank_Local" time="0.0" classname="com.mendix.test.Vendor_JDE_Script">
    <ignored/>
  </testcase> <!-- Vendor_Create_Fill_In_Data_Bank_Local -->
  <testcase name="Vendor_Change_Fill_In_Data_JDE_Local_Finance" time="0.0" classname="com.mendix.test.Vendor_JDE_Script">
    <ignored/>
  </testcase> <!-- Vendor_Change_Fill_In_Data_JDE_Local_Finance -->
  <testcase name="Vendor_Extend_Create_Fill_In_Data_JDE_Local_Finance" time="0.0" classname="com.mendix.test.Vendor_JDE_Script">
    <ignored/>
  </testcase> <!-- Vendor_Extend_Create_Fill_In_Data_JDE_Local_Finance -->
  <testcase name="vendor_Extend_Fill_In_Data_JDE_Local_Purchasing" time="0.0" classname="com.mendix.test.Vendor_JDE_Script">
    <ignored/>
  </testcase> <!-- vendor_Extend_Fill_In_Data_JDE_Local_Purchasing -->
  <testcase name="Vendor_Create_Review_Global_Data_Reject_LDS" time="0.0" classname="com.mendix.test.Vendor_JDE_Script">
    <ignored/>
  </testcase> <!-- Vendor_Create_Review_Global_Data_Reject_LDS -->
  <testcase name="vendor_Extend_Fill_In_Data_JDE_Local_Finance" time="0.0" classname="com.mendix.test.Vendor_JDE_Script">
    <ignored/>
  </testcase> <!-- vendor_Extend_Fill_In_Data_JDE_Local_Finance -->
  <testcase name="Vendor_Create_Review_Global_Data_Reject_Discard_LDR" time="0.0" classname="com.mendix.test.Vendor_JDE_Script">
    <ignored/>
  </testcase> <!-- Vendor_Create_Review_Global_Data_Reject_Discard_LDR -->
</testsuite> <!-- Vendor_Create_Fill_In_Data_JDE -->
