<?xml version="1.0" encoding="UTF-8"?>
<testng-results skipped="0" failed="2" ignored="280" total="1234" passed="952">
  <reporter-output>
  </reporter-output>
  <suite name="6.Change_Vendor_Global_only_with_Rejections.xml" duration-ms="113230" started-at="2019-06-19T05:59:48Z" finished-at="2019-06-19T06:01:41Z">
    <groups>
    </groups>
    <test name="HeiPort_Login_LDR" duration-ms="33500" started-at="2019-06-19T05:59:48Z" finished-at="2019-06-19T06:00:21Z">
      <class name="com.mendix.test.LoginScript">
        <test-method status="PASS" signature="printSuiteName(java.util.Map, org.testng.ITestContext)[pri:0, instance:com.mendix.test.LoginScript@1bce4f0a]" name="printSuiteName" duration-ms="17" started-at="2019-06-19T05:59:48Z" data-provider="HeiPort_Login" finished-at="2019-06-19T05:59:48Z">
          <params>
            <param index="0">
              <value>
                <![CDATA[{Sl No=1.0, OpCo=BE01, Test_Case=10.Create_Material_with_Questionnaire_only_Global_with_Rejections_SAP.xml, RequestId=, Global_ID=, Material_Number_AH1=, Material_Number_AE1=, Material Description=, Dependent TC Name=}]]>
              </value>
            </param>
            <param index="1">
              <value>
                <![CDATA[org.testng.TestRunner@64d7b720]]>
              </value>
            </param>
          </params>
          <reporter-output>
          </reporter-output>
        </test-method> <!-- printSuiteName -->
        <test-method status="PASS" signature="printSuiteName(java.util.Map, org.testng.ITestContext)[pri:0, instance:com.mendix.test.LoginScript@1bce4f0a]" name="printSuiteName" duration-ms="9" started-at="2019-06-19T05:59:48Z" data-provider="HeiPort_Login" finished-at="2019-06-19T05:59:48Z">
          <params>
            <param index="0">
              <value>
                <![CDATA[{Sl No=2.0, OpCo=BE01, Test_Case=11.Create_Material_with_Questionnaire_only_Global_with_Rejections_and_Discard_SAP.xml, RequestId=, Global_ID=, Material_Number_AH1=, Material_Number_AE1=, Material Description=, Dependent TC Name=}]]>
              </value>
            </param>
            <param index="1">
              <value>
                <![CDATA[org.testng.TestRunner@64d7b720]]>
              </value>
            </param>
          </params>
          <reporter-output>
          </reporter-output>
        </test-method> <!-- printSuiteName -->
        <test-method status="PASS" signature="printSuiteName(java.util.Map, org.testng.ITestContext)[pri:0, instance:com.mendix.test.LoginScript@1bce4f0a]" name="printSuiteName" duration-ms="9" started-at="2019-06-19T05:59:48Z" data-provider="HeiPort_Login" finished-at="2019-06-19T05:59:48Z">
          <params>
            <param index="0">
              <value>
                <![CDATA[{Sl No=3.0, OpCo=BE01, Test_Case=12.Create Material with Save as Draft only Global_SAP.xml, RequestId=, Global_ID=, Material_Number_AH1=, Material_Number_AE1=, Material Description=, Dependent TC Name=}]]>
              </value>
            </param>
            <param index="1">
              <value>
                <![CDATA[org.testng.TestRunner@64d7b720]]>
              </value>
            </param>
          </params>
          <reporter-output>
          </reporter-output>
        </test-method> <!-- printSuiteName -->
        <test-method status="PASS" signature="printSuiteName(java.util.Map, org.testng.ITestContext)[pri:0, instance:com.mendix.test.LoginScript@1bce4f0a]" name="printSuiteName" duration-ms="10" started-at="2019-06-19T05:59:48Z" data-provider="HeiPort_Login" finished-at="2019-06-19T05:59:48Z">
          <params>
            <param index="0">
              <value>
                <![CDATA[{Sl No=4.0, OpCo=BE01, Test_Case=13.Create Vendor with Questionnaire only Globa Rejections with Discard_SAP.xml, RequestId=, Global_ID=, Material_Number_AH1=, Material_Number_AE1=, Material Description=, Dependent TC Name=}]]>
              </value>
            </param>
            <param index="1">
              <value>
                <![CDATA[org.testng.TestRunner@64d7b720]]>
              </value>
            </param>
          </params>
          <reporter-output>
          </reporter-output>
        </test-method> <!-- printSuiteName -->
        <test-method status="PASS" signature="printSuiteName(java.util.Map, org.testng.ITestContext)[pri:0, instance:com.mendix.test.LoginScript@1bce4f0a]" name="printSuiteName" duration-ms="11" started-at="2019-06-19T05:59:48Z" data-provider="HeiPort_Login" finished-at="2019-06-19T05:59:48Z">
          <params>
            <param index="0">
              <value>
                <![CDATA[{Sl No=5.0, OpCo=BE01, Test_Case=14.Create_Vendor_with_Questionnaire_only_Global_SAP.xml, RequestId=ABC, Global_ID=512374, Material_Number_AH1=abc, Material_Number_AE1=abc, Material Description=abc, Dependent TC Name=abc}]]>
              </value>
            </param>
            <param index="1">
              <value>
                <![CDATA[org.testng.TestRunner@64d7b720]]>
              </value>
            </param>
          </params>
          <reporter-output>
          </reporter-output>
        </test-method> <!-- printSuiteName -->
        <test-method status="PASS" signature="printSuiteName(java.util.Map, org.testng.ITestContext)[pri:0, instance:com.mendix.test.LoginScript@1bce4f0a]" name="printSuiteName" duration-ms="12" started-at="2019-06-19T05:59:48Z" data-provider="HeiPort_Login" finished-at="2019-06-19T05:59:48Z">
          <params>
            <param index="0">
              <value>
                <![CDATA[{Sl No=6.0, OpCo=BE01, Test_Case=15.Create_Vendor_with_Save_as_Draft_only_Global_SAP.xml, RequestId=, Global_ID=, Material_Number_AH1=, Material_Number_AE1=, Material Description=, Dependent TC Name=}]]>
              </value>
            </param>
            <param index="1">
              <value>
                <![CDATA[org.testng.TestRunner@64d7b720]]>
              </value>
            </param>
          </params>
          <reporter-output>
          </reporter-output>
        </test-method> <!-- printSuiteName -->
        <test-method status="PASS" signature="printSuiteName(java.util.Map, org.testng.ITestContext)[pri:0, instance:com.mendix.test.LoginScript@1bce4f0a]" name="printSuiteName" duration-ms="12" started-at="2019-06-19T05:59:48Z" data-provider="HeiPort_Login" finished-at="2019-06-19T05:59:48Z">
          <params>
            <param index="0">
              <value>
                <![CDATA[{Sl No=7.0, OpCo=BE01, Test_Case=16.Create_Vendor_with_Questionnaire_only_Global_with_Rejections_SAP.xml, RequestId=, Global_ID=, Material_Number_AH1=, Material_Number_AE1=, Material Description=, Dependent TC Name=}]]>
              </value>
            </param>
            <param index="1">
              <value>
                <![CDATA[org.testng.TestRunner@64d7b720]]>
              </value>
            </param>
          </params>
          <reporter-output>
          </reporter-output>
        </test-method> <!-- printSuiteName -->
        <test-method status="PASS" signature="printSuiteName(java.util.Map, org.testng.ITestContext)[pri:0, instance:com.mendix.test.LoginScript@1bce4f0a]" name="printSuiteName" duration-ms="26" started-at="2019-06-19T05:59:48Z" data-provider="HeiPort_Login" finished-at="2019-06-19T05:59:48Z">
          <params>
            <param index="0">
              <value>
                <![CDATA[{Sl No=8.0, OpCo=SG04, Test_Case=17.Create_Vendor_with_Questionnaire_with_Global_and_Local_JDE.xml, RequestId=, Global_ID=, Material_Number_AH1=, Material_Number_AE1=, Material Description=, Dependent TC Name=}]]>
              </value>
            </param>
            <param index="1">
              <value>
                <![CDATA[org.testng.TestRunner@64d7b720]]>
              </value>
            </param>
          </params>
          <reporter-output>
          </reporter-output>
        </test-method> <!-- printSuiteName -->
        <test-method status="PASS" signature="printSuiteName(java.util.Map, org.testng.ITestContext)[pri:0, instance:com.mendix.test.LoginScript@1bce4f0a]" name="printSuiteName" duration-ms="11" started-at="2019-06-19T05:59:48Z" data-provider="HeiPort_Login" finished-at="2019-06-19T05:59:48Z">
          <params>
            <param index="0">
              <value>
                <![CDATA[{Sl No=9.0, OpCo=SG04, Test_Case=18.Create_Vendor_Happy Flow Global and Local with Rejections_JDE.xml, RequestId=, Global_ID=, Material_Number_AH1=, Material_Number_AE1=, Material Description=, Dependent TC Name=}]]>
              </value>
            </param>
            <param index="1">
              <value>
                <![CDATA[org.testng.TestRunner@64d7b720]]>
              </value>
            </param>
          </params>
          <reporter-output>
          </reporter-output>
        </test-method> <!-- printSuiteName -->
        <test-method status="PASS" signature="printSuiteName(java.util.Map, org.testng.ITestContext)[pri:0, instance:com.mendix.test.LoginScript@1bce4f0a]" name="printSuiteName" duration-ms="9" started-at="2019-06-19T05:59:48Z" data-provider="HeiPort_Login" finished-at="2019-06-19T05:59:48Z">
          <params>
            <param index="0">
              <value>
                <![CDATA[{Sl No=10.0, OpCo=SG04, Test_Case=19.Create_Vendor_with_Questionnaire_with_Global_and_Local_with_Discard _JDE.xml, RequestId=, Global_ID=, Material_Number_AH1=, Material_Number_AE1=, Material Description=, Dependent TC Name=}]]>
              </value>
            </param>
            <param index="1">
              <value>
                <![CDATA[org.testng.TestRunner@64d7b720]]>
              </value>
            </param>
          </params>
          <reporter-output>
          </reporter-output>
        </test-method> <!-- printSuiteName -->
        <test-method status="PASS" signature="printSuiteName(java.util.Map, org.testng.ITestContext)[pri:0, instance:com.mendix.test.LoginScript@1bce4f0a]" name="printSuiteName" duration-ms="9" started-at="2019-06-19T05:59:48Z" data-provider="HeiPort_Login" finished-at="2019-06-19T05:59:48Z">
          <params>
            <param index="0">
              <value>
                <![CDATA[{Sl No=11.0, OpCo=SG04, Test_Case=20.Create_Vendor_with_Questionnaire_with_Global_and_Local_and_Bank_JDE.xml, RequestId=, Global_ID=, Material_Number_AH1=, Material_Number_AE1=, Material Description=, Dependent TC Name=}]]>
              </value>
            </param>
            <param index="1">
              <value>
                <![CDATA[org.testng.TestRunner@64d7b720]]>
              </value>
            </param>
          </params>
          <reporter-output>
          </reporter-output>
        </test-method> <!-- printSuiteName -->
        <test-method status="PASS" signature="printSuiteName(java.util.Map, org.testng.ITestContext)[pri:0, instance:com.mendix.test.LoginScript@1bce4f0a]" name="printSuiteName" duration-ms="9" started-at="2019-06-19T05:59:48Z" data-provider="HeiPort_Login" finished-at="2019-06-19T05:59:48Z">
          <params>
            <param index="0">
              <value>
                <![CDATA[{Sl No=12.0, OpCo=SG04, Test_Case=21.Create_Vendor_with_Questionnaire_with_Global_and_Local_and_Bank_with_Discard_JDE.xml, RequestId=, Global_ID=, Material_Number_AH1=, Material_Number_AE1=, Material Description=, Dependent TC Name=}]]>
              </value>
            </param>
            <param index="1">
              <value>
                <![CDATA[org.testng.TestRunner@64d7b720]]>
              </value>
            </param>
          </params>
          <reporter-output>
          </reporter-output>
        </test-method> <!-- printSuiteName -->
        <test-method status="PASS" signature="printSuiteName(java.util.Map, org.testng.ITestContext)[pri:0, instance:com.mendix.test.LoginScript@1bce4f0a]" name="printSuiteName" duration-ms="28" started-at="2019-06-19T05:59:48Z" data-provider="HeiPort_Login" finished-at="2019-06-19T05:59:48Z">
          <params>
            <param index="0">
              <value>
                <![CDATA[{Sl No=13.0, OpCo=PA01, Test_Case=22.Create_Vendor_with_Questionnaire_with_Global_and_Local_NAV.xml, RequestId=, Global_ID=, Material_Number_AH1=, Material_Number_AE1=, Material Description=, Dependent TC Name=}]]>
              </value>
            </param>
            <param index="1">
              <value>
                <![CDATA[org.testng.TestRunner@64d7b720]]>
              </value>
            </param>
          </params>
          <reporter-output>
          </reporter-output>
        </test-method> <!-- printSuiteName -->
        <test-method status="PASS" signature="printSuiteName(java.util.Map, org.testng.ITestContext)[pri:0, instance:com.mendix.test.LoginScript@1bce4f0a]" name="printSuiteName" duration-ms="9" started-at="2019-06-19T05:59:48Z" data-provider="HeiPort_Login" finished-at="2019-06-19T05:59:48Z">
          <params>
            <param index="0">
              <value>
                <![CDATA[{Sl No=14.0, OpCo=PA01, Test_Case=23.Create_Vendor_with_Questionnaire_with_Global_and_Local_with_Rejections_NAV.xml, RequestId=, Global_ID=, Material_Number_AH1=, Material_Number_AE1=, Material Description=, Dependent TC Name=}]]>
              </value>
            </param>
            <param index="1">
              <value>
                <![CDATA[org.testng.TestRunner@64d7b720]]>
              </value>
            </param>
          </params>
          <reporter-output>
          </reporter-output>
        </test-method> <!-- printSuiteName -->
        <test-method status="PASS" signature="printSuiteName(java.util.Map, org.testng.ITestContext)[pri:0, instance:com.mendix.test.LoginScript@1bce4f0a]" name="printSuiteName" duration-ms="9" started-at="2019-06-19T05:59:50Z" data-provider="HeiPort_Login" finished-at="2019-06-19T05:59:50Z">
          <params>
            <param index="0">
              <value>
                <![CDATA[{Sl No=15.0, OpCo=PA01, Test_Case=24Create_Vendor_with_Questionnaire_with_Global_and_Local_with_Rejections_and_Discard_NAV.xml, RequestId=, Global_ID=, Material_Number_AH1=, Material_Number_AE1=, Material Description=, Dependent TC Name=}]]>
              </value>
            </param>
            <param index="1">
              <value>
                <![CDATA[org.testng.TestRunner@64d7b720]]>
              </value>
            </param>
          </params>
          <reporter-output>
          </reporter-output>
        </test-method> <!-- printSuiteName -->
        <test-method status="PASS" signature="printSuiteName(java.util.Map, org.testng.ITestContext)[pri:0, instance:com.mendix.test.LoginScript@1bce4f0a]" name="printSuiteName" duration-ms="19" started-at="2019-06-19T05:59:50Z" data-provider="HeiPort_Login" finished-at="2019-06-19T05:59:50Z">
          <params>
            <param index="0">
              <value>
                <![CDATA[{Sl No=16.0, OpCo=PA01, Test_Case=25Create_Vendor_with_Questionnaire_with_Global_and_Local_and_Bank_NAV.xml, RequestId=, Global_ID=, Material_Number_AH1=, Material_Number_AE1=, Material Description=, Dependent TC Name=}]]>
              </value>
            </param>
            <param index="1">
              <value>
                <![CDATA[org.testng.TestRunner@64d7b720]]>
              </value>
            </param>
          </params>
          <reporter-output>
          </reporter-output>
        </test-method> <!-- printSuiteName -->
        <test-method status="PASS" signature="printSuiteName(java.util.Map, org.testng.ITestContext)[pri:0, instance:com.mendix.test.LoginScript@1bce4f0a]" name="printSuiteName" duration-ms="13" started-at="2019-06-19T05:59:50Z" data-provider="HeiPort_Login" finished-at="2019-06-19T05:59:50Z">
          <params>
            <param index="0">
              <value>
                <![CDATA[{Sl No=17.0, OpCo=SG04, Test_Case=35Create_Material_SaveAsDraft_JDE.xml, RequestId=, Global_ID=, Material_Number_AH1=, Material_Number_AE1=, Material Description=, Dependent TC Name=}]]>
              </value>
            </param>
            <param index="1">
              <value>
                <![CDATA[org.testng.TestRunner@64d7b720]]>
              </value>
            </param>
          </params>
          <reporter-output>
          </reporter-output>
        </test-method> <!-- printSuiteName -->
        <test-method status="PASS" signature="printSuiteName(java.util.Map, org.testng.ITestContext)[pri:0, instance:com.mendix.test.LoginScript@1bce4f0a]" name="printSuiteName" duration-ms="13" started-at="2019-06-19T05:59:50Z" data-provider="HeiPort_Login" finished-at="2019-06-19T05:59:50Z">
          <params>
            <param index="0">
              <value>
                <![CDATA[{Sl No=18.0, OpCo=SG04, Test_Case=7.Create_Material_Global_and_Local_for_JDE.xml, RequestId=, Global_ID=, Material_Number_AH1=, Material_Number_AE1=, Material Description=, Dependent TC Name=}]]>
              </value>
            </param>
            <param index="1">
              <value>
                <![CDATA[org.testng.TestRunner@64d7b720]]>
              </value>
            </param>
          </params>
          <reporter-output>
          </reporter-output>
        </test-method> <!-- printSuiteName -->
        <test-method status="PASS" signature="printSuiteName(java.util.Map, org.testng.ITestContext)[pri:0, instance:com.mendix.test.LoginScript@1bce4f0a]" name="printSuiteName" duration-ms="10" started-at="2019-06-19T05:59:50Z" data-provider="HeiPort_Login" finished-at="2019-06-19T05:59:50Z">
          <params>
            <param index="0">
              <value>
                <![CDATA[{Sl No=19.0, OpCo=BE01, Test_Case=75Create Material with Questionnaire only Global - SAP Duplicate Found Extend Selected.xml, RequestId=, Global_ID=, Material_Number_AH1=, Material_Number_AE1=, Material Description=, Dependent TC Name=}]]>
              </value>
            </param>
            <param index="1">
              <value>
                <![CDATA[org.testng.TestRunner@64d7b720]]>
              </value>
            </param>
          </params>
          <reporter-output>
          </reporter-output>
        </test-method> <!-- printSuiteName -->
        <test-method status="PASS" signature="printSuiteName(java.util.Map, org.testng.ITestContext)[pri:0, instance:com.mendix.test.LoginScript@1bce4f0a]" name="printSuiteName" duration-ms="28" started-at="2019-06-19T05:59:50Z" data-provider="HeiPort_Login" finished-at="2019-06-19T05:59:50Z">
          <params>
            <param index="0">
              <value>
                <![CDATA[{Sl No=20.0, OpCo=MZCB, Test_Case=8.Create_Material_Global_and_Local_for_nav_Duplicate_not_Found.xml, RequestId=1427396, Global_ID=416678, Material_Number_AH1=, Material_Number_AE1=, Material Description=, Dependent TC Name=}]]>
              </value>
            </param>
            <param index="1">
              <value>
                <![CDATA[org.testng.TestRunner@64d7b720]]>
              </value>
            </param>
          </params>
          <reporter-output>
          </reporter-output>
        </test-method> <!-- printSuiteName -->
        <test-method status="PASS" signature="printSuiteName(java.util.Map, org.testng.ITestContext)[pri:0, instance:com.mendix.test.LoginScript@1bce4f0a]" name="printSuiteName" duration-ms="13" started-at="2019-06-19T05:59:50Z" data-provider="HeiPort_Login" finished-at="2019-06-19T05:59:50Z">
          <params>
            <param index="0">
              <value>
                <![CDATA[{Sl No=21.0, OpCo=BE01, Test_Case=9.Create_Material_with_Questionnaire_only_Global_SAP.xml, RequestId=, Global_ID=, Material_Number_AH1=, Material_Number_AE1=, Material Description=, Dependent TC Name=}]]>
              </value>
            </param>
            <param index="1">
              <value>
                <![CDATA[org.testng.TestRunner@64d7b720]]>
              </value>
            </param>
          </params>
          <reporter-output>
          </reporter-output>
        </test-method> <!-- printSuiteName -->
        <test-method status="PASS" signature="printSuiteName(java.util.Map, org.testng.ITestContext)[pri:0, instance:com.mendix.test.LoginScript@1bce4f0a]" name="printSuiteName" duration-ms="21" started-at="2019-06-19T05:59:50Z" data-provider="HeiPort_Login" finished-at="2019-06-19T05:59:50Z">
          <params>
            <param index="0">
              <value>
                <![CDATA[{Sl No=22.0, OpCo=BE01, Test_Case=97.Create_Vendor_with_Questionnaire_banklocalonly_Global2.xml, RequestId=, Global_ID=, Material_Number_AH1=, Material_Number_AE1=, Material Description=, Dependent TC Name=}]]>
              </value>
            </param>
            <param index="1">
              <value>
                <![CDATA[org.testng.TestRunner@64d7b720]]>
              </value>
            </param>
          </params>
          <reporter-output>
          </reporter-output>
        </test-method> <!-- printSuiteName -->
        <test-method status="PASS" signature="printSuiteName(java.util.Map, org.testng.ITestContext)[pri:0, instance:com.mendix.test.LoginScript@1bce4f0a]" name="printSuiteName" duration-ms="14" started-at="2019-06-19T05:59:50Z" data-provider="HeiPort_Login" finished-at="2019-06-19T05:59:51Z">
          <params>
            <param index="0">
              <value>
                <![CDATA[{Sl No=23.0, OpCo=SG04, Test_Case=108.Create_Material_JDE_with_Questionnaire_Global_And_Local_with_Rejections.xml, RequestId=, Global_ID=, Material_Number_AH1=, Material_Number_AE1=, Material Description=, Dependent TC Name=}]]>
              </value>
            </param>
            <param index="1">
              <value>
                <![CDATA[org.testng.TestRunner@64d7b720]]>
              </value>
            </param>
          </params>
          <reporter-output>
          </reporter-output>
        </test-method> <!-- printSuiteName -->
        <test-method status="PASS" signature="printSuiteName(java.util.Map, org.testng.ITestContext)[pri:0, instance:com.mendix.test.LoginScript@1bce4f0a]" name="printSuiteName" duration-ms="12" started-at="2019-06-19T05:59:51Z" data-provider="HeiPort_Login" finished-at="2019-06-19T05:59:51Z">
          <params>
            <param index="0">
              <value>
                <![CDATA[{Sl No=24.0, OpCo=SG04, Test_Case=109.Create_Material_JDE_with_Questionnaire_Global_And_Local_with_Rejections and Discard.xml, RequestId=, Global_ID=, Material_Number_AH1=, Material_Number_AE1=, Material Description=, Dependent TC Name=}]]>
              </value>
            </param>
            <param index="1">
              <value>
                <![CDATA[org.testng.TestRunner@64d7b720]]>
              </value>
            </param>
          </params>
          <reporter-output>
          </reporter-output>
        </test-method> <!-- printSuiteName -->
        <test-method status="PASS" signature="printSuiteName(java.util.Map, org.testng.ITestContext)[pri:0, instance:com.mendix.test.LoginScript@1bce4f0a]" name="printSuiteName" duration-ms="31" started-at="2019-06-19T05:59:51Z" data-provider="HeiPort_Login" finished-at="2019-06-19T05:59:51Z">
          <params>
            <param index="0">
              <value>
                <![CDATA[{Sl No=25.0, OpCo=BE01, Test_Case=4.Change_vendor_global_&_local_&_Bank.xml, RequestId=97.Create_Vendor_with_Questionnaire_banklocalonly_Global2.xml, Global_ID=, Material_Number_AH1=, Material_Number_AE1=, Material Description=, Dependent TC Name=}]]>
              </value>
            </param>
            <param index="1">
              <value>
                <![CDATA[org.testng.TestRunner@64d7b720]]>
              </value>
            </param>
          </params>
          <reporter-output>
          </reporter-output>
        </test-method> <!-- printSuiteName -->
        <test-method status="PASS" signature="printSuiteName(java.util.Map, org.testng.ITestContext)[pri:0, instance:com.mendix.test.LoginScript@1bce4f0a]" name="printSuiteName" duration-ms="22" started-at="2019-06-19T05:59:51Z" data-provider="HeiPort_Login" finished-at="2019-06-19T05:59:51Z">
          <params>
            <param index="0">
              <value>
                <![CDATA[{Sl No=26.0, OpCo=BE01, Test_Case=5.Change _vendor_global _Only.xml, RequestId=abc, Global_ID=abc, Material_Number_AH1=abc, Material_Number_AE1=abc, Material Description=abc, Dependent TC Name=14.Create_Vendor_with_Questionnaire_only_Global_SAP.xml}]]>
              </value>
            </param>
            <param index="1">
              <value>
                <![CDATA[org.testng.TestRunner@64d7b720]]>
              </value>
            </param>
          </params>
          <reporter-output>
          </reporter-output>
        </test-method> <!-- printSuiteName -->
        <test-method status="PASS" signature="printSuiteName(java.util.Map, org.testng.ITestContext)[pri:0, instance:com.mendix.test.LoginScript@1bce4f0a]" name="printSuiteName" duration-ms="22" started-at="2019-06-19T05:59:51Z" data-provider="HeiPort_Login" finished-at="2019-06-19T05:59:51Z">
          <params>
            <param index="0">
              <value>
                <![CDATA[{Sl No=27.0, OpCo=BE01, Test_Case=6.Change_Vendor_Global_only_with_Rejections.xml, RequestId=abc, Global_ID=abc, Material_Number_AH1=abc, Material_Number_AE1=abc, Material Description=abc, Dependent TC Name=14.Create_Vendor_with_Questionnaire_only_Global_SAP.xml}]]>
              </value>
            </param>
            <param index="1">
              <value>
                <![CDATA[org.testng.TestRunner@64d7b720]]>
              </value>
            </param>
          </params>
          <reporter-output>
          </reporter-output>
        </test-method> <!-- printSuiteName -->
        <test-method status="PASS" signature="printSuiteName(java.util.Map, org.testng.ITestContext)[pri:0, instance:com.mendix.test.LoginScript@1bce4f0a]" name="printSuiteName" duration-ms="20" started-at="2019-06-19T05:59:51Z" data-provider="HeiPort_Login" finished-at="2019-06-19T05:59:51Z">
          <params>
            <param index="0">
              <value>
                <![CDATA[{Sl No=28.0, OpCo=PA01, Test_Case=86Change Vendor global and local NAV.xml, RequestId=22.Create_Vendor_with_Questionnaire_with_Global_and_Local_NAV.xml, Global_ID=, Material_Number_AH1=, Material_Number_AE1=, Material Description=, Dependent TC Name=}]]>
              </value>
            </param>
            <param index="1">
              <value>
                <![CDATA[org.testng.TestRunner@64d7b720]]>
              </value>
            </param>
          </params>
          <reporter-output>
          </reporter-output>
        </test-method> <!-- printSuiteName -->
        <test-method status="PASS" signature="printSuiteName(java.util.Map, org.testng.ITestContext)[pri:0, instance:com.mendix.test.LoginScript@1bce4f0a]" name="printSuiteName" duration-ms="37" started-at="2019-06-19T05:59:51Z" data-provider="HeiPort_Login" finished-at="2019-06-19T05:59:51Z">
          <params>
            <param index="0">
              <value>
                <![CDATA[{Sl No=29.0, OpCo=PA01, Test_Case=87Change Vendor global and local with Rejections and Discard NAV.xml, RequestId=22.Create_Vendor_with_Questionnaire_with_Global_and_Local_NAV.xml, Global_ID=, Material_Number_AH1=, Material_Number_AE1=, Material Description=, Dependent TC Name=}]]>
              </value>
            </param>
            <param index="1">
              <value>
                <![CDATA[org.testng.TestRunner@64d7b720]]>
              </value>
            </param>
          </params>
          <reporter-output>
          </reporter-output>
        </test-method> <!-- printSuiteName -->
        <test-method status="PASS" signature="printSuiteName(java.util.Map, org.testng.ITestContext)[pri:0, instance:com.mendix.test.LoginScript@1bce4f0a]" name="printSuiteName" duration-ms="32" started-at="2019-06-19T05:59:51Z" data-provider="HeiPort_Login" finished-at="2019-06-19T05:59:51Z">
          <params>
            <param index="0">
              <value>
                <![CDATA[{Sl No=30.0, OpCo=SG04, Test_Case=91.Change_Vendor_global local_JDE.xml, RequestId=17.Create_Vendor_with_Questionnaire_with_Global_and_Local_JDE.xml, Global_ID=, Material_Number_AH1=, Material_Number_AE1=, Material Description=, Dependent TC Name=}]]>
              </value>
            </param>
            <param index="1">
              <value>
                <![CDATA[org.testng.TestRunner@64d7b720]]>
              </value>
            </param>
          </params>
          <reporter-output>
          </reporter-output>
        </test-method> <!-- printSuiteName -->
        <test-method status="PASS" signature="printSuiteName(java.util.Map, org.testng.ITestContext)[pri:0, instance:com.mendix.test.LoginScript@1bce4f0a]" name="printSuiteName" duration-ms="19" started-at="2019-06-19T05:59:51Z" data-provider="HeiPort_Login" finished-at="2019-06-19T05:59:51Z">
          <params>
            <param index="0">
              <value>
                <![CDATA[{Sl No=31.0, OpCo=SG04, Test_Case=98.Change_Vendor_Happy Flow Global and Local with Rejections_JDE.xml, RequestId=17.Create_Vendor_with_Questionnaire_with_Global_and_Local_JDE.xml, Global_ID=, Material_Number_AH1=, Material_Number_AE1=, Material Description=, Dependent TC Name=}]]>
              </value>
            </param>
            <param index="1">
              <value>
                <![CDATA[org.testng.TestRunner@64d7b720]]>
              </value>
            </param>
          </params>
          <reporter-output>
          </reporter-output>
        </test-method> <!-- printSuiteName -->
        <test-method status="PASS" signature="printSuiteName(java.util.Map, org.testng.ITestContext)[pri:0, instance:com.mendix.test.LoginScript@1bce4f0a]" name="printSuiteName" duration-ms="39" started-at="2019-06-19T05:59:51Z" data-provider="HeiPort_Login" finished-at="2019-06-19T05:59:51Z">
          <params>
            <param index="0">
              <value>
                <![CDATA[{Sl No=32.0, OpCo=BE01, Test_Case=55Vendor_Extend_Global_only_for_SAP.xml, RequestId=14.Create_Vendor_with_Questionnaire_only_Global_SAP.xml, Global_ID=, Material_Number_AH1=, Material_Number_AE1=, Material Description=, Dependent TC Name=}]]>
              </value>
            </param>
            <param index="1">
              <value>
                <![CDATA[org.testng.TestRunner@64d7b720]]>
              </value>
            </param>
          </params>
          <reporter-output>
          </reporter-output>
        </test-method> <!-- printSuiteName -->
        <test-method status="PASS" signature="printSuiteName(java.util.Map, org.testng.ITestContext)[pri:0, instance:com.mendix.test.LoginScript@1bce4f0a]" name="printSuiteName" duration-ms="23" started-at="2019-06-19T05:59:51Z" data-provider="HeiPort_Login" finished-at="2019-06-19T05:59:51Z">
          <params>
            <param index="0">
              <value>
                <![CDATA[{Sl No=33.0, OpCo=MZCB, Test_Case=58Extend Vendor Global, Local NAV(Diff. Target System local data adding).xml, RequestId=22.Create_Vendor_with_Questionnaire_with_Global_and_Local_NAV.xml, Global_ID=, Material_Number_AH1=, Material_Number_AE1=, Material Description=, Dependent TC Name=}]]>
              </value>
            </param>
            <param index="1">
              <value>
                <![CDATA[org.testng.TestRunner@64d7b720]]>
              </value>
            </param>
          </params>
          <reporter-output>
          </reporter-output>
        </test-method> <!-- printSuiteName -->
        <test-method status="PASS" signature="printSuiteName(java.util.Map, org.testng.ITestContext)[pri:0, instance:com.mendix.test.LoginScript@1bce4f0a]" name="printSuiteName" duration-ms="20" started-at="2019-06-19T05:59:51Z" data-provider="HeiPort_Login" finished-at="2019-06-19T05:59:51Z">
          <params>
            <param index="0">
              <value>
                <![CDATA[{Sl No=34.0, OpCo=SG04, Test_Case=59.Extend vendor Global and Local for JDE.xml, RequestId=17.Create_Vendor_with_Questionnaire_with_Global_and_Local_JDE.xml, Global_ID=, Material_Number_AH1=, Material_Number_AE1=, Material Description=, Dependent TC Name=}]]>
              </value>
            </param>
            <param index="1">
              <value>
                <![CDATA[org.testng.TestRunner@64d7b720]]>
              </value>
            </param>
          </params>
          <reporter-output>
          </reporter-output>
        </test-method> <!-- printSuiteName -->
        <test-method status="PASS" signature="printSuiteName(java.util.Map, org.testng.ITestContext)[pri:0, instance:com.mendix.test.LoginScript@1bce4f0a]" name="printSuiteName" duration-ms="97" started-at="2019-06-19T05:59:51Z" data-provider="HeiPort_Login" finished-at="2019-06-19T05:59:51Z">
          <params>
            <param index="0">
              <value>
                <![CDATA[{Sl No=35.0, OpCo=PA01, Test_Case=58Extend Vendor Global, Local NAV(Diff. Target System local data adding).xml, RequestId=22.Create_Vendor_with_Questionnaire_with_Global_and_Local_NAV.xml, Global_ID=, Material_Number_AH1=, Material_Number_AE1=, Material Description=, Dependent TC Name=}]]>
              </value>
            </param>
            <param index="1">
              <value>
                <![CDATA[org.testng.TestRunner@64d7b720]]>
              </value>
            </param>
          </params>
          <reporter-output>
          </reporter-output>
        </test-method> <!-- printSuiteName -->
        <test-method status="PASS" signature="printSuiteName(java.util.Map, org.testng.ITestContext)[pri:0, instance:com.mendix.test.LoginScript@1bce4f0a]" name="printSuiteName" duration-ms="21" started-at="2019-06-19T05:59:51Z" data-provider="HeiPort_Login" finished-at="2019-06-19T05:59:51Z">
          <params>
            <param index="0">
              <value>
                <![CDATA[{Sl No=36.0, OpCo=BE01, Test_Case=68.Vendor_Extend_Global_only_for_SAP.xml, RequestId=14.Create_Vendor_with_Questionnaire_only_Global_SAP.xml, Global_ID=, Material_Number_AH1=, Material_Number_AE1=, Material Description=, Dependent TC Name=}]]>
              </value>
            </param>
            <param index="1">
              <value>
                <![CDATA[org.testng.TestRunner@64d7b720]]>
              </value>
            </param>
          </params>
          <reporter-output>
          </reporter-output>
        </test-method> <!-- printSuiteName -->
        <test-method status="PASS" signature="printSuiteName(java.util.Map, org.testng.ITestContext)[pri:0, instance:com.mendix.test.LoginScript@1bce4f0a]" name="printSuiteName" duration-ms="11" started-at="2019-06-19T05:59:51Z" data-provider="HeiPort_Login" finished-at="2019-06-19T05:59:51Z">
          <params>
            <param index="0">
              <value>
                <![CDATA[{Sl No=37.0, OpCo=SG04, Test_Case=69Extend Vendor Global and Local from  SAP to JDE (With Local data adding).xml, RequestId=14.Create_Vendor_with_Questionnaire_only_Global_SAP.xml, Global_ID=, Material_Number_AH1=, Material_Number_AE1=, Material Description=, Dependent TC Name=}]]>
              </value>
            </param>
            <param index="1">
              <value>
                <![CDATA[org.testng.TestRunner@64d7b720]]>
              </value>
            </param>
          </params>
          <reporter-output>
          </reporter-output>
        </test-method> <!-- printSuiteName -->
        <test-method status="PASS" signature="printSuiteName(java.util.Map, org.testng.ITestContext)[pri:0, instance:com.mendix.test.LoginScript@1bce4f0a]" name="printSuiteName" duration-ms="10" started-at="2019-06-19T05:59:51Z" data-provider="HeiPort_Login" finished-at="2019-06-19T05:59:51Z">
          <params>
            <param index="0">
              <value>
                <![CDATA[{Sl No=38.0, OpCo=PA01, Test_Case=70Extend Vendor Global and Local from SAP to  NAV(With Local data adding).xml, RequestId=14.Create_Vendor_with_Questionnaire_only_Global_SAP.xml, Global_ID=, Material_Number_AH1=, Material_Number_AE1=, Material Description=, Dependent TC Name=}]]>
              </value>
            </param>
            <param index="1">
              <value>
                <![CDATA[org.testng.TestRunner@64d7b720]]>
              </value>
            </param>
          </params>
          <reporter-output>
          </reporter-output>
        </test-method> <!-- printSuiteName -->
        <test-method status="PASS" signature="printSuiteName(java.util.Map, org.testng.ITestContext)[pri:0, instance:com.mendix.test.LoginScript@1bce4f0a]" name="printSuiteName" duration-ms="13" started-at="2019-06-19T05:59:51Z" data-provider="HeiPort_Login" finished-at="2019-06-19T05:59:51Z">
          <params>
            <param index="0">
              <value>
                <![CDATA[{Sl No=39.0, OpCo=BE01, Test_Case=71Extend Vendor Global only with Rejections for SAP any opco to PL.xml, RequestId=14.Create_Vendor_with_Questionnaire_only_Global_SAP.xml, Global_ID=, Material_Number_AH1=, Material_Number_AE1=, Material Description=, Dependent TC Name=}]]>
              </value>
            </param>
            <param index="1">
              <value>
                <![CDATA[org.testng.TestRunner@64d7b720]]>
              </value>
            </param>
          </params>
          <reporter-output>
          </reporter-output>
        </test-method> <!-- printSuiteName -->
        <test-method status="PASS" signature="printSuiteName(java.util.Map, org.testng.ITestContext)[pri:0, instance:com.mendix.test.LoginScript@1bce4f0a]" name="printSuiteName" duration-ms="21" started-at="2019-06-19T05:59:51Z" data-provider="HeiPort_Login" finished-at="2019-06-19T05:59:51Z">
          <params>
            <param index="0">
              <value>
                <![CDATA[{Sl No=40.0, OpCo=BE01, Test_Case=72Extend Vendor Global Only  with Rejections and Discard for SAP (Extend any OpCo to PL) .xml, RequestId=14.Create_Vendor_with_Questionnaire_only_Global_SAP.xml, Global_ID=, Material_Number_AH1=, Material_Number_AE1=, Material Description=, Dependent TC Name=}]]>
              </value>
            </param>
            <param index="1">
              <value>
                <![CDATA[org.testng.TestRunner@64d7b720]]>
              </value>
            </param>
          </params>
          <reporter-output>
          </reporter-output>
        </test-method> <!-- printSuiteName -->
        <test-method status="PASS" signature="printSuiteName(java.util.Map, org.testng.ITestContext)[pri:0, instance:com.mendix.test.LoginScript@1bce4f0a]" name="printSuiteName" duration-ms="63" started-at="2019-06-19T05:59:51Z" data-provider="HeiPort_Login" finished-at="2019-06-19T05:59:51Z">
          <params>
            <param index="0">
              <value>
                <![CDATA[{Sl No=41.0, OpCo=PA01, Test_Case=80Extend Vendor Global and local with Rejections with Discard for NAV (For Algeria to panama).xml, RequestId=22.Create_Vendor_with_Questionnaire_with_Global_and_Local_NAV.xml, Global_ID=, Material_Number_AH1=, Material_Number_AE1=, Material Description=, Dependent TC Name=}]]>
              </value>
            </param>
            <param index="1">
              <value>
                <![CDATA[org.testng.TestRunner@64d7b720]]>
              </value>
            </param>
          </params>
          <reporter-output>
          </reporter-output>
        </test-method> <!-- printSuiteName -->
        <test-method status="PASS" signature="printSuiteName(java.util.Map, org.testng.ITestContext)[pri:0, instance:com.mendix.test.LoginScript@1bce4f0a]" name="printSuiteName" duration-ms="12" started-at="2019-06-19T05:59:51Z" data-provider="HeiPort_Login" finished-at="2019-06-19T05:59:51Z">
          <params>
            <param index="0">
              <value>
                <![CDATA[{Sl No=42.0, OpCo=PA01, Test_Case=81Extend vendor Global and Local nav from DZ to PA with Rejections.xml, RequestId=22.Create_Vendor_with_Questionnaire_with_Global_and_Local_NAV.xml, Global_ID=, Material_Number_AH1=, Material_Number_AE1=, Material Description=, Dependent TC Name=}]]>
              </value>
            </param>
            <param index="1">
              <value>
                <![CDATA[org.testng.TestRunner@64d7b720]]>
              </value>
            </param>
          </params>
          <reporter-output>
          </reporter-output>
        </test-method> <!-- printSuiteName -->
        <test-method status="PASS" signature="printSuiteName(java.util.Map, org.testng.ITestContext)[pri:0, instance:com.mendix.test.LoginScript@1bce4f0a]" name="printSuiteName" duration-ms="41" started-at="2019-06-19T05:59:51Z" data-provider="HeiPort_Login" finished-at="2019-06-19T05:59:51Z">
          <params>
            <param index="0">
              <value>
                <![CDATA[{Sl No=43.0, OpCo=SG04, Test_Case=89Extend Vendor Global and Local from  NAV to JDE (With Local data adding).xml, RequestId=22.Create_Vendor_with_Questionnaire_with_Global_and_Local_NAV.xml, Global_ID=, Material_Number_AH1=, Material_Number_AE1=, Material Description=, Dependent TC Name=}]]>
              </value>
            </param>
            <param index="1">
              <value>
                <![CDATA[org.testng.TestRunner@64d7b720]]>
              </value>
            </param>
          </params>
          <reporter-output>
          </reporter-output>
        </test-method> <!-- printSuiteName -->
        <test-method status="PASS" signature="printSuiteName(java.util.Map, org.testng.ITestContext)[pri:0, instance:com.mendix.test.LoginScript@1bce4f0a]" name="printSuiteName" duration-ms="18" started-at="2019-06-19T05:59:51Z" data-provider="HeiPort_Login" finished-at="2019-06-19T05:59:51Z">
          <params>
            <param index="0">
              <value>
                <![CDATA[{Sl No=44.0, OpCo=PA01, Test_Case=90Extend Vendor Global and Local from JDE to  NAV(With Local data adding).xml, RequestId=17.Create_Vendor_with_Questionnaire_with_Global_and_Local_JDE.xml, Global_ID=, Material_Number_AH1=, Material_Number_AE1=, Material Description=, Dependent TC Name=}]]>
              </value>
            </param>
            <param index="1">
              <value>
                <![CDATA[org.testng.TestRunner@64d7b720]]>
              </value>
            </param>
          </params>
          <reporter-output>
          </reporter-output>
        </test-method> <!-- printSuiteName -->
        <test-method status="PASS" signature="printSuiteName(java.util.Map, org.testng.ITestContext)[pri:0, instance:com.mendix.test.LoginScript@1bce4f0a]" name="printSuiteName" duration-ms="11" started-at="2019-06-19T05:59:51Z" data-provider="HeiPort_Login" finished-at="2019-06-19T05:59:51Z">
          <params>
            <param index="0">
              <value>
                <![CDATA[{Sl No=45.0, OpCo=SG04, Test_Case=69Extend Vendor Global and Local from  SAP to JDE (With Local data adding).xml, RequestId=14.Create_Vendor_with_Questionnaire_only_Global_SAP.xml, Global_ID=, Material_Number_AH1=, Material_Number_AE1=, Material Description=, Dependent TC Name=}]]>
              </value>
            </param>
            <param index="1">
              <value>
                <![CDATA[org.testng.TestRunner@64d7b720]]>
              </value>
            </param>
          </params>
          <reporter-output>
          </reporter-output>
        </test-method> <!-- printSuiteName -->
        <test-method status="PASS" signature="printSuiteName(java.util.Map, org.testng.ITestContext)[pri:0, instance:com.mendix.test.LoginScript@1bce4f0a]" name="printSuiteName" duration-ms="15" started-at="2019-06-19T05:59:51Z" data-provider="HeiPort_Login" finished-at="2019-06-19T05:59:51Z">
          <params>
            <param index="0">
              <value>
                <![CDATA[{Sl No=46.0, OpCo=PA01, Test_Case=57ExtendGlobalandorLocalforNAV.xml, RequestId=14.Create_Vendor_with_Questionnaire_only_Global_SAP.xml, Global_ID=, Material_Number_AH1=, Material_Number_AE1=, Material Description=, Dependent TC Name=}]]>
              </value>
            </param>
            <param index="1">
              <value>
                <![CDATA[org.testng.TestRunner@64d7b720]]>
              </value>
            </param>
          </params>
          <reporter-output>
          </reporter-output>
        </test-method> <!-- printSuiteName -->
        <test-method status="PASS" signature="printSuiteName(java.util.Map, org.testng.ITestContext)[pri:0, instance:com.mendix.test.LoginScript@1bce4f0a]" name="printSuiteName" duration-ms="28" started-at="2019-06-19T05:59:51Z" data-provider="HeiPort_Login" finished-at="2019-06-19T05:59:51Z">
          <params>
            <param index="0">
              <value>
                <![CDATA[{Sl No=47.0, OpCo=BE01, Test_Case=60Vendor_Delete_Records_Shared_with_multi_opcos.xml, RequestId=14.Create_Vendor_with_Questionnaire_only_Global_SAP.xml, Global_ID=, Material_Number_AH1=, Material_Number_AE1=, Material Description=, Dependent TC Name=}]]>
              </value>
            </param>
            <param index="1">
              <value>
                <![CDATA[org.testng.TestRunner@64d7b720]]>
              </value>
            </param>
          </params>
          <reporter-output>
          </reporter-output>
        </test-method> <!-- printSuiteName -->
        <test-method status="PASS" signature="printSuiteName(java.util.Map, org.testng.ITestContext)[pri:0, instance:com.mendix.test.LoginScript@1bce4f0a]" name="printSuiteName" duration-ms="31" started-at="2019-06-19T05:59:51Z" data-provider="HeiPort_Login" finished-at="2019-06-19T05:59:51Z">
          <params>
            <param index="0">
              <value>
                <![CDATA[{Sl No=48.0, OpCo=BE01, Test_Case=61Vendor_Happy_Flag_for_deletion.xml, RequestId=14.Create_Vendor_with_Questionnaire_only_Global_SAP.xml, Global_ID=, Material_Number_AH1=, Material_Number_AE1=, Material Description=, Dependent TC Name=}]]>
              </value>
            </param>
            <param index="1">
              <value>
                <![CDATA[org.testng.TestRunner@64d7b720]]>
              </value>
            </param>
          </params>
          <reporter-output>
          </reporter-output>
        </test-method> <!-- printSuiteName -->
        <test-method status="PASS" signature="printSuiteName(java.util.Map, org.testng.ITestContext)[pri:0, instance:com.mendix.test.LoginScript@1bce4f0a]" name="printSuiteName" duration-ms="16" started-at="2019-06-19T05:59:51Z" data-provider="HeiPort_Login" finished-at="2019-06-19T05:59:51Z">
          <params>
            <param index="0">
              <value>
                <![CDATA[{Sl No=49.0, OpCo=BE01, Test_Case=79.Vendor_Happy_with_rejections_discard_flag_for_deletion_SAP.xml, RequestId=14.Create_Vendor_with_Questionnaire_only_Global_SAP.xml, Global_ID=, Material_Number_AH1=, Material_Number_AE1=, Material Description=, Dependent TC Name=}]]>
              </value>
            </param>
            <param index="1">
              <value>
                <![CDATA[org.testng.TestRunner@64d7b720]]>
              </value>
            </param>
          </params>
          <reporter-output>
          </reporter-output>
        </test-method> <!-- printSuiteName -->
        <test-method status="PASS" signature="printSuiteName(java.util.Map, org.testng.ITestContext)[pri:0, instance:com.mendix.test.LoginScript@1bce4f0a]" name="printSuiteName" duration-ms="19" started-at="2019-06-19T05:59:51Z" data-provider="HeiPort_Login" finished-at="2019-06-19T05:59:51Z">
          <params>
            <param index="0">
              <value>
                <![CDATA[{Sl No=50.0, OpCo=SG04, Test_Case=83.Happy Flag for deletion_JDE_Vendor.xml, RequestId=17.Create_Vendor_with_Questionnaire_with_Global_and_Local_JDE.xml, Global_ID=, Material_Number_AH1=, Material_Number_AE1=, Material Description=, Dependent TC Name=}]]>
              </value>
            </param>
            <param index="1">
              <value>
                <![CDATA[org.testng.TestRunner@64d7b720]]>
              </value>
            </param>
          </params>
          <reporter-output>
          </reporter-output>
        </test-method> <!-- printSuiteName -->
        <test-method status="PASS" signature="printSuiteName(java.util.Map, org.testng.ITestContext)[pri:0, instance:com.mendix.test.LoginScript@1bce4f0a]" name="printSuiteName" duration-ms="61" started-at="2019-06-19T05:59:51Z" data-provider="HeiPort_Login" finished-at="2019-06-19T05:59:51Z">
          <params>
            <param index="0">
              <value>
                <![CDATA[{Sl No=51.0, OpCo=PA01, Test_Case=84 Flag for Deletion_Nav_Vendor.xml, RequestId=22.Create_Vendor_with_Questionnaire_with_Global_and_Local_NAV.xml, Global_ID=, Material_Number_AH1=, Material_Number_AE1=, Material Description=, Dependent TC Name=}]]>
              </value>
            </param>
            <param index="1">
              <value>
                <![CDATA[org.testng.TestRunner@64d7b720]]>
              </value>
            </param>
          </params>
          <reporter-output>
          </reporter-output>
        </test-method> <!-- printSuiteName -->
        <test-method status="PASS" signature="printSuiteName(java.util.Map, org.testng.ITestContext)[pri:0, instance:com.mendix.test.LoginScript@1bce4f0a]" name="printSuiteName" duration-ms="32" started-at="2019-06-19T05:59:51Z" data-provider="HeiPort_Login" finished-at="2019-06-19T05:59:51Z">
          <params>
            <param index="0">
              <value>
                <![CDATA[{Sl No=52.0, OpCo=SG04, Test_Case=101.Vendor_Happy_with_rejections_discard_flag_for_deletion_JDE.xml, RequestId=17.Create_Vendor_with_Questionnaire_with_Global_and_Local_JDE.xml, Global_ID=, Material_Number_AH1=, Material_Number_AE1=, Material Description=, Dependent TC Name=}]]>
              </value>
            </param>
            <param index="1">
              <value>
                <![CDATA[org.testng.TestRunner@64d7b720]]>
              </value>
            </param>
          </params>
          <reporter-output>
          </reporter-output>
        </test-method> <!-- printSuiteName -->
        <test-method status="PASS" signature="printSuiteName(java.util.Map, org.testng.ITestContext)[pri:0, instance:com.mendix.test.LoginScript@1bce4f0a]" name="printSuiteName" duration-ms="30" started-at="2019-06-19T05:59:51Z" data-provider="HeiPort_Login" finished-at="2019-06-19T05:59:51Z">
          <params>
            <param index="0">
              <value>
                <![CDATA[{Sl No=53.0, OpCo=SG04, Test_Case=2.Change_Material_global_and_local_JDE.xml, RequestId=7.Create_Material_Global_and_Local_for_JDE.xml, Global_ID=, Material_Number_AH1=, Material_Number_AE1=, Material Description=, Dependent TC Name=}]]>
              </value>
            </param>
            <param index="1">
              <value>
                <![CDATA[org.testng.TestRunner@64d7b720]]>
              </value>
            </param>
          </params>
          <reporter-output>
          </reporter-output>
        </test-method> <!-- printSuiteName -->
        <test-method status="PASS" signature="printSuiteName(java.util.Map, org.testng.ITestContext)[pri:0, instance:com.mendix.test.LoginScript@1bce4f0a]" name="printSuiteName" duration-ms="15" started-at="2019-06-19T05:59:51Z" data-provider="HeiPort_Login" finished-at="2019-06-19T05:59:51Z">
          <params>
            <param index="0">
              <value>
                <![CDATA[{Sl No=54.0, OpCo=PA01, Test_Case=1.Change _Material_global_and_local_for_NAV.xml, RequestId=8.Create_Material_Global_and_Local_for_nav_Duplicate_not_Found.xml, Global_ID=, Material_Number_AH1=, Material_Number_AE1=, Material Description=, Dependent TC Name=}]]>
              </value>
            </param>
            <param index="1">
              <value>
                <![CDATA[org.testng.TestRunner@64d7b720]]>
              </value>
            </param>
          </params>
          <reporter-output>
          </reporter-output>
        </test-method> <!-- printSuiteName -->
        <test-method status="PASS" signature="printSuiteName(java.util.Map, org.testng.ITestContext)[pri:0, instance:com.mendix.test.LoginScript@1bce4f0a]" name="printSuiteName" duration-ms="15" started-at="2019-06-19T05:59:51Z" data-provider="HeiPort_Login" finished-at="2019-06-19T05:59:51Z">
          <params>
            <param index="0">
              <value>
                <![CDATA[{Sl No=55.0, OpCo=BE01, Test_Case=26Change_Material_Global_only_with_Rejections_SAP.xml, RequestId=9.Create_Material_with_Questionnaire_only_Global_SAP.xml, Global_ID=, Material_Number_AH1=, Material_Number_AE1=, Material Description=, Dependent TC Name=}]]>
              </value>
            </param>
            <param index="1">
              <value>
                <![CDATA[org.testng.TestRunner@64d7b720]]>
              </value>
            </param>
          </params>
          <reporter-output>
          </reporter-output>
        </test-method> <!-- printSuiteName -->
        <test-method status="PASS" signature="printSuiteName(java.util.Map, org.testng.ITestContext)[pri:0, instance:com.mendix.test.LoginScript@1bce4f0a]" name="printSuiteName" duration-ms="32" started-at="2019-06-19T05:59:51Z" data-provider="HeiPort_Login" finished-at="2019-06-19T05:59:51Z">
          <params>
            <param index="0">
              <value>
                <![CDATA[{Sl No=56.0, OpCo=BE01, Test_Case=27Change_Material_Global_Only_With_Reject_Discard_SAP.xml, RequestId=9.Create_Material_with_Questionnaire_only_Global_SAP.xml, Global_ID=, Material_Number_AH1=, Material_Number_AE1=, Material Description=, Dependent TC Name=}]]>
              </value>
            </param>
            <param index="1">
              <value>
                <![CDATA[org.testng.TestRunner@64d7b720]]>
              </value>
            </param>
          </params>
          <reporter-output>
          </reporter-output>
        </test-method> <!-- printSuiteName -->
        <test-method status="PASS" signature="printSuiteName(java.util.Map, org.testng.ITestContext)[pri:0, instance:com.mendix.test.LoginScript@1bce4f0a]" name="printSuiteName" duration-ms="32" started-at="2019-06-19T05:59:51Z" data-provider="HeiPort_Login" finished-at="2019-06-19T05:59:51Z">
          <params>
            <param index="0">
              <value>
                <![CDATA[{Sl No=57.0, OpCo=PA01, Test_Case=28Change MaterialGlobal and Local  with Rejections and Discard NAV.xml, RequestId=8.Create_Material_Global_and_Local_for_nav_Duplicate_not_Found.xml, Global_ID=, Material_Number_AH1=, Material_Number_AE1=, Material Description=, Dependent TC Name=}]]>
              </value>
            </param>
            <param index="1">
              <value>
                <![CDATA[org.testng.TestRunner@64d7b720]]>
              </value>
            </param>
          </params>
          <reporter-output>
          </reporter-output>
        </test-method> <!-- printSuiteName -->
        <test-method status="PASS" signature="printSuiteName(java.util.Map, org.testng.ITestContext)[pri:0, instance:com.mendix.test.LoginScript@1bce4f0a]" name="printSuiteName" duration-ms="21" started-at="2019-06-19T05:59:51Z" data-provider="HeiPort_Login" finished-at="2019-06-19T05:59:52Z">
          <params>
            <param index="0">
              <value>
                <![CDATA[{Sl No=58.0, OpCo=SG04, Test_Case=29Change MaterialGlobal and Local  with Rejections and Discard for JDE.xml, RequestId=7.Create_Material_Global_and_Local_for_JDE.xml, Global_ID=, Material_Number_AH1=, Material_Number_AE1=, Material Description=, Dependent TC Name=}]]>
              </value>
            </param>
            <param index="1">
              <value>
                <![CDATA[org.testng.TestRunner@64d7b720]]>
              </value>
            </param>
          </params>
          <reporter-output>
          </reporter-output>
        </test-method> <!-- printSuiteName -->
        <test-method status="PASS" signature="printSuiteName(java.util.Map, org.testng.ITestContext)[pri:0, instance:com.mendix.test.LoginScript@1bce4f0a]" name="printSuiteName" duration-ms="13" started-at="2019-06-19T05:59:52Z" data-provider="HeiPort_Login" finished-at="2019-06-19T05:59:52Z">
          <params>
            <param index="0">
              <value>
                <![CDATA[{Sl No=59.0, OpCo=BE01, Test_Case=3.Change_Material_global_only_SAP.xml, RequestId=9.Create_Material_with_Questionnaire_only_Global_SAP.xml, Global_ID=, Material_Number_AH1=, Material_Number_AE1=, Material Description=, Dependent TC Name=}]]>
              </value>
            </param>
            <param index="1">
              <value>
                <![CDATA[org.testng.TestRunner@64d7b720]]>
              </value>
            </param>
          </params>
          <reporter-output>
          </reporter-output>
        </test-method> <!-- printSuiteName -->
        <test-method status="PASS" signature="printSuiteName(java.util.Map, org.testng.ITestContext)[pri:0, instance:com.mendix.test.LoginScript@1bce4f0a]" name="printSuiteName" duration-ms="35" started-at="2019-06-19T05:59:52Z" data-provider="HeiPort_Login" finished-at="2019-06-19T05:59:52Z">
          <params>
            <param index="0">
              <value>
                <![CDATA[{Sl No=60.0, OpCo=PA01, Test_Case=100Extend Global and Local for NAV.xml, RequestId=8.Create_Material_Global_and_Local_for_nav_Duplicate_not_Found.xml, Global_ID=, Material_Number_AH1=, Material_Number_AE1=, Material Description=, Dependent TC Name=}]]>
              </value>
            </param>
            <param index="1">
              <value>
                <![CDATA[org.testng.TestRunner@64d7b720]]>
              </value>
            </param>
          </params>
          <reporter-output>
          </reporter-output>
        </test-method> <!-- printSuiteName -->
        <test-method status="PASS" signature="printSuiteName(java.util.Map, org.testng.ITestContext)[pri:0, instance:com.mendix.test.LoginScript@1bce4f0a]" name="printSuiteName" duration-ms="25" started-at="2019-06-19T05:59:52Z" data-provider="HeiPort_Login" finished-at="2019-06-19T05:59:52Z">
          <params>
            <param index="0">
              <value>
                <![CDATA[{Sl No=61.0, OpCo=SG04, Test_Case=103Extend Global and Local for NAV to JDE(With Local Data Adding)(PA01 SG04).xml, RequestId=7.Create_Material_Global_and_Local_for_JDE.xml, Global_ID=, Material_Number_AH1=, Material_Number_AE1=, Material Description=, Dependent TC Name=}]]>
              </value>
            </param>
            <param index="1">
              <value>
                <![CDATA[org.testng.TestRunner@64d7b720]]>
              </value>
            </param>
          </params>
          <reporter-output>
          </reporter-output>
        </test-method> <!-- printSuiteName -->
        <test-method status="PASS" signature="printSuiteName(java.util.Map, org.testng.ITestContext)[pri:0, instance:com.mendix.test.LoginScript@1bce4f0a]" name="printSuiteName" duration-ms="18" started-at="2019-06-19T05:59:52Z" data-provider="HeiPort_Login" finished-at="2019-06-19T05:59:52Z">
          <params>
            <param index="0">
              <value>
                <![CDATA[{Sl No=62.0, OpCo=SG04, Test_Case=107Extend material Global and Local for JDE(SG04 to KH01).xml, RequestId=7.Create_Material_Global_and_Local_for_JDE.xml, Global_ID=, Material_Number_AH1=, Material_Number_AE1=, Material Description=, Dependent TC Name=}]]>
              </value>
            </param>
            <param index="1">
              <value>
                <![CDATA[org.testng.TestRunner@64d7b720]]>
              </value>
            </param>
          </params>
          <reporter-output>
          </reporter-output>
        </test-method> <!-- printSuiteName -->
        <test-method status="PASS" signature="printSuiteName(java.util.Map, org.testng.ITestContext)[pri:0, instance:com.mendix.test.LoginScript@1bce4f0a]" name="printSuiteName" duration-ms="15" started-at="2019-06-19T05:59:52Z" data-provider="HeiPort_Login" finished-at="2019-06-19T05:59:52Z">
          <params>
            <param index="0">
              <value>
                <![CDATA[{Sl No=63.0, OpCo=PA01, Test_Case=49Extend Material Global, Local  for JDE  to Nav(Diff. Target System).xml, RequestId=7.Create_Material_Global_and_Local_for_JDE.xml, Global_ID=, Material_Number_AH1=, Material_Number_AE1=, Material Description=, Dependent TC Name=}]]>
              </value>
            </param>
            <param index="1">
              <value>
                <![CDATA[org.testng.TestRunner@64d7b720]]>
              </value>
            </param>
          </params>
          <reporter-output>
          </reporter-output>
        </test-method> <!-- printSuiteName -->
        <test-method status="PASS" signature="printSuiteName(java.util.Map, org.testng.ITestContext)[pri:0, instance:com.mendix.test.LoginScript@1bce4f0a]" name="printSuiteName" duration-ms="41" started-at="2019-06-19T05:59:52Z" data-provider="HeiPort_Login" finished-at="2019-06-19T05:59:52Z">
          <params>
            <param index="0">
              <value>
                <![CDATA[{Sl No=64.0, OpCo=BE01, Test_Case=45Extend same target system - Extend Global for SAP.xml, RequestId=9.Create_Material_with_Questionnaire_only_Global_SAP.xml, Global_ID=, Material_Number_AH1=, Material_Number_AE1=, Material Description=, Dependent TC Name=}]]>
              </value>
            </param>
            <param index="1">
              <value>
                <![CDATA[org.testng.TestRunner@64d7b720]]>
              </value>
            </param>
          </params>
          <reporter-output>
          </reporter-output>
        </test-method> <!-- printSuiteName -->
        <test-method status="PASS" signature="printSuiteName(java.util.Map, org.testng.ITestContext)[pri:0, instance:com.mendix.test.LoginScript@1bce4f0a]" name="printSuiteName" duration-ms="37" started-at="2019-06-19T05:59:52Z" data-provider="HeiPort_Login" finished-at="2019-06-19T05:59:52Z">
          <params>
            <param index="0">
              <value>
                <![CDATA[{Sl No=65.0, OpCo=SG04, Test_Case=46Extend_same_target system - Extend_Global_and_Local_for_Non_SAP JDE.xml, RequestId=7.Create_Material_Global_and_Local_for_JDE.xml, Global_ID=, Material_Number_AH1=, Material_Number_AE1=, Material Description=, Dependent TC Name=}]]>
              </value>
            </param>
            <param index="1">
              <value>
                <![CDATA[org.testng.TestRunner@64d7b720]]>
              </value>
            </param>
          </params>
          <reporter-output>
          </reporter-output>
        </test-method> <!-- printSuiteName -->
        <test-method status="PASS" signature="printSuiteName(java.util.Map, org.testng.ITestContext)[pri:0, instance:com.mendix.test.LoginScript@1bce4f0a]" name="printSuiteName" duration-ms="14" started-at="2019-06-19T05:59:52Z" data-provider="HeiPort_Login" finished-at="2019-06-19T05:59:52Z">
          <params>
            <param index="0">
              <value>
                <![CDATA[{Sl No=66.0, OpCo=BE01, Test_Case=47.Extend Global only for SAP.xml, RequestId=9.Create_Material_with_Questionnaire_only_Global_SAP.xml, Global_ID=, Material_Number_AH1=, Material_Number_AE1=, Material Description=, Dependent TC Name=}]]>
              </value>
            </param>
            <param index="1">
              <value>
                <![CDATA[org.testng.TestRunner@64d7b720]]>
              </value>
            </param>
          </params>
          <reporter-output>
          </reporter-output>
        </test-method> <!-- printSuiteName -->
        <test-method status="PASS" signature="printSuiteName(java.util.Map, org.testng.ITestContext)[pri:0, instance:com.mendix.test.LoginScript@1bce4f0a]" name="printSuiteName" duration-ms="41" started-at="2019-06-19T05:59:52Z" data-provider="HeiPort_Login" finished-at="2019-06-19T05:59:52Z">
          <params>
            <param index="0">
              <value>
                <![CDATA[{Sl No=67.0, OpCo=SG04, Test_Case=65Extend Material Global and Local from SAP to  JDE with Rejections(With Local data adding).xml, RequestId=9.Create_Material_with_Questionnaire_only_Global_SAP.xml, Global_ID=, Material_Number_AH1=, Material_Number_AE1=, Material Description=, Dependent TC Name=}]]>
              </value>
            </param>
            <param index="1">
              <value>
                <![CDATA[org.testng.TestRunner@64d7b720]]>
              </value>
            </param>
          </params>
          <reporter-output>
          </reporter-output>
        </test-method> <!-- printSuiteName -->
        <test-method status="PASS" signature="printSuiteName(java.util.Map, org.testng.ITestContext)[pri:0, instance:com.mendix.test.LoginScript@1bce4f0a]" name="printSuiteName" duration-ms="12" started-at="2019-06-19T05:59:52Z" data-provider="HeiPort_Login" finished-at="2019-06-19T05:59:52Z">
          <params>
            <param index="0">
              <value>
                <![CDATA[{Sl No=68.0, OpCo=SG04, Test_Case=66Extend Material Global and Local from SAP to  JDE(With Local data adding).xml, RequestId=9.Create_Material_with_Questionnaire_only_Global_SAP.xml, Global_ID=, Material_Number_AH1=, Material_Number_AE1=, Material Description=, Dependent TC Name=}]]>
              </value>
            </param>
            <param index="1">
              <value>
                <![CDATA[org.testng.TestRunner@64d7b720]]>
              </value>
            </param>
          </params>
          <reporter-output>
          </reporter-output>
        </test-method> <!-- printSuiteName -->
        <test-method status="PASS" signature="printSuiteName(java.util.Map, org.testng.ITestContext)[pri:0, instance:com.mendix.test.LoginScript@1bce4f0a]" name="printSuiteName" duration-ms="24" started-at="2019-06-19T05:59:52Z" data-provider="HeiPort_Login" finished-at="2019-06-19T05:59:52Z">
          <params>
            <param index="0">
              <value>
                <![CDATA[{Sl No=69.0, OpCo=MZCB, Test_Case=73Extend Material Global and Local from SAP to  NAV(With Local data adding).xml, RequestId=9.Create_Material_with_Questionnaire_only_Global_SAP.xml, Global_ID=, Material_Number_AH1=, Material_Number_AE1=, Material Description=, Dependent TC Name=}]]>
              </value>
            </param>
            <param index="1">
              <value>
                <![CDATA[org.testng.TestRunner@64d7b720]]>
              </value>
            </param>
          </params>
          <reporter-output>
          </reporter-output>
        </test-method> <!-- printSuiteName -->
        <test-method status="PASS" signature="printSuiteName(java.util.Map, org.testng.ITestContext)[pri:0, instance:com.mendix.test.LoginScript@1bce4f0a]" name="printSuiteName" duration-ms="20" started-at="2019-06-19T05:59:52Z" data-provider="HeiPort_Login" finished-at="2019-06-19T05:59:52Z">
          <params>
            <param index="0">
              <value>
                <![CDATA[{Sl No=70.0, OpCo=MZCB, Test_Case=74Extend Material Global and Local from SAP to  NAV with Rejections(With Local data adding).xml, RequestId=9.Create_Material_with_Questionnaire_only_Global_SAP.xml, Global_ID=, Material_Number_AH1=, Material_Number_AE1=, Material Description=, Dependent TC Name=}]]>
              </value>
            </param>
            <param index="1">
              <value>
                <![CDATA[org.testng.TestRunner@64d7b720]]>
              </value>
            </param>
          </params>
          <reporter-output>
          </reporter-output>
        </test-method> <!-- printSuiteName -->
        <test-method status="PASS" signature="printSuiteName(java.util.Map, org.testng.ITestContext)[pri:0, instance:com.mendix.test.LoginScript@1bce4f0a]" name="printSuiteName" duration-ms="16" started-at="2019-06-19T05:59:52Z" data-provider="HeiPort_Login" finished-at="2019-06-19T05:59:52Z">
          <params>
            <param index="0">
              <value>
                <![CDATA[{Sl No=71.0, OpCo=MZCB, Test_Case=77Extend Material Global, Local  for JDE  to Nav(Diff. Target System).xml, RequestId=7.Create_Material_Global_and_Local_for_JDE.xml, Global_ID=, Material_Number_AH1=, Material_Number_AE1=, Material Description=, Dependent TC Name=}]]>
              </value>
            </param>
            <param index="1">
              <value>
                <![CDATA[org.testng.TestRunner@64d7b720]]>
              </value>
            </param>
          </params>
          <reporter-output>
          </reporter-output>
        </test-method> <!-- printSuiteName -->
        <test-method status="PASS" signature="printSuiteName(java.util.Map, org.testng.ITestContext)[pri:0, instance:com.mendix.test.LoginScript@1bce4f0a]" name="printSuiteName" duration-ms="47" started-at="2019-06-19T05:59:52Z" data-provider="HeiPort_Login" finished-at="2019-06-19T05:59:52Z">
          <params>
            <param index="0">
              <value>
                <![CDATA[{Sl No=72.0, OpCo=GB01, Test_Case=78Extend Material Global Within SAP- (BG to UK) (Different System).xml, RequestId=9.Create_Material_with_Questionnaire_only_Global_SAP.xml, Global_ID=, Material_Number_AH1=, Material_Number_AE1=, Material Description=, Dependent TC Name=}]]>
              </value>
            </param>
            <param index="1">
              <value>
                <![CDATA[org.testng.TestRunner@64d7b720]]>
              </value>
            </param>
          </params>
          <reporter-output>
          </reporter-output>
        </test-method> <!-- printSuiteName -->
        <test-method status="PASS" signature="printSuiteName(java.util.Map, org.testng.ITestContext)[pri:0, instance:com.mendix.test.LoginScript@1bce4f0a]" name="printSuiteName" duration-ms="12" started-at="2019-06-19T05:59:52Z" data-provider="HeiPort_Login" finished-at="2019-06-19T05:59:52Z">
          <params>
            <param index="0">
              <value>
                <![CDATA[{Sl No=73.0, OpCo=MZCB, Test_Case=88Extend Material Global and Local from SAP to  NAV with Rejections and Discard(With Local data adding).xml, RequestId=9.Create_Material_with_Questionnaire_only_Global_SAP.xml, Global_ID=, Material_Number_AH1=, Material_Number_AE1=, Material Description=, Dependent TC Name=}]]>
              </value>
            </param>
            <param index="1">
              <value>
                <![CDATA[org.testng.TestRunner@64d7b720]]>
              </value>
            </param>
          </params>
          <reporter-output>
          </reporter-output>
        </test-method> <!-- printSuiteName -->
        <test-method status="PASS" signature="printSuiteName(java.util.Map, org.testng.ITestContext)[pri:0, instance:com.mendix.test.LoginScript@1bce4f0a]" name="printSuiteName" duration-ms="26" started-at="2019-06-19T05:59:52Z" data-provider="HeiPort_Login" finished-at="2019-06-19T05:59:52Z">
          <params>
            <param index="0">
              <value>
                <![CDATA[{Sl No=74.0, OpCo=BE01, Test_Case=92.Extend_Global_Only _with_rejections_discardforSAP.xml, RequestId=9.Create_Material_with_Questionnaire_only_Global_SAP.xml, Global_ID=, Material_Number_AH1=, Material_Number_AE1=, Material Description=, Dependent TC Name=}]]>
              </value>
            </param>
            <param index="1">
              <value>
                <![CDATA[org.testng.TestRunner@64d7b720]]>
              </value>
            </param>
          </params>
          <reporter-output>
          </reporter-output>
        </test-method> <!-- printSuiteName -->
        <test-method status="PASS" signature="printSuiteName(java.util.Map, org.testng.ITestContext)[pri:0, instance:com.mendix.test.LoginScript@1bce4f0a]" name="printSuiteName" duration-ms="36" started-at="2019-06-19T05:59:52Z" data-provider="HeiPort_Login" finished-at="2019-06-19T05:59:52Z">
          <params>
            <param index="0">
              <value>
                <![CDATA[{Sl No=75.0, OpCo=SG04, Test_Case=96Extend Material Global and Local with Rejections for JDE (Extend KH01 Opco to SG04).xml, RequestId=7.Create_Material_Global_and_Local_for_JDE.xml, Global_ID=, Material_Number_AH1=, Material_Number_AE1=, Material Description=, Dependent TC Name=}]]>
              </value>
            </param>
            <param index="1">
              <value>
                <![CDATA[org.testng.TestRunner@64d7b720]]>
              </value>
            </param>
          </params>
          <reporter-output>
          </reporter-output>
        </test-method> <!-- printSuiteName -->
        <test-method status="PASS" signature="printSuiteName(java.util.Map, org.testng.ITestContext)[pri:0, instance:com.mendix.test.LoginScript@1bce4f0a]" name="printSuiteName" duration-ms="32" started-at="2019-06-19T05:59:52Z" data-provider="HeiPort_Login" finished-at="2019-06-19T05:59:52Z">
          <params>
            <param index="0">
              <value>
                <![CDATA[{Sl No=76.0, OpCo=KH01, Test_Case=107Extend material Global and Local for JDE(SG04 to KH01).xml, RequestId=7.Create_Material_Global_and_Local_for_JDE.xml, Global_ID=, Material_Number_AH1=, Material_Number_AE1=, Material Description=, Dependent TC Name=}]]>
              </value>
            </param>
            <param index="1">
              <value>
                <![CDATA[org.testng.TestRunner@64d7b720]]>
              </value>
            </param>
          </params>
          <reporter-output>
          </reporter-output>
        </test-method> <!-- printSuiteName -->
        <test-method status="PASS" signature="printSuiteName(java.util.Map, org.testng.ITestContext)[pri:0, instance:com.mendix.test.LoginScript@1bce4f0a]" name="printSuiteName" duration-ms="50" started-at="2019-06-19T05:59:52Z" data-provider="HeiPort_Login" finished-at="2019-06-19T05:59:52Z">
          <params>
            <param index="0">
              <value>
                <![CDATA[{Sl No=77.0, OpCo=BE01, Test_Case=51.Happy Flag For Deletion(Not Shared With Multiple Opcos)_SAP.xml, RequestId=9.Create_Material_with_Questionnaire_only_Global_SAP.xml, Global_ID=, Material_Number_AH1=, Material_Number_AE1=, Material Description=, Dependent TC Name=}]]>
              </value>
            </param>
            <param index="1">
              <value>
                <![CDATA[org.testng.TestRunner@64d7b720]]>
              </value>
            </param>
          </params>
          <reporter-output>
          </reporter-output>
        </test-method> <!-- printSuiteName -->
        <test-method status="PASS" signature="printSuiteName(java.util.Map, org.testng.ITestContext)[pri:0, instance:com.mendix.test.LoginScript@1bce4f0a]" name="printSuiteName" duration-ms="24" started-at="2019-06-19T05:59:52Z" data-provider="HeiPort_Login" finished-at="2019-06-19T05:59:52Z">
          <params>
            <param index="0">
              <value>
                <![CDATA[{Sl No=78.0, OpCo=BE01, Test_Case=50Delete Records Shared with multi opcos.xml, RequestId=9.Create_Material_with_Questionnaire_only_Global_SAP.xml, Global_ID=, Material_Number_AH1=, Material_Number_AE1=, Material Description=, Dependent TC Name=}]]>
              </value>
            </param>
            <param index="1">
              <value>
                <![CDATA[org.testng.TestRunner@64d7b720]]>
              </value>
            </param>
          </params>
          <reporter-output>
          </reporter-output>
        </test-method> <!-- printSuiteName -->
        <test-method status="PASS" signature="printSuiteName(java.util.Map, org.testng.ITestContext)[pri:0, instance:com.mendix.test.LoginScript@1bce4f0a]" name="printSuiteName" duration-ms="44" started-at="2019-06-19T05:59:52Z" data-provider="HeiPort_Login" finished-at="2019-06-19T05:59:52Z">
          <params>
            <param index="0">
              <value>
                <![CDATA[{Sl No=79.0, OpCo=SG04, Test_Case=52Happy Flag for deletion(Not Shared with Multi OpCos) - JDE.xml, RequestId=7.Create_Material_Global_and_Local_for_JDE.xml, Global_ID=, Material_Number_AH1=, Material_Number_AE1=, Material Description=, Dependent TC Name=}]]>
              </value>
            </param>
            <param index="1">
              <value>
                <![CDATA[org.testng.TestRunner@64d7b720]]>
              </value>
            </param>
          </params>
          <reporter-output>
          </reporter-output>
        </test-method> <!-- printSuiteName -->
        <test-method status="PASS" signature="printSuiteName(java.util.Map, org.testng.ITestContext)[pri:0, instance:com.mendix.test.LoginScript@1bce4f0a]" name="printSuiteName" duration-ms="24" started-at="2019-06-19T05:59:52Z" data-provider="HeiPort_Login" finished-at="2019-06-19T05:59:52Z">
          <params>
            <param index="0">
              <value>
                <![CDATA[{Sl No=80.0, OpCo=PA01, Test_Case=53Happy Flag for deletion (Not Shared with Multi OpCos)- NAV_Material.xml, RequestId=8.Create_Material_Global_and_Local_for_nav_Duplicate_not_Found.xml, Global_ID=, Material_Number_AH1=, Material_Number_AE1=, Material Description=, Dependent TC Name=}]]>
              </value>
            </param>
            <param index="1">
              <value>
                <![CDATA[org.testng.TestRunner@64d7b720]]>
              </value>
            </param>
          </params>
          <reporter-output>
          </reporter-output>
        </test-method> <!-- printSuiteName -->
        <test-method status="PASS" signature="printSuiteName(java.util.Map, org.testng.ITestContext)[pri:0, instance:com.mendix.test.LoginScript@1bce4f0a]" name="printSuiteName" duration-ms="45" started-at="2019-06-19T05:59:52Z" data-provider="HeiPort_Login" finished-at="2019-06-19T05:59:52Z">
          <params>
            <param index="0">
              <value>
                <![CDATA[{Sl No=81.0, OpCo=BE01, Test_Case=94.Material_Happy with rejections &discard flag for deletion_SAP.xml, RequestId=9.Create_Material_with_Questionnaire_only_Global_SAP.xml, Global_ID=, Material_Number_AH1=, Material_Number_AE1=, Material Description=, Dependent TC Name=}]]>
              </value>
            </param>
            <param index="1">
              <value>
                <![CDATA[org.testng.TestRunner@64d7b720]]>
              </value>
            </param>
          </params>
          <reporter-output>
          </reporter-output>
        </test-method> <!-- printSuiteName -->
        <test-method status="PASS" signature="printSuiteName(java.util.Map, org.testng.ITestContext)[pri:0, instance:com.mendix.test.LoginScript@1bce4f0a]" name="printSuiteName" duration-ms="43" started-at="2019-06-19T05:59:52Z" data-provider="HeiPort_Login" finished-at="2019-06-19T05:59:52Z">
          <params>
            <param index="0">
              <value>
                <![CDATA[{Sl No=82.0, OpCo=BE01, Test_Case=54Material Lock Check.xml, RequestId=9.Create_Material_with_Questionnaire_only_Global_SAP.xml, Global_ID=, Material_Number_AH1=, Material_Number_AE1=, Material Description=, Dependent TC Name=}]]>
              </value>
            </param>
            <param index="1">
              <value>
                <![CDATA[org.testng.TestRunner@64d7b720]]>
              </value>
            </param>
          </params>
          <reporter-output>
          </reporter-output>
        </test-method> <!-- printSuiteName -->
[...]
              </value>
            </param>
            <param index="1">
              <value>
                <![CDATA[org.testng.TestRunner@702ed190]]>
              </value>
            </param>
          </params>
          <reporter-output>
          </reporter-output>
        </test-method> <!-- Vendor_Change_DashBoard_SearchWith_GlobalID -->
        <test-method status="PASS" signature="Vendor_Change_DashBoard_SearchWith_GlobalID(java.util.Map, org.testng.ITestContext)[pri:0, instance:com.mendix.test.VendorScript@47c62251]" name="Vendor_Change_DashBoard_SearchWith_GlobalID" duration-ms="1" started-at="2019-06-19T05:59:48Z" data-provider="Process_Information_Check" finished-at="2019-06-19T05:59:48Z">
          <params>
            <param index="0">
              <value>
                <![CDATA[{Sl No=79.0, OpCo=SG04, Test_Case=52Happy Flag for deletion(Not Shared with Multi OpCos) - JDE.xml, RequestId=7.Create_Material_Global_and_Local_for_JDE.xml, Global_ID=, Material_Number_AH1=, Material_Number_AE1=, Material Description=, Dependent TC Name=}]]>
              </value>
            </param>
            <param index="1">
              <value>
                <![CDATA[org.testng.TestRunner@702ed190]]>
              </value>
            </param>
          </params>
          <reporter-output>
          </reporter-output>
        </test-method> <!-- Vendor_Change_DashBoard_SearchWith_GlobalID -->
        <test-method status="PASS" signature="Vendor_Change_DashBoard_SearchWith_GlobalID(java.util.Map, org.testng.ITestContext)[pri:0, instance:com.mendix.test.VendorScript@47c62251]" name="Vendor_Change_DashBoard_SearchWith_GlobalID" duration-ms="1" started-at="2019-06-19T05:59:48Z" data-provider="Process_Information_Check" finished-at="2019-06-19T05:59:48Z">
          <params>
            <param index="0">
              <value>
                <![CDATA[{Sl No=80.0, OpCo=PA01, Test_Case=53Happy Flag for deletion (Not Shared with Multi OpCos)- NAV_Material.xml, RequestId=8.Create_Material_Global_and_Local_for_nav_Duplicate_not_Found.xml, Global_ID=, Material_Number_AH1=, Material_Number_AE1=, Material Description=, Dependent TC Name=}]]>
              </value>
            </param>
            <param index="1">
              <value>
                <![CDATA[org.testng.TestRunner@702ed190]]>
              </value>
            </param>
          </params>
          <reporter-output>
          </reporter-output>
        </test-method> <!-- Vendor_Change_DashBoard_SearchWith_GlobalID -->
        <test-method status="PASS" signature="Vendor_Change_DashBoard_SearchWith_GlobalID(java.util.Map, org.testng.ITestContext)[pri:0, instance:com.mendix.test.VendorScript@47c62251]" name="Vendor_Change_DashBoard_SearchWith_GlobalID" duration-ms="0" started-at="2019-06-19T05:59:48Z" data-provider="Process_Information_Check" finished-at="2019-06-19T05:59:48Z">
          <params>
            <param index="0">
              <value>
                <![CDATA[{Sl No=81.0, OpCo=BE01, Test_Case=94.Material_Happy with rejections &discard flag for deletion_SAP.xml, RequestId=9.Create_Material_with_Questionnaire_only_Global_SAP.xml, Global_ID=, Material_Number_AH1=, Material_Number_AE1=, Material Description=, Dependent TC Name=}]]>
              </value>
            </param>
            <param index="1">
              <value>
                <![CDATA[org.testng.TestRunner@702ed190]]>
              </value>
            </param>
          </params>
          <reporter-output>
          </reporter-output>
        </test-method> <!-- Vendor_Change_DashBoard_SearchWith_GlobalID -->
        <test-method status="PASS" signature="Vendor_Change_DashBoard_SearchWith_GlobalID(java.util.Map, org.testng.ITestContext)[pri:0, instance:com.mendix.test.VendorScript@47c62251]" name="Vendor_Change_DashBoard_SearchWith_GlobalID" duration-ms="34" started-at="2019-06-19T05:59:48Z" data-provider="Process_Information_Check" finished-at="2019-06-19T05:59:48Z">
          <params>
            <param index="0">
              <value>
                <![CDATA[{Sl No=82.0, OpCo=BE01, Test_Case=54Material Lock Check.xml, RequestId=9.Create_Material_with_Questionnaire_only_Global_SAP.xml, Global_ID=, Material_Number_AH1=, Material_Number_AE1=, Material Description=, Dependent TC Name=}]]>
              </value>
            </param>
            <param index="1">
              <value>
                <![CDATA[org.testng.TestRunner@702ed190]]>
              </value>
            </param>
          </params>
          <reporter-output>
          </reporter-output>
        </test-method> <!-- Vendor_Change_DashBoard_SearchWith_GlobalID -->
        <test-method status="PASS" signature="Vendor_Change_DashBoard_SearchWith_GlobalID(java.util.Map, org.testng.ITestContext)[pri:0, instance:com.mendix.test.VendorScript@47c62251]" name="Vendor_Change_DashBoard_SearchWith_GlobalID" duration-ms="1" started-at="2019-06-19T05:59:48Z" data-provider="Process_Information_Check" finished-at="2019-06-19T05:59:48Z">
          <params>
            <param index="0">
              <value>
                <![CDATA[{Sl No=83.0, OpCo=BE01, Test_Case=63Vendor LockCheck.xml, RequestId=14.Create_Vendor_with_Questionnaire_only_Global_SAP.xml, Global_ID=, Material_Number_AH1=, Material_Number_AE1=, Material Description=, Dependent TC Name=}]]>
              </value>
            </param>
            <param index="1">
              <value>
                <![CDATA[org.testng.TestRunner@702ed190]]>
              </value>
            </param>
          </params>
          <reporter-output>
          </reporter-output>
        </test-method> <!-- Vendor_Change_DashBoard_SearchWith_GlobalID -->
        <test-method status="PASS" signature="Vendor_Change_DashBoard_SearchWith_GlobalID(java.util.Map, org.testng.ITestContext)[pri:0, instance:com.mendix.test.VendorScript@47c62251]" name="Vendor_Change_DashBoard_SearchWith_GlobalID" duration-ms="1" started-at="2019-06-19T05:59:48Z" data-provider="Process_Information_Check" finished-at="2019-06-19T05:59:48Z">
          <params>
            <param index="0">
              <value>
                <![CDATA[{Sl No=84.0, OpCo=BE01, Test_Case=30Create_with_ref_Global_Only-Direct_Copy SAP.xml, RequestId=9.Create_Material_with_Questionnaire_only_Global_SAP.xml, Global_ID=, Material_Number_AH1=, Material_Number_AE1=, Material Description=, Dependent TC Name=}]]>
              </value>
            </param>
            <param index="1">
              <value>
                <![CDATA[org.testng.TestRunner@702ed190]]>
              </value>
            </param>
          </params>
          <reporter-output>
          </reporter-output>
        </test-method> <!-- Vendor_Change_DashBoard_SearchWith_GlobalID -->
        <test-method status="PASS" signature="Vendor_Change_DashBoard_SearchWith_GlobalID(java.util.Map, org.testng.ITestContext)[pri:0, instance:com.mendix.test.VendorScript@47c62251]" name="Vendor_Change_DashBoard_SearchWith_GlobalID" duration-ms="0" started-at="2019-06-19T05:59:48Z" data-provider="Process_Information_Check" finished-at="2019-06-19T05:59:48Z">
          <params>
            <param index="0">
              <value>
                <![CDATA[{Sl No=85.0, OpCo=BE01, Test_Case=31Create with Ref save as draft global Only - Direct Copy_SAP.xml, RequestId=9.Create_Material_with_Questionnaire_only_Global_SAP.xml, Global_ID=, Material_Number_AH1=, Material_Number_AE1=, Material Description=, Dependent TC Name=}]]>
              </value>
            </param>
            <param index="1">
              <value>
                <![CDATA[org.testng.TestRunner@702ed190]]>
              </value>
            </param>
          </params>
          <reporter-output>
          </reporter-output>
        </test-method> <!-- Vendor_Change_DashBoard_SearchWith_GlobalID -->
        <test-method status="PASS" signature="Vendor_Change_DashBoard_SearchWith_GlobalID(java.util.Map, org.testng.ITestContext)[pri:0, instance:com.mendix.test.VendorScript@47c62251]" name="Vendor_Change_DashBoard_SearchWith_GlobalID" duration-ms="0" started-at="2019-06-19T05:59:48Z" data-provider="Process_Information_Check" finished-at="2019-06-19T05:59:48Z">
          <params>
            <param index="0">
              <value>
                <![CDATA[{Sl No=86.0, OpCo=BE01, Test_Case=32Create with ref Global Only - SAP Direct Copy with Rejections.xml, RequestId=9.Create_Material_with_Questionnaire_only_Global_SAP.xml, Global_ID=, Material_Number_AH1=, Material_Number_AE1=, Material Description=, Dependent TC Name=}]]>
              </value>
            </param>
            <param index="1">
              <value>
                <![CDATA[org.testng.TestRunner@702ed190]]>
              </value>
            </param>
          </params>
          <reporter-output>
          </reporter-output>
        </test-method> <!-- Vendor_Change_DashBoard_SearchWith_GlobalID -->
        <test-method status="PASS" signature="Vendor_Change_DashBoard_SearchWith_GlobalID(java.util.Map, org.testng.ITestContext)[pri:0, instance:com.mendix.test.VendorScript@47c62251]" name="Vendor_Change_DashBoard_SearchWith_GlobalID" duration-ms="0" started-at="2019-06-19T05:59:48Z" data-provider="Process_Information_Check" finished-at="2019-06-19T05:59:48Z">
          <params>
            <param index="0">
              <value>
                <![CDATA[{Sl No=87.0, OpCo=SG04, Test_Case=33Create with ref Global and Local- JDE Direct Copy.xml, RequestId=7.Create_Material_Global_and_Local_for_JDE.xml, Global_ID=, Material_Number_AH1=, Material_Number_AE1=, Material Description=, Dependent TC Name=}]]>
              </value>
            </param>
            <param index="1">
              <value>
                <![CDATA[org.testng.TestRunner@702ed190]]>
              </value>
            </param>
          </params>
          <reporter-output>
          </reporter-output>
        </test-method> <!-- Vendor_Change_DashBoard_SearchWith_GlobalID -->
        <test-method status="PASS" signature="Vendor_Change_DashBoard_SearchWith_GlobalID(java.util.Map, org.testng.ITestContext)[pri:0, instance:com.mendix.test.VendorScript@47c62251]" name="Vendor_Change_DashBoard_SearchWith_GlobalID" duration-ms="0" started-at="2019-06-19T05:59:48Z" data-provider="Process_Information_Check" finished-at="2019-06-19T05:59:48Z">
          <params>
            <param index="0">
              <value>
                <![CDATA[{Sl No=88.0, OpCo=PA01, Test_Case=34Create with ref Global and local - NAV Direct Copy.xml, RequestId=8.Create_Material_Global_and_Local_for_nav_Duplicate_not_Found.xml, Global_ID=, Material_Number_AH1=, Material_Number_AE1=, Material Description=, Dependent TC Name=}]]>
              </value>
            </param>
            <param index="1">
              <value>
                <![CDATA[org.testng.TestRunner@702ed190]]>
              </value>
            </param>
          </params>
          <reporter-output>
          </reporter-output>
        </test-method> <!-- Vendor_Change_DashBoard_SearchWith_GlobalID -->
        <test-method status="PASS" signature="Vendor_Change_DashBoard_SearchWith_GlobalID(java.util.Map, org.testng.ITestContext)[pri:0, instance:com.mendix.test.VendorScript@47c62251]" name="Vendor_Change_DashBoard_SearchWith_GlobalID" duration-ms="0" started-at="2019-06-19T05:59:48Z" data-provider="Process_Information_Check" finished-at="2019-06-19T05:59:48Z">
          <params>
            <param index="0">
              <value>
                <![CDATA[{Sl No=89.0, OpCo=PA01, Test_Case=36Create with ref Global and local - Edit Global and Local Data_NAV.xml, RequestId=8.Create_Material_Global_and_Local_for_nav_Duplicate_not_Found.xml, Global_ID=, Material_Number_AH1=, Material_Number_AE1=, Material Description=, Dependent TC Name=}]]>
              </value>
            </param>
            <param index="1">
              <value>
                <![CDATA[org.testng.TestRunner@702ed190]]>
              </value>
            </param>
          </params>
          <reporter-output>
          </reporter-output>
        </test-method> <!-- Vendor_Change_DashBoard_SearchWith_GlobalID -->
        <test-method status="PASS" signature="Vendor_Change_DashBoard_SearchWith_GlobalID(java.util.Map, org.testng.ITestContext)[pri:0, instance:com.mendix.test.VendorScript@47c62251]" name="Vendor_Change_DashBoard_SearchWith_GlobalID" duration-ms="0" started-at="2019-06-19T05:59:48Z" data-provider="Process_Information_Check" finished-at="2019-06-19T05:59:48Z">
          <params>
            <param index="0">
              <value>
                <![CDATA[{Sl No=90.0, OpCo=SG04, Test_Case=37Create with ref Global and Local Material- JDE Direct Copy With Rejections.xml, RequestId=9.Create_Material_with_Questionnaire_only_Global_SAP.xml, Global_ID=, Material_Number_AH1=, Material_Number_AE1=, Material Description=, Dependent TC Name=}]]>
              </value>
            </param>
            <param index="1">
              <value>
                <![CDATA[org.testng.TestRunner@702ed190]]>
              </value>
            </param>
          </params>
          <reporter-output>
          </reporter-output>
        </test-method> <!-- Vendor_Change_DashBoard_SearchWith_GlobalID -->
        <test-method status="PASS" signature="Vendor_Change_DashBoard_SearchWith_GlobalID(java.util.Map, org.testng.ITestContext)[pri:0, instance:com.mendix.test.VendorScript@47c62251]" name="Vendor_Change_DashBoard_SearchWith_GlobalID" duration-ms="23" started-at="2019-06-19T05:59:48Z" data-provider="Process_Information_Check" finished-at="2019-06-19T05:59:48Z">
          <params>
            <param index="0">
              <value>
                <![CDATA[{Sl No=91.0, OpCo=PA01, Test_Case=38Create with ref Global and local - NAV Direct Copy with rejections.xml, RequestId=8.Create_Material_Global_and_Local_for_nav_Duplicate_not_Found.xml, Global_ID=, Material_Number_AH1=, Material_Number_AE1=, Material Description=, Dependent TC Name=}]]>
              </value>
            </param>
            <param index="1">
              <value>
                <![CDATA[org.testng.TestRunner@702ed190]]>
              </value>
            </param>
          </params>
          <reporter-output>
          </reporter-output>
        </test-method> <!-- Vendor_Change_DashBoard_SearchWith_GlobalID -->
        <test-method status="PASS" signature="Vendor_Change_DashBoard_SearchWith_GlobalID(java.util.Map, org.testng.ITestContext)[pri:0, instance:com.mendix.test.VendorScript@47c62251]" name="Vendor_Change_DashBoard_SearchWith_GlobalID" duration-ms="1" started-at="2019-06-19T05:59:48Z" data-provider="Process_Information_Check" finished-at="2019-06-19T05:59:48Z">
          <params>
            <param index="0">
              <value>
                <![CDATA[{Sl No=92.0, OpCo=BE01, Test_Case=39Create with ref Global Only - SAP Direct Copy with rejections and discard.xml, RequestId=9.Create_Material_with_Questionnaire_only_Global_SAP.xml, Global_ID=, Material_Number_AH1=, Material_Number_AE1=, Material Description=, Dependent TC Name=}]]>
              </value>
            </param>
            <param index="1">
              <value>
                <![CDATA[org.testng.TestRunner@702ed190]]>
              </value>
            </param>
          </params>
          <reporter-output>
          </reporter-output>
        </test-method> <!-- Vendor_Change_DashBoard_SearchWith_GlobalID -->
        <test-method status="PASS" signature="Vendor_Change_DashBoard_SearchWith_GlobalID(java.util.Map, org.testng.ITestContext)[pri:0, instance:com.mendix.test.VendorScript@47c62251]" name="Vendor_Change_DashBoard_SearchWith_GlobalID" duration-ms="1" started-at="2019-06-19T05:59:48Z" data-provider="Process_Information_Check" finished-at="2019-06-19T05:59:48Z">
          <params>
            <param index="0">
              <value>
                <![CDATA[{Sl No=93.0, OpCo=SG04, Test_Case=40Create with ref Global and Local Only - JDE Direct Copy with rejections and discard.xml, RequestId=7.Create_Material_Global_and_Local_for_JDE.xml, Global_ID=, Material_Number_AH1=, Material_Number_AE1=, Material Description=, Dependent TC Name=}]]>
              </value>
            </param>
            <param index="1">
              <value>
                <![CDATA[org.testng.TestRunner@702ed190]]>
              </value>
            </param>
          </params>
          <reporter-output>
          </reporter-output>
        </test-method> <!-- Vendor_Change_DashBoard_SearchWith_GlobalID -->
        <test-method status="PASS" signature="Vendor_Change_DashBoard_SearchWith_GlobalID(java.util.Map, org.testng.ITestContext)[pri:0, instance:com.mendix.test.VendorScript@47c62251]" name="Vendor_Change_DashBoard_SearchWith_GlobalID" duration-ms="0" started-at="2019-06-19T05:59:48Z" data-provider="Process_Information_Check" finished-at="2019-06-19T05:59:48Z">
          <params>
            <param index="0">
              <value>
                <![CDATA[{Sl No=94.0, OpCo=PA01, Test_Case=41Create with ref Global and local - NAV Direct Copy with rejections and discard.xml, RequestId=8.Create_Material_Global_and_Local_for_nav_Duplicate_not_Found.xml, Global_ID=, Material_Number_AH1=, Material_Number_AE1=, Material Description=, Dependent TC Name=}]]>
              </value>
            </param>
            <param index="1">
              <value>
                <![CDATA[org.testng.TestRunner@702ed190]]>
              </value>
            </param>
          </params>
          <reporter-output>
          </reporter-output>
        </test-method> <!-- Vendor_Change_DashBoard_SearchWith_GlobalID -->
        <test-method status="PASS" signature="Vendor_Change_DashBoard_SearchWith_GlobalID(java.util.Map, org.testng.ITestContext)[pri:0, instance:com.mendix.test.VendorScript@47c62251]" name="Vendor_Change_DashBoard_SearchWith_GlobalID" duration-ms="1" started-at="2019-06-19T05:59:48Z" data-provider="Process_Information_Check" finished-at="2019-06-19T05:59:48Z">
          <params>
            <param index="0">
              <value>
                <![CDATA[{Sl No=95.0, OpCo=SG04, Test_Case=93Create Mat. with Ref save as draft global and local  - Direct Copy_JDE .xml, RequestId=7.Create_Material_Global_and_Local_for_JDE.xml, Global_ID=, Material_Number_AH1=, Material_Number_AE1=, Material Description=, Dependent TC Name=}]]>
              </value>
            </param>
            <param index="1">
              <value>
                <![CDATA[org.testng.TestRunner@702ed190]]>
              </value>
            </param>
          </params>
          <reporter-output>
          </reporter-output>
        </test-method> <!-- Vendor_Change_DashBoard_SearchWith_GlobalID -->
      </class> <!-- com.mendix.test.VendorScript -->
      <class name="com.mendix.test.LoginScript">
        <test-method status="PASS" signature="setup(org.testng.ITestContext)[pri:0, instance:com.mendix.test.LoginScript@2a5ca609]" name="setup" is-config="true" duration-ms="268" started-at="2019-06-19T05:57:23Z" finished-at="2019-06-19T05:57:23Z">
          <params>
            <param index="0">
              <value>
                <![CDATA[org.testng.TestRunner@702ed190]]>
              </value>
            </param>
          </params>
          <reporter-output>
          </reporter-output>
        </test-method> <!-- setup -->
      </class> <!-- com.mendix.test.LoginScript -->
    </test> <!-- Vendor_Change_DashBoard_SearchWith_GlobalID -->
  </suite> <!-- 5.Change _vendor_global _Only.xml -->
  <suite name="Change Material" duration-ms="0" started-at="2019-06-19T06:01:42Z" finished-at="2019-06-19T06:01:42Z">
    <groups>
    </groups>
  </suite> <!-- Change Material -->
</testng-results>
