<?xml version="1.0" encoding="UTF-8"?>
<!-- Generated by org.testng.reporters.JUnitReportReporter -->
<testsuite skipped="0" hostname="ykuntala" name="com.mendix.test.MaterialScript" tests="1141" failures="0" timestamp="18 Jun 2019 09:32:12 GMT" time="1368.591" errors="3">
  <testcase name="Process_Information_Check" time="0.001" classname="com.mendix.test.MaterialScript"/>
  <testcase name="Process_Information_Check" time="0.001" classname="com.mendix.test.MaterialScript"/>
  <testcase name="Material_Create_Review_Global_Data_Approve_LDP_NAV" time="0.000" classname="com.mendix.test.MaterialScript"/>
  <testcase name="Material_Create_Review_Global_Data_Approve_LDP_NAV" time="0.001" classname="com.mendix.test.MaterialScript"/>
  <testcase name="material_Create_Local_Data_Approve_LDP_NAV" time="0.000" classname="com.mendix.test.MaterialScript"/>
  <testcase name="material_Create_Local_Data_Approve_LDP_NAV" time="0.000" classname="com.mendix.test.MaterialScript"/>
  <testcase name="Material_Create_Review_Global_Data_Approve_GDA" time="0.000" classname="com.mendix.test.MaterialScript"/>
  <testcase name="Process_Information_Check" time="0.003" classname="com.mendix.test.MaterialScript"/>
  <testcase name="process_Information_Check_GlobalID_Extend" time="0.001" classname="com.mendix.test.MaterialScript"/>
  <testcase name="process_Information_Check_GlobalID_Extend" time="0.000" classname="com.mendix.test.MaterialScript"/>
  <testcase name="Process_Information_Check" time="0.000" classname="com.mendix.test.MaterialScript"/>
  <testcase name="Process_Information_Check" time="0.001" classname="com.mendix.test.MaterialScript"/>
  <testcase name="Process_Information_Check" time="0.001" classname="com.mendix.test.MaterialScript"/>
  <testcase name="material_Create_Local_Data_Approve_LDP_NAV" time="0.010" classname="com.mendix.test.MaterialScript"/>
  <testcase name="Material_Create_Review_Global_Data_Approve_LBDA" time="0.001" classname="com.mendix.test.MaterialScript"/>
  <testcase name="Material_Create_Review_Global_Data_Approve_GDA" time="0.001" classname="com.mendix.test.MaterialScript"/>
  <testcase name="Material_Create_Review_Global_Data_Approve_GDA" time="0.001" classname="com.mendix.test.MaterialScript"/>
  <testcase name="process_Information_Check_GlobalID_Extend" time="0.000" classname="com.mendix.test.MaterialScript"/>
  <testcase name="material_Create_Local_Data_Approve_LDP_NAV" time="0.001" classname="com.mendix.test.MaterialScript"/>
  <testcase name="Process_Information_Check" time="0.000" classname="com.mendix.test.MaterialScript"/>
  <testcase name="Process_Information_Check" time="0.001" classname="com.mendix.test.MaterialScript"/>
  <testcase name="Process_Information_Check" time="0.000" classname="com.mendix.test.MaterialScript"/>
  <testcase name="Process_Information_Check" time="0.000" classname="com.mendix.test.MaterialScript"/>
  <testcase name="Process_Information_Check" time="0.000" classname="com.mendix.test.MaterialScript"/>
  <testcase name="material_Create_Local_Data_Approve_LDP_NAV" time="0.001" classname="com.mendix.test.MaterialScript"/>
  <testcase name="Material_Create_Review_Global_Data_Approve_GDA" time="0.001" classname="com.mendix.test.MaterialScript"/>
  <testcase name="process_Information_Check_GlobalID_Extend" time="0.000" classname="com.mendix.test.MaterialScript"/>
  <testcase name="process_Information_Check_GlobalID_Extend" time="0.000" classname="com.mendix.test.MaterialScript"/>
  <testcase name="Process_Information_Check" time="0.001" classname="com.mendix.test.MaterialScript"/>
  <testcase name="process_Information_Check_GlobalID_Extend" time="0.000" classname="com.mendix.test.MaterialScript"/>
  <testcase name="Process_Information_Check" time="0.000" classname="com.mendix.test.MaterialScript"/>
  <testcase name="Material_Create_Review_Global_Data_Approve_GDA" time="0.001" classname="com.mendix.test.MaterialScript"/>
  <testcase name="material_Create_Review_Local_Data_Approve_LDS" time="0.000" classname="com.mendix.test.MaterialScript"/>
  <testcase name="material_Create_Review_Local_Data_Approve_LDS" time="0.000" classname="com.mendix.test.MaterialScript"/>
  <testcase name="Process_Information_Check" time="0.000" classname="com.mendix.test.MaterialScript"/>
  <testcase name="material_Create_Local_Data_Approve_LDP_NAV" time="0.000" classname="com.mendix.test.MaterialScript"/>
  <testcase name="material_Create_Local_Data_Approve_LDP_NAV" time="0.000" classname="com.mendix.test.MaterialScript"/>
  <testcase name="material_Create_Local_Data_Approve_LDP_NAV" time="0.001" classname="com.mendix.test.MaterialScript"/>
  <testcase name="Process_Information_Check" time="0.003" classname="com.mendix.test.MaterialScript"/>
  <testcase name="Process_Information_Check" time="0.016" classname="com.mendix.test.MaterialScript"/>
  <testcase name="Process_Information_Check" time="0.000" classname="com.mendix.test.MaterialScript"/>
  <testcase name="Process_Information_Check" time="0.001" classname="com.mendix.test.MaterialScript"/>
  <testcase name="Process_Information_Check" time="0.000" classname="com.mendix.test.MaterialScript"/>
  <testcase name="Process_Information_Check" time="0.000" classname="com.mendix.test.MaterialScript"/>
  <testcase name="Process_Information_Check" time="0.000" classname="com.mendix.test.MaterialScript"/>
  <testcase name="process_Information_Check_GlobalID_Extend" time="49.254" classname="com.mendix.test.MaterialScript">
    <error type="org.openqa.selenium.NoSuchElementException" message="Unable to find element with xpath == .//div[contains(@class,&#039;searchResults&#039;)]/div[3]/div/table[2]/tbody/tr[1]/td[10]/div
For documentation on this error, please visit: https://www.seleniumhq.org/exceptions/no_such_element.html
Build info: version: &#039;3.141.59&#039;, revision: &#039;e82be7d358&#039;, time: &#039;2018-11-14T08:25:53&#039;
System info: host: &#039;YKUNTALA&#039;, ip: &#039;9.79.141.225&#039;, os.name: &#039;Windows 7&#039;, os.arch: &#039;amd64&#039;, os.version: &#039;6.1&#039;, java.version: &#039;1.8.0_121&#039;
Driver info: org.openqa.selenium.ie.InternetExplorerDriver
Capabilities {acceptInsecureCerts: false, browserName: internet explorer, browserVersion: 11, javascriptEnabled: true, pageLoadStrategy: normal, platform: WINDOWS, platformName: WINDOWS, proxy: Proxy(), se:ieOptions: {browserAttachTimeout: 0, elementScrollBehavior: 0, enablePersistentHover: false, ie.browserCommandLineSwitches: , ie.ensureCleanSession: false, ie.fileUploadDialogTimeout: 3000, ie.forceCreateProcessApi: false, ignoreProtectedModeSettings: false, ignoreZoomSetting: true, initialBrowserUrl: http://localhost:19307/, nativeEvents: true, requireWindowFocus: false}, setWindowRect: true, timeouts: {implicit: 0, pageLoad: 300000, script: 30000}}
Session ID: 04b992f1-5d78-4a08-a582-d813d4592b12
*** Element info: {Using=xpath, value=.//div[contains(@class,&#039;searchResults&#039;)]/div[3]/div/table[2]/tbody/tr[1]/td[10]/div}">
      <![CDATA[org.openqa.selenium.NoSuchElementException: Unable to find element with xpath == .//div[contains(@class,'searchResults')]/div[3]/div/table[2]/tbody/tr[1]/td[10]/div
For documentation on this error, please visit: https://www.seleniumhq.org/exceptions/no_such_element.html
Build info: version: '3.141.59', revision: 'e82be7d358', time: '2018-11-14T08:25:53'
System info: host: 'YKUNTALA', ip: '9.79.141.225', os.name: 'Windows 7', os.arch: 'amd64', os.version: '6.1', java.version: '1.8.0_121'
Driver info: org.openqa.selenium.ie.InternetExplorerDriver
Capabilities {acceptInsecureCerts: false, browserName: internet explorer, browserVersion: 11, javascriptEnabled: true, pageLoadStrategy: normal, platform: WINDOWS, platformName: WINDOWS, proxy: Proxy(), se:ieOptions: {browserAttachTimeout: 0, elementScrollBehavior: 0, enablePersistentHover: false, ie.browserCommandLineSwitches: , ie.ensureCleanSession: false, ie.fileUploadDialogTimeout: 3000, ie.forceCreateProcessApi: false, ignoreProtectedModeSettings: false, ignoreZoomSetting: true, initialBrowserUrl: http://localhost:19307/, nativeEvents: true, requireWindowFocus: false}, setWindowRect: true, timeouts: {implicit: 0, pageLoad: 300000, script: 30000}}
Session ID: 04b992f1-5d78-4a08-a582-d813d4592b12
*** Element info: {Using=xpath, value=.//div[contains(@class,'searchResults')]/div[3]/div/table[2]/tbody/tr[1]/td[10]/div}
at sun.reflect.GeneratedConstructorAccessor39.newInstance(Unknown Source)
at sun.reflect.DelegatingConstructorAccessorImpl.newInstance(Unknown Source)
at java.lang.reflect.Constructor.newInstance(Unknown Source)
at org.openqa.selenium.remote.http.W3CHttpResponseCodec.createException(W3CHttpResponseCodec.java:187)
at org.openqa.selenium.remote.http.W3CHttpResponseCodec.decode(W3CHttpResponseCodec.java:122)
at org.openqa.selenium.remote.http.W3CHttpResponseCodec.decode(W3CHttpResponseCodec.java:49)
at org.openqa.selenium.remote.HttpCommandExecutor.execute(HttpCommandExecutor.java:158)
at org.openqa.selenium.remote.service.DriverCommandExecutor.execute(DriverCommandExecutor.java:83)
at org.openqa.selenium.remote.RemoteWebDriver.execute(RemoteWebDriver.java:552)
at org.openqa.selenium.remote.RemoteWebDriver.findElement(RemoteWebDriver.java:323)
at org.openqa.selenium.remote.RemoteWebDriver.findElementByXPath(RemoteWebDriver.java:428)
at org.openqa.selenium.By$ByXPath.findElement(By.java:353)
at org.openqa.selenium.remote.RemoteWebDriver.findElement(RemoteWebDriver.java:315)
at com.mendix.page.MaterialPage.getGlobalIdProcessInfo_Extend(MaterialPage.java:2398)
at com.mendix.test.MaterialScript.process_Information_Check_GlobalID_Extend(MaterialScript.java:362)
at sun.reflect.GeneratedMethodAccessor18.invoke(Unknown Source)
at sun.reflect.DelegatingMethodAccessorImpl.invoke(Unknown Source)
at java.lang.reflect.Method.invoke(Unknown Source)
at org.testng.internal.MethodInvocationHelper.invokeMethod(MethodInvocationHelper.java:124)
at org.testng.internal.Invoker.invokeMethod(Invoker.java:583)
at org.testng.internal.Invoker.invokeTestMethod(Invoker.java:719)
at org.testng.internal.Invoker.invokeTestMethods(Invoker.java:989)
at org.testng.internal.TestMethodWorker.invokeTestMethods(TestMethodWorker.java:125)
at org.testng.internal.TestMethodWorker.run(TestMethodWorker.java:109)
at org.testng.TestRunner.privateRun(TestRunner.java:648)
at org.testng.TestRunner.run(TestRunner.java:505)
at org.testng.SuiteRunner.runTest(SuiteRunner.java:455)
at org.testng.SuiteRunner.runSequentially(SuiteRunner.java:450)
at org.testng.SuiteRunner.privateRun(SuiteRunner.java:415)
at org.testng.SuiteRunner.run(SuiteRunner.java:364)
at org.testng.SuiteRunnerWorker.runSuite(SuiteRunnerWorker.java:52)
at org.testng.SuiteRunnerWorker.run(SuiteRunnerWorker.java:84)
at org.testng.TestNG.runSuitesSequentially(TestNG.java:1208)
at org.testng.TestNG.runSuitesSequentially(TestNG.java:1204)
at org.testng.TestNG.runSuitesLocally(TestNG.java:1137)
at org.testng.TestNG.runSuites(TestNG.java:1049)
at org.testng.TestNG.run(TestNG.java:1017)
at org.testng.remote.AbstractRemoteTestNG.run(AbstractRemoteTestNG.java:114)
at org.testng.remote.RemoteTestNG.initAndRun(RemoteTestNG.java:251)
at org.testng.remote.RemoteTestNG.main(RemoteTestNG.java:77)
]]>
    </error>
  </testcase> <!-- process_Information_Check_GlobalID_Extend -->
  <testcase name="material_Create_Local_Data_Approve_LDP_NAV" time="0.000" classname="com.mendix.test.MaterialScript"/>
  <testcase name="process_Information_Check_GlobalID_Extend" time="0.000" classname="com.mendix.test.MaterialScript"/>
  <testcase name="Material_Create_Review_Global_Data_Approve_GDA" time="0.000" classname="com.mendix.test.MaterialScript"/>
  <testcase name="Material_Create_Review_Global_Data_Approve_LDP_NAV" time="0.015" classname="com.mendix.test.MaterialScript"/>
  <testcase name="Process_Information_Check" time="0.001" classname="com.mendix.test.MaterialScript"/>
  <testcase name="Process_Information_Check" time="0.001" classname="com.mendix.test.MaterialScript"/>
  <testcase name="Process_Information_Check" time="0.001" classname="com.mendix.test.MaterialScript"/>
  <testcase name="Process_Information_Check" time="0.000" classname="com.mendix.test.MaterialScript"/>
  <testcase name="Material_Create_Review_Global_Data_Approve_GDA" time="0.000" classname="com.mendix.test.MaterialScript"/>
  <testcase name="material_Create_Local_Data_Approve_LDP_NAV" time="0.001" classname="com.mendix.test.MaterialScript"/>
  <testcase name="Process_Information_Check" time="0.000" classname="com.mendix.test.MaterialScript"/>
  <testcase name="Material_Create_Review_Global_Data_Approve_LBDA" time="0.000" classname="com.mendix.test.MaterialScript"/>
  <testcase name="Process_Information_Check" time="0.001" classname="com.mendix.test.MaterialScript"/>
  <testcase name="material_Create_Review_Local_Data_Approve_LDS" time="0.000" classname="com.mendix.test.MaterialScript"/>
  <testcase name="Process_Information_Check" time="0.001" classname="com.mendix.test.MaterialScript"/>
  <testcase name="process_Information_Check_GlobalID_Extend" time="0.007" classname="com.mendix.test.MaterialScript"/>
  <testcase name="Process_Information_Check" time="0.000" classname="com.mendix.test.MaterialScript"/>
  <testcase name="Material_Create_Review_Global_Data_Approve_GDA" time="0.000" classname="com.mendix.test.MaterialScript"/>
  <testcase name="Material_Create_Review_Global_Data_Approve_LBDA" time="0.000" classname="com.mendix.test.MaterialScript"/>
  <testcase name="Material_Create_Review_Global_Data_Approve_LDP_NAV" time="0.000" classname="com.mendix.test.MaterialScript"/>
  <testcase name="process_Information_Check_GlobalID_Extend" time="0.000" classname="com.mendix.test.MaterialScript"/>
  <testcase name="material_Create_Local_Data_Approve_LDP_NAV" time="0.001" classname="com.mendix.test.MaterialScript"/>
  <testcase name="Process_Information_Check" time="0.000" classname="com.mendix.test.MaterialScript"/>
  <testcase name="Process_Information_Check" time="0.000" classname="com.mendix.test.MaterialScript"/>
  <testcase name="Process_Information_Check" time="0.001" classname="com.mendix.test.MaterialScript"/>
  <testcase name="Material_Create_Review_Global_Data_Approve_LDP_NAV" time="0.001" classname="com.mendix.test.MaterialScript"/>
  <testcase name="Material_Create_Review_Global_Data_Approve_LDP_NAV" time="0.000" classname="com.mendix.test.MaterialScript"/>
  <testcase name="material_Create_Local_Data_Approve_LDP_NAV" time="0.001" classname="com.mendix.test.MaterialScript"/>
  <testcase name="Material_Create_Review_Global_Data_Approve_GDA" time="0.000" classname="com.mendix.test.MaterialScript"/>
  <testcase name="Process_Information_Check" time="0.001" classname="com.mendix.test.MaterialScript"/>
  <testcase name="process_Information_Check_GlobalID_Extend" time="0.001" classname="com.mendix.test.MaterialScript"/>
  <testcase name="Process_Information_Check" time="0.002" classname="com.mendix.test.MaterialScript"/>
  <testcase name="Process_Information_Check" time="0.001" classname="com.mendix.test.MaterialScript"/>
  <testcase name="material_Create_Local_Data_Approve_LDP_NAV" time="0.000" classname="com.mendix.test.MaterialScript"/>
  <testcase name="Process_Information_Check" time="0.001" classname="com.mendix.test.MaterialScript"/>
  <testcase name="Material_Create_Review_Global_Data_Approve_LDP_NAV" time="0.000" classname="com.mendix.test.MaterialScript"/>
  <testcase name="Material_Create_Review_Global_Data_Approve_GDA" time="0.001" classname="com.mendix.test.MaterialScript"/>
  <testcase name="material_Create_Review_Local_Data_Approve_LDS" time="0.001" classname="com.mendix.test.MaterialScript"/>
  <testcase name="process_Information_Check_GlobalID_Extend" time="0.000" classname="com.mendix.test.MaterialScript"/>
  <testcase name="Material_Create_Review_Global_Data_Approve_LBDA" time="0.001" classname="com.mendix.test.MaterialScript"/>
  <testcase name="material_Create_Review_Local_Data_Approve_LDS" time="0.000" classname="com.mendix.test.MaterialScript"/>
  <testcase name="Process_Information_Check" time="0.000" classname="com.mendix.test.MaterialScript"/>
  <testcase name="Material_Create_Review_Global_Data_Approve_LDP_NAV" time="0.000" classname="com.mendix.test.MaterialScript"/>
  <testcase name="material_Create_Review_Local_Data_Approve_LDS" time="0.000" classname="com.mendix.test.MaterialScript"/>
  <testcase name="Process_Information_Check" time="0.019" classname="com.mendix.test.MaterialScript"/>
  <testcase name="process_Information_Check_GlobalID_Extend" time="0.012" classname="com.mendix.test.MaterialScript"/>
  <testcase name="Process_Information_Check" time="0.001" classname="com.mendix.test.MaterialScript"/>
  <testcase name="Process_Information_Check" time="0.001" classname="com.mendix.test.MaterialScript"/>
  <testcase name="Material_Create_Review_Global_Data_Approve_GDA" time="0.000" classname="com.mendix.test.MaterialScript"/>
  <testcase name="Process_Information_Check" time="0.000" classname="com.mendix.test.MaterialScript"/>
  <testcase name="Material_Create_Review_Global_Data_Approve_GDA" time="0.000" classname="com.mendix.test.MaterialScript"/>
  <testcase name="Material_Create_Review_Global_Data_Approve_GDA" time="0.000" classname="com.mendix.test.MaterialScript"/>
  <testcase name="process_Information_Check_GlobalID_Extend" time="0.001" classname="com.mendix.test.MaterialScript"/>
  <testcase name="Process_Information_Check" time="0.001" classname="com.mendix.test.MaterialScript"/>
  <testcase name="Process_Information_Check" time="0.000" classname="com.mendix.test.MaterialScript"/>
  <testcase name="Material_Create_Review_Global_Data_Approve_LBDA" time="0.001" classname="com.mendix.test.MaterialScript"/>
  <testcase name="Process_Information_Check" time="0.000" classname="com.mendix.test.MaterialScript"/>
  <testcase name="Process_Information_Check" time="0.000" classname="com.mendix.test.MaterialScript"/>
  <testcase name="material_Create_Local_Data_Approve_LDP_NAV" time="0.000" classname="com.mendix.test.MaterialScript"/>
  <testcase name="Process_Information_Check" time="0.000" classname="com.mendix.test.MaterialScript"/>
  <testcase name="Process_Information_Check" time="0.000" classname="com.mendix.test.MaterialScript"/>
  <testcase name="Material_Create_Review_Global_Data_Approve_LDP_NAV" time="0.000" classname="com.mendix.test.MaterialScript"/>
  <testcase name="Process_Information_Check" time="0.000" classname="com.mendix.test.MaterialScript"/>
  <testcase name="Process_Information_Check" time="0.001" classname="com.mendix.test.MaterialScript"/>
  <testcase name="Process_Information_Check" time="0.006" classname="com.mendix.test.MaterialScript"/>
  <testcase name="material_Create_Review_Local_Data_Approve_LDS" time="0.000" classname="com.mendix.test.MaterialScript"/>
  <testcase name="Material_Create_Review_Global_Data_Approve_GDA" time="0.001" classname="com.mendix.test.MaterialScript"/>
  <testcase name="material_Create_Local_Data_Approve_LDP_NAV" time="0.000" classname="com.mendix.test.MaterialScript"/>
  <testcase name="process_Information_Check_GlobalID_Extend" time="0.000" classname="com.mendix.test.MaterialScript"/>
  <testcase name="Process_Information_Check" time="0.003" classname="com.mendix.test.MaterialScript"/>
  <testcase name="Material_Create_Review_Global_Data_Approve_LDP_NAV" time="0.000" classname="com.mendix.test.MaterialScript"/>
  <testcase name="Process_Information_Check" time="0.001" classname="com.mendix.test.MaterialScript"/>
  <testcase name="process_Information_Check_GlobalID_Extend" time="0.001" classname="com.mendix.test.MaterialScript"/>
  <testcase name="process_Information_Check_GlobalID_Extend" time="0.000" classname="com.mendix.test.MaterialScript"/>
  <testcase name="Process_Information_Check" time="0.001" classname="com.mendix.test.MaterialScript"/>
  <testcase name="material_Create_Review_Local_Data_Approve_LDS" time="0.000" classname="com.mendix.test.MaterialScript"/>
  <testcase name="material_Create_Review_Local_Data_Approve_LDS" time="0.000" classname="com.mendix.test.MaterialScript"/>
  <testcase name="material_Create_Review_Local_Data_Approve_LDS" time="0.000" classname="com.mendix.test.MaterialScript"/>
  <testcase name="material_Create_Local_Data_Approve_LDP_NAV" time="0.001" classname="com.mendix.test.MaterialScript"/>
  <testcase name="Process_Information_Check" time="0.000" classname="com.mendix.test.MaterialScript"/>
  <testcase name="Process_Information_Check" time="0.000" classname="com.mendix.test.MaterialScript"/>
  <testcase name="material_Create_Local_Data_Approve_LDP_NAV" time="0.000" classname="com.mendix.test.MaterialScript"/>
  <testcase name="Material_Create_Review_Global_Data_Approve_LBDA" time="0.000" classname="com.mendix.test.MaterialScript"/>
  <testcase name="Material_Create_Review_Global_Data_Approve_LDP_NAV" time="0.000" classname="com.mendix.test.MaterialScript"/>
  <testcase name="material_Create_Review_Local_Data_Approve_LDS" time="0.000" classname="com.mendix.test.MaterialScript"/>
  <testcase name="Process_Information_Check" time="0.000" classname="com.mendix.test.MaterialScript"/>
  <testcase name="process_Information_Check_GlobalID_Extend" time="0.000" classname="com.mendix.test.MaterialScript"/>
  <testcase name="process_Information_Check_GlobalID_Extend" time="0.000" classname="com.mendix.test.MaterialScript"/>
  <testcase name="process_Information_Check_GlobalID_Extend" time="0.000" classname="com.mendix.test.MaterialScript"/>
  <testcase name="Process_Information_Check" time="0.001" classname="com.mendix.test.MaterialScript"/>
  <testcase name="Process_Information_Check" time="0.000" classname="com.mendix.test.MaterialScript"/>
  <testcase name="material_Create_Review_Local_Data_Approve_LDS" time="0.000" classname="com.mendix.test.MaterialScript"/>
  <testcase name="Process_Information_Check" time="0.001" classname="com.mendix.test.MaterialScript"/>
  <testcase name="material_Create_Review_Local_Data_Approve_LDS" time="0.000" classname="com.mendix.test.MaterialScript"/>
  <testcase name="material_Create_Local_Data_Approve_LDP_NAV" time="0.001" classname="com.mendix.test.MaterialScript"/>
  <testcase name="Material_Create_Review_Global_Data_Approve_LBDA" time="0.000" classname="com.mendix.test.MaterialScript"/>
  <testcase name="process_Information_Check_GlobalID_Extend" time="0.001" classname="com.mendix.test.MaterialScript"/>
  <testcase name="Process_Information_Check" time="0.000" classname="com.mendix.test.MaterialScript"/>
  <testcase name="Process_Information_Check" time="0.000" classname="com.mendix.test.MaterialScript"/>
  <testcase name="Material_Create_Review_Global_Data_Approve_LBDA" time="0.000" classname="com.mendix.test.MaterialScript"/>
  <testcase name="material_Create_Local_Data_Approve_LDP_NAV" time="0.001" classname="com.mendix.test.MaterialScript"/>
  <testcase name="Process_Information_Check" time="0.000" classname="com.mendix.test.MaterialScript"/>
  <testcase name="Material_Create_Review_Global_Data_Approve_GDA" time="0.000" classname="com.mendix.test.MaterialScript"/>
  <testcase name="Process_Information_Check" time="0.000" classname="com.mendix.test.MaterialScript"/>
  <testcase name="process_Information_Check_GlobalID_Extend" time="0.000" classname="com.mendix.test.MaterialScript"/>
  <testcase name="Process_Information_Check" time="43.631" classname="com.mendix.test.MaterialScript"/>
  <testcase name="Material_Create_Review_Global_Data_Approve_GDA" time="0.000" classname="com.mendix.test.MaterialScript"/>
  <testcase name="material_Create_Local_Data_Approve_LDP_NAV" time="0.000" classname="com.mendix.test.MaterialScript"/>
  <testcase name="process_Information_Check_GlobalID_Extend" time="0.000" classname="com.mendix.test.MaterialScript"/>
  <testcase name="Process_Information_Check" time="0.000" classname="com.mendix.test.MaterialScript"/>
  <testcase name="Material_Create_Review_Global_Data_Approve_LDP_NAV" time="0.000" classname="com.mendix.test.MaterialScript"/>
  <testcase name="process_Information_Check_GlobalID_Extend" time="0.000" classname="com.mendix.test.MaterialScript"/>
  <testcase name="Material_Create_Review_Global_Data_Approve_GDA" time="0.001" classname="com.mendix.test.MaterialScript"/>
  <testcase name="Process_Information_Check" time="0.000" classname="com.mendix.test.MaterialScript"/>
  <testcase name="process_Information_Check_GlobalID_Extend" time="0.000" classname="com.mendix.test.MaterialScript"/>
  <testcase name="process_Information_Check_GlobalID_Extend" time="0.000" classname="com.mendix.test.MaterialScript"/>
  <testcase name="material_Create_Local_Data_Approve_LDP_NAV" time="0.001" classname="com.mendix.test.MaterialScript"/>
  <testcase name="material_Create_Local_Data_Approve_LDP_NAV" time="0.009" classname="com.mendix.test.MaterialScript"/>
  <testcase name="Material_Create_Review_Global_Data_Approve_LBDA" time="0.001" classname="com.mendix.test.MaterialScript"/>
  <testcase name="Process_Information_Check" time="0.000" classname="com.mendix.test.MaterialScript"/>
  <testcase name="Material_Create_Review_Global_Data_Approve_GDA" time="0.000" classname="com.mendix.test.MaterialScript"/>
  <testcase name="material_Create_Local_Data_Approve_LDP_NAV" time="0.000" classname="com.mendix.test.MaterialScript"/>
  <testcase name="material_Create_Review_Local_Data_Approve_LDS" time="0.000" classname="com.mendix.test.MaterialScript"/>
  <testcase name="process_Information_Check_GlobalID_Extend" time="0.000" classname="com.mendix.test.MaterialScript"/>
  <testcase name="Process_Information_Check" time="170.949" classname="com.mendix.test.MaterialScript">
    <error type="org.openqa.selenium.TimeoutException" message="Expected condition failed: waiting for element to be clickable: By.xpath: //a[contains(text(),&#039;Process Information&#039;)] (tried for 160 second(s) with 500 milliseconds interval)">
      <![CDATA[org.openqa.selenium.TimeoutException: Expected condition failed: waiting for element to be clickable: By.xpath: //a[contains(text(),'Process Information')] (tried for 160 second(s) with 500 milliseconds interval)
at org.openqa.selenium.support.ui.WebDriverWait.timeoutException(WebDriverWait.java:95)
at org.openqa.selenium.support.ui.FluentWait.until(FluentWait.java:272)
at com.mendix.page.ProceesInfoPage.processInfoSearch(ProceesInfoPage.java:201)
at com.mendix.test.MaterialScript.Process_Information_Check(MaterialScript.java:96)
at sun.reflect.GeneratedMethodAccessor7.invoke(Unknown Source)
at sun.reflect.DelegatingMethodAccessorImpl.invoke(Unknown Source)
at java.lang.reflect.Method.invoke(Unknown Source)
at org.testng.internal.MethodInvocationHelper.invokeMethod(MethodInvocationHelper.java:124)
at org.testng.internal.Invoker.invokeMethod(Invoker.java:583)
at org.testng.internal.Invoker.invokeTestMethod(Invoker.java:719)
at org.testng.internal.Invoker.invokeTestMethods(Invoker.java:989)
at org.testng.internal.TestMethodWorker.invokeTestMethods(TestMethodWorker.java:125)
at org.testng.internal.TestMethodWorker.run(TestMethodWorker.java:109)
at org.testng.TestRunner.privateRun(TestRunner.java:648)
at org.testng.TestRunner.run(TestRunner.java:505)
at org.testng.SuiteRunner.runTest(SuiteRunner.java:455)
at org.testng.SuiteRunner.runSequentially(SuiteRunner.java:450)
at org.testng.SuiteRunner.privateRun(SuiteRunner.java:415)
at org.testng.SuiteRunner.run(SuiteRunner.java:364)
at org.testng.SuiteRunnerWorker.runSuite(SuiteRunnerWorker.java:52)
at org.testng.SuiteRunnerWorker.run(SuiteRunnerWorker.java:84)
at org.testng.TestNG.runSuitesSequentially(TestNG.java:1208)
at org.testng.TestNG.runSuitesSequentially(TestNG.java:1204)
at org.testng.TestNG.runSuitesLocally(TestNG.java:1137)
at org.testng.TestNG.runSuites(TestNG.java:1049)
at org.testng.TestNG.run(TestNG.java:1017)
at org.testng.remote.AbstractRemoteTestNG.run(AbstractRemoteTestNG.java:114)
at org.testng.remote.RemoteTestNG.initAndRun(RemoteTestNG.java:251)
at org.testng.remote.RemoteTestNG.main(RemoteTestNG.java:77)
Caused by: org.openqa.selenium.NoSuchElementException: Unable to find element with xpath == //a[contains(text(),'Process Information')]
For documentation on this error, please visit: https://www.seleniumhq.org/exceptions/no_such_element.html
Build info: version: '3.141.59', revision: 'e82be7d358', time: '2018-11-14T08:25:53'
System info: host: 'YKUNTALA', ip: '9.79.141.225', os.name: 'Windows 7', os.arch: 'amd64', os.version: '6.1', java.version: '1.8.0_121'
Driver info: org.openqa.selenium.ie.InternetExplorerDriver
Capabilities {acceptInsecureCerts: false, browserName: internet explorer, browserVersion: 11, javascriptEnabled: true, pageLoadStrategy: normal, platform: WINDOWS, platformName: WINDOWS, proxy: Proxy(), se:ieOptions: {browserAttachTimeout: 0, elementScrollBehavior: 0, enablePersistentHover: false, ie.browserCommandLineSwitches: , ie.ensureCleanSession: false, ie.fileUploadDialogTimeout: 3000, ie.forceCreateProcessApi: false, ignoreProtectedModeSettings: false, ignoreZoomSetting: true, initialBrowserUrl: http://localhost:28641/, nativeEvents: true, requireWindowFocus: false}, setWindowRect: true, timeouts: {implicit: 0, pageLoad: 300000, script: 30000}}
Session ID: e8ce1634-d2af-4d18-871a-e72eb6a93762
*** Element info: {Using=xpath, value=//a[contains(text(),'Process Information')]}
at sun.reflect.GeneratedConstructorAccessor39.newInstance(Unknown Source)
at sun.reflect.DelegatingConstructorAccessorImpl.newInstance(Unknown Source)
at java.lang.reflect.Constructor.newInstance(Unknown Source)
at org.openqa.selenium.remote.http.W3CHttpResponseCodec.createException(W3CHttpResponseCodec.java:187)
at org.openqa.selenium.remote.http.W3CHttpResponseCodec.decode(W3CHttpResponseCodec.java:122)
at org.openqa.selenium.remote.http.W3CHttpResponseCodec.decode(W3CHttpResponseCodec.java:49)
at org.openqa.selenium.remote.HttpCommandExecutor.execute(HttpCommandExecutor.java:158)
at org.openqa.selenium.remote.service.DriverCommandExecutor.execute(DriverCommandExecutor.java:83)
at org.openqa.selenium.remote.RemoteWebDriver.execute(RemoteWebDriver.java:552)
at org.openqa.selenium.remote.RemoteWebDriver.findElement(RemoteWebDriver.java:323)
at org.openqa.selenium.remote.RemoteWebDriver.findElementByXPath(RemoteWebDriver.java:428)
at org.openqa.selenium.By$ByXPath.findElement(By.java:353)
at org.openqa.selenium.remote.RemoteWebDriver.findElement(RemoteWebDriver.java:315)
at org.openqa.selenium.support.ui.ExpectedConditions$7.apply(ExpectedConditions.java:205)
at org.openqa.selenium.support.ui.ExpectedConditions$7.apply(ExpectedConditions.java:201)
at org.openqa.selenium.support.ui.ExpectedConditions$22.apply(ExpectedConditions.java:641)
at org.openqa.selenium.support.ui.ExpectedConditions$22.apply(ExpectedConditions.java:638)
at org.openqa.selenium.support.ui.FluentWait.until(FluentWait.java:249)
... 27 more
]]>
    </error>
  </testcase> <!-- Process_Information_Check -->
  <testcase name="Process_Information_Check" time="0.000" classname="com.mendix.test.MaterialScript"/>
  <testcase name="Material_Create_Review_Global_Data_Approve_GDA" time="0.000" classname="com.mendix.test.MaterialScript"/>
  <testcase name="process_Information_Check_GlobalID_Extend" time="0.000" classname="com.mendix.test.MaterialScript"/>
  <testcase name="material_Create_Local_Data_Approve_LDP_NAV" time="0.000" classname="com.mendix.test.MaterialScript"/>
  <testcase name="Process_Information_Check" time="0.000" classname="com.mendix.test.MaterialScript"/>
  <testcase name="Material_Create_Review_Global_Data_Approve_GDA" time="0.000" classname="com.mendix.test.MaterialScript"/>
  <testcase name="Material_Create_Review_Global_Data_Approve_LBDA" time="0.001" classname="com.mendix.test.MaterialScript"/>
  <testcase name="Process_Information_Check" time="0.000" classname="com.mendix.test.MaterialScript"/>
  <testcase name="Material_Create_Review_Global_Data_Approve_LBDA" time="0.000" classname="com.mendix.test.MaterialScript"/>
  <testcase name="Material_Create_Review_Global_Data_Approve_LBDA" time="0.000" classname="com.mendix.test.MaterialScript"/>
  <testcase name="Material_Create_Review_Global_Data_Approve_LDP_NAV" time="0.000" classname="com.mendix.test.MaterialScript"/>
  <testcase name="Process_Information_Check" time="0.001" classname="com.mendix.test.MaterialScript"/>
  <testcase name="Material_Create_Review_Global_Data_Approve_LBDA" time="0.001" classname="com.mendix.test.MaterialScript"/>
  <testcase name="Process_Information_Check" time="0.001" classname="com.mendix.test.MaterialScript"/>
  <testcase name="process_Information_Check_GlobalID_Extend" time="0.000" classname="com.mendix.test.MaterialScript"/>
  <testcase name="process_Information_Check_GlobalID_Extend" time="0.000" classname="com.mendix.test.MaterialScript"/>
  <testcase name="Process_Information_Check" time="0.001" classname="com.mendix.test.MaterialScript"/>
  <testcase name="Process_Information_Check" time="0.000" classname="com.mendix.test.MaterialScript"/>
  <testcase name="process_Information_Check_GlobalID_Extend" time="0.000" classname="com.mendix.test.MaterialScript"/>
  <testcase name="Process_Information_Check" time="0.000" classname="com.mendix.test.MaterialScript"/>
  <testcase name="process_Information_Check_GlobalID_Extend" time="0.000" classname="com.mendix.test.MaterialScript"/>
  <testcase name="process_Information_Check_GlobalID_Extend" time="0.000" classname="com.mendix.test.MaterialScript"/>
  <testcase name="Process_Information_Check" time="0.001" classname="com.mendix.test.MaterialScript"/>
  <testcase name="material_Create_Local_Data_Approve_LDP_NAV" time="0.000" classname="com.mendix.test.MaterialScript"/>
  <testcase name="process_Information_Check_GlobalID_Extend" time="0.000" classname="com.mendix.test.MaterialScript"/>
  <testcase name="material_Create_Review_Local_Data_Approve_LDS" time="0.000" classname="com.mendix.test.MaterialScript"/>
  <testcase name="Process_Information_Check" time="0.000" classname="com.mendix.test.MaterialScript"/>
  <testcase name="Process_Information_Check" time="0.001" classname="com.mendix.test.MaterialScript"/>
  <testcase name="Material_Create_Review_Global_Data_Approve_GDA" time="0.000" classname="com.mendix.test.MaterialScript"/>
  <testcase name="Process_Information_Check" time="0.000" classname="com.mendix.test.MaterialScript"/>
  <testcase name="process_Information_Check_GlobalID_Extend" time="0.000" classname="com.mendix.test.MaterialScript"/>
  <testcase name="process_Information_Check_GlobalID_Extend" time="0.000" classname="com.mendix.test.MaterialScript"/>
  <testcase name="Process_Information_Check" time="0.001" classname="com.mendix.test.MaterialScript"/>
  <testcase name="Process_Information_Check" time="0.000" classname="com.mendix.test.MaterialScript"/>
  <testcase name="Material_Create_Review_Global_Data_Approve_GDA" time="0.000" classname="com.mendix.test.MaterialScript"/>
  <testcase name="Material_Create_Review_Global_Data_Approve_LBDA" time="0.000" classname="com.mendix.test.MaterialScript"/>
  <testcase name="Process_Information_Check" time="0.001" classname="com.mendix.test.MaterialScript"/>
  <testcase name="Process_Information_Check" time="0.001" classname="com.mendix.test.MaterialScript"/>
  <testcase name="process_Information_Check_GlobalID_Extend" time="0.000" classname="com.mendix.test.MaterialScript"/>
  <testcase name="material_Create_Local_Data_Approve_LDP_NAV" time="0.000" classname="com.mendix.test.MaterialScript"/>
  <testcase name="material_Create_Review_Local_Data_Approve_LDS" time="0.000" classname="com.mendix.test.MaterialScript"/>
  <testcase name="Material_Create_Review_Global_Data_Approve_GDA" time="0.000" classname="com.mendix.test.MaterialScript"/>
  <testcase name="Process_Information_Check" time="0.001" classname="com.mendix.test.MaterialScript"/>
  <testcase name="Process_Information_Check" time="0.001" classname="com.mendix.test.MaterialScript"/>
  <testcase name="Process_Information_Check" time="0.000" classname="com.mendix.test.MaterialScript"/>
  <testcase name="Material_Create_Review_Global_Data_Approve_GDA" time="0.001" classname="com.mendix.test.MaterialScript"/>
  <testcase name="Process_Information_Check" time="0.001" classname="com.mendix.test.MaterialScript"/>
  <testcase name="material_Create_Review_Local_Data_Approve_LDS" time="0.000" classname="com.mendix.test.MaterialScript"/>
  <testcase name="Process_Information_Check" time="0.000" classname="com.mendix.test.MaterialScript"/>
  <testcase name="process_Information_Check_GlobalID_Extend" time="0.001" classname="com.mendix.test.MaterialScript"/>
  <testcase name="Material_Create_Review_Global_Data_Approve_GDA" time="186.212" classname="com.mendix.test.MaterialScript"/>
  <testcase name="Material_Create_Review_Global_Data_Approve_LBDA" time="0.000" classname="com.mendix.test.MaterialScript"/>
  <testcase name="Process_Information_Check" time="0.000" classname="com.mendix.test.MaterialScript"/>
  <testcase name="Material_Create_Review_Global_Data_Approve_LBDA" time="0.001" classname="com.mendix.test.MaterialScript"/>
  <testcase name="material_Create_Local_Data_Approve_LDP_NAV" time="0.000" classname="com.mendix.test.MaterialScript"/>
  <testcase name="material_Create_Local_Data_Approve_LDP_NAV" time="0.000" classname="com.mendix.test.MaterialScript"/>
  <testcase name="Process_Information_Check" time="0.008" classname="com.mendix.test.MaterialScript"/>
  <testcase name="Material_Create_Review_Global_Data_Approve_GDA" time="0.001" classname="com.mendix.test.MaterialScript"/>
  <testcase name="Process_Information_Check" time="0.000" classname="com.mendix.test.MaterialScript"/>
  <testcase name="material_Create_Review_Local_Data_Approve_LDS" time="0.000" classname="com.mendix.test.MaterialScript"/>
  <testcase name="Process_Information_Check" time="0.001" classname="com.mendix.test.MaterialScript"/>
  <testcase name="process_Information_Check_GlobalID_Extend" time="0.000" classname="com.mendix.test.MaterialScript"/>
  <testcase name="Process_Information_Check" time="0.001" classname="com.mendix.test.MaterialScript"/>
  <testcase name="Process_Information_Check" time="0.001" classname="com.mendix.test.MaterialScript"/>
  <testcase name="Process_Information_Check" time="0.001" classname="com.mendix.test.MaterialScript"/>
  <testcase name="material_Create_Review_Local_Data_Approve_LDS" time="0.006" classname="com.mendix.test.MaterialScript"/>
  <testcase name="Process_Information_Check" time="0.000" classname="com.mendix.test.MaterialScript"/>
  <testcase name="Process_Information_Check" time="0.000" classname="com.mendix.test.MaterialScript"/>
  <testcase name="Material_Create_Review_Global_Data_Approve_LDP_NAV" time="0.001" classname="com.mendix.test.MaterialScript"/>
  <testcase name="Process_Information_Check" time="0.000" classname="com.mendix.test.MaterialScript"/>
  <testcase name="Material_Create_Review_Global_Data_Approve_LDP_NAV" time="0.006" classname="com.mendix.test.MaterialScript"/>
  <testcase name="Material_Create_Review_Global_Data_Approve_GDA" time="0.001" classname="com.mendix.test.MaterialScript"/>
  <testcase name="Material_Create_Review_Global_Data_Approve_GDA" time="0.000" classname="com.mendix.test.MaterialScript"/>
  <testcase name="Process_Information_Check" time="0.001" classname="com.mendix.test.MaterialScript"/>
  <testcase name="Process_Information_Check" time="0.015" classname="com.mendix.test.MaterialScript"/>
  <testcase name="Material_Create_Review_Global_Data_Approve_LBDA" time="0.000" classname="com.mendix.test.MaterialScript"/>
  <testcase name="Process_Information_Check" time="0.000" classname="com.mendix.test.MaterialScript"/>
  <testcase name="Process_Information_Check" time="0.001" classname="com.mendix.test.MaterialScript"/>
  <testcase name="process_Information_Check_GlobalID_Extend" time="0.000" classname="com.mendix.test.MaterialScript"/>
  <testcase name="material_Create_Review_Local_Data_Approve_LDS" time="0.000" classname="com.mendix.test.MaterialScript"/>
  <testcase name="Material_Create_Review_Global_Data_Approve_LBDA" time="0.003" classname="com.mendix.test.MaterialScript"/>
  <testcase name="Process_Information_Check" time="0.000" classname="com.mendix.test.MaterialScript"/>
  <testcase name="Process_Information_Check" time="0.001" classname="com.mendix.test.MaterialScript"/>
  <testcase name="process_Information_Check_GlobalID_Extend" time="0.000" classname="com.mendix.test.MaterialScript"/>
  <testcase name="Process_Information_Check" time="0.001" classname="com.mendix.test.MaterialScript"/>
  <testcase name="Material_Create_Review_Global_Data_Approve_GDA" time="0.000" classname="com.mendix.test.MaterialScript"/>
  <testcase name="Material_Create_Review_Global_Data_Approve_LDP_NAV" time="0.000" classname="com.mendix.test.MaterialScript"/>
  <testcase name="material_Create_Local_Data_Approve_LDP_NAV" time="0.000" classname="com.mendix.test.MaterialScript"/>
  <testcase name="Material_Create_Review_Global_Data_Approve_GDA" time="0.001" classname="com.mendix.test.MaterialScript"/>
  <testcase name="Process_Information_Check" time="0.001" classname="com.mendix.test.MaterialScript"/>
  <testcase name="Process_Information_Check" time="0.001" classname="com.mendix.test.MaterialScript"/>
  <testcase name="material_Create_Review_Local_Data_Approve_LDS" time="0.000" classname="com.mendix.test.MaterialScript"/>
  <testcase name="Material_Create_Review_Global_Data_Approve_GDA" time="0.000" classname="com.mendix.test.MaterialScript"/>
  <testcase name="material_Create_Review_Local_Data_Approve_LDS" time="0.001" classname="com.mendix.test.MaterialScript"/>
  <testcase name="Process_Information_Check" time="0.001" classname="com.mendix.test.MaterialScript"/>
  <testcase name="Process_Information_Check" time="0.000" classname="com.mendix.test.MaterialScript"/>
  <testcase name="Process_Information_Check" time="0.000" classname="com.mendix.test.MaterialScript"/>
  <testcase name="material_Create_Local_Data_Approve_LDP_NAV" time="0.001" classname="com.mendix.test.MaterialScript"/>
  <testcase name="Material_Create_Review_Global_Data_Approve_LBDA" time="0.000" classname="com.mendix.test.MaterialScript"/>
  <testcase name="process_Information_Check_GlobalID_Extend" time="0.000" classname="com.mendix.test.MaterialScript"/>
  <testcase name="process_Information_Check_GlobalID_Extend" time="0.001" classname="com.mendix.test.MaterialScript"/>
  <testcase name="process_Information_Check_GlobalID_Extend" time="0.001" classname="com.mendix.test.MaterialScript"/>
  <testcase name="Process_Information_Check" time="0.000" classname="com.mendix.test.MaterialScript"/>
  <testcase name="process_Information_Check_GlobalID_Extend" time="0.000" classname="com.mendix.test.MaterialScript"/>
  <testcase name="Material_Create_Review_Global_Data_Approve_LDP_NAV" time="0.001" classname="com.mendix.test.MaterialScript"/>
  <testcase name="Process_Information_Check" time="0.000" classname="com.mendix.test.MaterialScript"/>
  <testcase name="Material_Create_Review_Global_Data_Approve_GDA" time="0.000" classname="com.mendix.test.MaterialScript"/>
  <testcase name="material_Create_Review_Local_Data_Approve_LDS" time="0.000" classname="com.mendix.test.MaterialScript"/>
  <testcase name="Process_Information_Check" time="0.000" classname="com.mendix.test.MaterialScript"/>
  <testcase name="material_Create_Local_Data_Approve_LDP_NAV" time="0.000" classname="com.mendix.test.MaterialScript"/>
  <testcase name="Process_Information_Check" time="0.000" classname="com.mendix.test.MaterialScript"/>
  <testcase name="Process_Information_Check" time="0.001" classname="com.mendix.test.MaterialScript"/>
  <testcase name="process_Information_Check_GlobalID_Extend" time="0.000" classname="com.mendix.test.MaterialScript"/>
  <testcase name="process_Information_Check_GlobalID_Extend" time="0.000" classname="com.mendix.test.MaterialScript"/>
  <testcase name="Process_Information_Check" time="0.000" classname="com.mendix.test.MaterialScript"/>
  <testcase name="Process_Information_Check" time="0.000" classname="com.mendix.test.MaterialScript"/>
  <testcase name="Process_Information_Check" time="0.016" classname="com.mendix.test.MaterialScript"/>
  <testcase name="Process_Information_Check" time="0.001" classname="com.mendix.test.MaterialScript"/>
  <testcase name="Material_Create_Review_Global_Data_Approve_GDA" time="0.000" classname="com.mendix.test.MaterialScript"/>
  <testcase name="Process_Information_Check" time="0.000" classname="com.mendix.test.MaterialScript"/>
  <testcase name="Material_Create_Review_Global_Data_Approve_LBDA" time="0.000" classname="com.mendix.test.MaterialScript"/>
  <testcase name="Process_Information_Check" time="0.001" classname="com.mendix.test.MaterialScript"/>
  <testcase name="Material_Create_Review_Global_Data_Approve_LDP_NAV" time="0.000" classname="com.mendix.test.MaterialScript"/>
  <testcase name="Material_Create_Review_Global_Data_Approve_LDP_NAV" time="0.001" classname="com.mendix.test.MaterialScript"/>
  <testcase name="material_Create_Local_Data_Approve_LDP_NAV" time="0.000" classname="com.mendix.test.MaterialScript"/>
  <testcase name="Process_Information_Check" time="0.001" classname="com.mendix.test.MaterialScript"/>
  <testcase name="Material_Create_Review_Global_Data_Approve_LBDA" time="0.001" classname="com.mendix.test.MaterialScript"/>
  <testcase name="Process_Information_Check" time="0.000" classname="com.mendix.test.MaterialScript"/>
  <testcase name="Process_Information_Check" time="0.001" classname="com.mendix.test.MaterialScript"/>
  <testcase name="Process_Information_Check" time="0.009" classname="com.mendix.test.MaterialScript"/>
  <testcase name="Process_Information_Check" time="0.001" classname="com.mendix.test.MaterialScript"/>
  <testcase name="process_Information_Check_GlobalID_Extend" time="0.000" classname="com.mendix.test.MaterialScript"/>
  <testcase name="Material_Create_Review_Global_Data_Approve_LDP_NAV" time="0.001" classname="com.mendix.test.MaterialScript"/>
  <testcase name="material_Create_Local_Data_Approve_LDP_NAV" time="0.002" classname="com.mendix.test.MaterialScript"/>
  <testcase name="material_Create_Local_Data_Approve_LDP_NAV" time="0.000" classname="com.mendix.test.MaterialScript"/>
  <testcase name="Material_Create_Review_Global_Data_Approve_LDP_NAV" time="0.001" classname="com.mendix.test.MaterialScript"/>
  <testcase name="Process_Information_Check" time="0.000" classname="com.mendix.test.MaterialScript"/>
  <testcase name="process_Information_Check_GlobalID_Extend" time="0.000" classname="com.mendix.test.MaterialScript"/>
  <testcase name="process_Information_Check_GlobalID_Extend" time="0.001" classname="com.mendix.test.MaterialScript"/>
  <testcase name="Material_Create_Review_Global_Data_Approve_GDA" time="0.001" classname="com.mendix.test.MaterialScript"/>
  <testcase name="process_Information_Check_GlobalID_Extend" time="0.001" classname="com.mendix.test.MaterialScript"/>
  <testcase name="Process_Information_Check" time="0.001" classname="com.mendix.test.MaterialScript"/>
  <testcase name="Process_Information_Check" time="0.001" classname="com.mendix.test.MaterialScript"/>
  <testcase name="material_Create_Review_Local_Data_Approve_LDS" time="0.000" classname="com.mendix.test.MaterialScript"/>
  <testcase name="Process_Information_Check" time="0.001" classname="com.mendix.test.MaterialScript"/>
  <testcase name="Process_Information_Check" time="0.001" classname="com.mendix.test.MaterialScript"/>
  <testcase name="Material_Create_Review_Global_Data_Approve_LDP_NAV" time="0.000" classname="com.mendix.test.MaterialScript"/>
  <testcase name="material_Create_Local_Data_Approve_LDP_NAV" time="0.000" classname="com.mendix.test.MaterialScript"/>
  <testcase name="Process_Information_Check" time="0.001" classname="com.mendix.test.MaterialScript"/>
  <testcase name="Material_Create_Review_Global_Data_Approve_GDA" time="0.000" classname="com.mendix.test.MaterialScript"/>
  <testcase name="Material_Create_Review_Global_Data_Approve_GDA" time="0.010" classname="com.mendix.test.MaterialScript"/>
  <testcase name="process_Information_Check_GlobalID_Extend" time="0.000" classname="com.mendix.test.MaterialScript"/>
  <testcase name="material_Create_Local_Data_Approve_LDP_NAV" time="0.000" classname="com.mendix.test.MaterialScript"/>
  <testcase name="Process_Information_Check" time="0.001" classname="com.mendix.test.MaterialScript"/>
  <testcase name="material_Create_Local_Data_Approve_LDP_NAV" time="0.000" classname="com.mendix.test.MaterialScript"/>
  <testcase name="process_Information_Check_GlobalID_Extend" time="0.001" classname="com.mendix.test.MaterialScript"/>
  <testcase name="Process_Information_Check" time="0.001" classname="com.mendix.test.MaterialScript"/>
  <testcase name="Material_Create_Review_Global_Data_Approve_LBDA" time="0.001" classname="com.mendix.test.MaterialScript"/>
  <testcase name="Material_Create_Review_Global_Data_Approve_LBDA" time="0.000" classname="com.mendix.test.MaterialScript"/>
  <testcase name="Process_Information_Check" time="0.000" classname="com.mendix.test.MaterialScript"/>
  <testcase name="Material_Create_Review_Global_Data_Approve_LDP_NAV" time="0.000" classname="com.mendix.test.MaterialScript"/>
  <testcase name="Process_Information_Check" time="0.001" classname="com.mendix.test.MaterialScript"/>
  <testcase name="Material_Create_Review_Global_Data_Approve_LBDA" time="0.000" classname="com.mendix.test.MaterialScript"/>
  <testcase name="process_Information_Check_GlobalID_Extend" time="0.000" classname="com.mendix.test.MaterialScript"/>
  <testcase name="Process_Information_Check" time="0.000" classname="com.mendix.test.MaterialScript"/>
  <testcase name="Material_Create_Review_Global_Data_Approve_LBDA" time="0.000" classname="com.mendix.test.MaterialScript"/>
  <testcase name="Process_Information_Check" time="0.010" classname="com.mendix.test.MaterialScript"/>
  <testcase name="process_Information_Check_GlobalID_Extend" time="0.001" classname="com.mendix.test.MaterialScript"/>
  <testcase name="process_Information_Check_GlobalID_Extend" time="0.000" classname="com.mendix.test.MaterialScript"/>
  <testcase name="Process_Information_Check" time="0.021" classname="com.mendix.test.MaterialScript"/>
  <testcase name="material_Create_Review_Local_Data_Approve_LDS" time="0.001" classname="com.mendix.test.MaterialScript"/>
  <testcase name="Process_Information_Check" time="0.000" classname="com.mendix.test.MaterialScript"/>
  <testcase name="Process_Information_Check" time="0.000" classname="com.mendix.test.MaterialScript"/>
  <testcase name="Material_Create_Review_Global_Data_Approve_LBDA" time="0.000" classname="com.mendix.test.MaterialScript"/>
  <testcase name="Material_Create_Review_Global_Data_Approve_LBDA" time="0.000" classname="com.mendix.test.MaterialScript"/>
  <testcase name="Material_Create_Review_Global_Data_Approve_LDP_NAV" time="0.012" classname="com.mendix.test.MaterialScript"/>
  <testcase name="material_Create_Local_Data_Approve_LDP_NAV" time="0.001" classname="com.mendix.test.MaterialScript"/>
  <testcase name="Process_Information_Check" time="0.001" classname="com.mendix.test.MaterialScript"/>
  <testcase name="Process_Information_Check" time="0.000" classname="com.mendix.test.MaterialScript"/>
  <testcase name="process_Information_Check_GlobalID_Extend" time="0.001" classname="com.mendix.test.MaterialScript"/>
  <testcase name="Material_Create_Review_Global_Data_Approve_LDP_NAV" time="0.001" classname="com.mendix.test.MaterialScript"/>
  <testcase name="Material_Create_Review_Global_Data_Approve_GDA" time="0.000" classname="com.mendix.test.MaterialScript"/>
  <testcase name="process_Information_Check_GlobalID_Extend" time="0.000" classname="com.mendix.test.MaterialScript"/>
  <testcase name="Material_Create_Review_Global_Data_Approve_LDP_NAV" time="0.001" classname="com.mendix.test.MaterialScript"/>
  <testcase name="process_Information_Check_GlobalID_Extend" time="0.000" classname="com.mendix.test.MaterialScript"/>
  <testcase name="Process_Information_Check" time="0.000" classname="com.mendix.test.MaterialScript"/>
  <testcase name="Material_Create_Review_Global_Data_Approve_GDA" time="0.000" classname="com.mendix.test.MaterialScript"/>
  <testcase name="material_Create_Local_Data_Approve_LDP_NAV" time="0.001" classname="com.mendix.test.MaterialScript"/>
  <testcase name="Process_Information_Check" time="0.001" classname="com.mendix.test.MaterialScript"/>
  <testcase name="Process_Information_Check" time="0.000" classname="com.mendix.test.MaterialScript"/>
  <testcase name="Process_Information_Check" time="0.001" classname="com.mendix.test.MaterialScript"/>
  <testcase name="material_Create_Local_Data_Approve_LDP_NAV" time="0.000" classname="com.mendix.test.MaterialScript"/>
  <testcase name="Process_Information_Check" time="0.001" classname="com.mendix.test.MaterialScript"/>
  <testcase name="Process_Information_Check" time="0.001" classname="com.mendix.test.MaterialScript"/>
  <testcase name="process_Information_Check_GlobalID_Extend" time="0.000" classname="com.mendix.test.MaterialScript"/>
  <testcase name="Material_Create_Review_Global_Data_Approve_LBDA" time="0.000" classname="com.mendix.test.MaterialScript"/>
  <testcase name="Process_Information_Check" time="48.937" classname="com.mendix.test.MaterialScript"/>
  <testcase name="process_Information_Check_GlobalID_Extend" time="0.000" classname="com.mendix.test.MaterialScript"/>
  <testcase name="material_Create_Review_Local_Data_Approve_LDS" time="0.001" classname="com.mendix.test.MaterialScript"/>
  <testcase name="Process_Information_Check" time="0.001" classname="com.mendix.test.MaterialScript"/>
  <testcase name="material_Create_Local_Data_Approve_LDP_NAV" time="0.001" classname="com.mendix.test.MaterialScript"/>
  <testcase name="Material_Create_Review_Global_Data_Approve_GDA" time="0.000" classname="com.mendix.test.MaterialScript"/>
  <testcase name="Material_Create_Review_Global_Data_Approve_GDA" time="0.000" classname="com.mendix.test.MaterialScript"/>
  <testcase name="Process_Information_Check" time="0.001" classname="com.mendix.test.MaterialScript"/>
  <testcase name="Material_Create_Review_Global_Data_Approve_GDA" time="0.000" classname="com.mendix.test.MaterialScript"/>
  <testcase name="material_Create_Local_Data_Approve_LDP_NAV" time="0.000" classname="com.mendix.test.MaterialScript"/>
  <testcase name="material_Create_Review_Local_Data_Approve_LDS" time="0.007" classname="com.mendix.test.MaterialScript"/>
  <testcase name="Process_Information_Check" time="0.000" classname="com.mendix.test.MaterialScript"/>
  <testcase name="material_Create_Review_Local_Data_Approve_LDS" time="0.000" classname="com.mendix.test.MaterialScript"/>
  <testcase name="Process_Information_Check" time="0.000" classname="com.mendix.test.MaterialScript"/>
  <testcase name="process_Information_Check_GlobalID_Extend" time="60.025" classname="com.mendix.test.MaterialScript"/>
  <testcase name="Process_Information_Check" time="0.000" classname="com.mendix.test.MaterialScript"/>
  <testcase name="process_Information_Check_GlobalID_Extend" time="0.000" classname="com.mendix.test.MaterialScript"/>
  <testcase name="process_Information_Check_GlobalID_Extend" time="0.010" classname="com.mendix.test.MaterialScript"/>
  <testcase name="Material_Create_Review_Global_Data_Approve_LBDA" time="0.000" classname="com.mendix.test.MaterialScript"/>
  <testcase name="material_Create_Review_Local_Data_Approve_LDS" time="0.000" classname="com.mendix.test.MaterialScript"/>
  <testcase name="Process_Information_Check" time="0.000" classname="com.mendix.test.MaterialScript"/>
  <testcase name="Material_Create_Review_Global_Data_Approve_LBDA" time="0.000" classname="com.mendix.test.MaterialScript"/>
  <testcase name="Process_Information_Check" time="0.001" classname="com.mendix.test.MaterialScript"/>
  <testcase name="Process_Information_Check" time="0.000" classname="com.mendix.test.MaterialScript"/>
  <testcase name="Process_Information_Check" time="0.001" classname="com.mendix.test.MaterialScript"/>
  <testcase name="Process_Information_Check" time="0.001" classname="com.mendix.test.MaterialScript"/>
  <testcase name="Process_Information_Check" time="0.001" classname="com.mendix.test.MaterialScript"/>
  <testcase name="Material_Create_Review_Global_Data_Approve_LBDA" time="0.006" classname="com.mendix.test.MaterialScript"/>
  <testcase name="Process_Information_Check" time="0.000" classname="com.mendix.test.MaterialScript"/>
  <testcase name="Process_Information_Check" time="0.000" classname="com.mendix.test.MaterialScript"/>
  <testcase name="process_Information_Check_GlobalID_Extend" time="0.000" classname="com.mendix.test.MaterialScript"/>
  <testcase name="material_Create_Local_Data_Approve_LDP_NAV" time="0.013" classname="com.mendix.test.MaterialScript"/>
  <testcase name="Process_Information_Check" time="0.001" classname="com.mendix.test.MaterialScript"/>
  <testcase name="material_Create_Review_Local_Data_Approve_LDS" time="0.000" classname="com.mendix.test.MaterialScript"/>
  <testcase name="Material_Create_Review_Global_Data_Approve_LDP_NAV" time="0.009" classname="com.mendix.test.MaterialScript"/>
  <testcase name="Process_Information_Check" time="0.001" classname="com.mendix.test.MaterialScript"/>
  <testcase name="Process_Information_Check" time="0.014" classname="com.mendix.test.MaterialScript"/>
  <testcase name="Process_Information_Check" time="0.000" classname="com.mendix.test.MaterialScript"/>
  <testcase name="process_Information_Check_GlobalID_Extend" time="0.001" classname="com.mendix.test.MaterialScript"/>
  <testcase name="Process_Information_Check" time="0.000" classname="com.mendix.test.MaterialScript"/>
  <testcase name="material_Create_Review_Local_Data_Approve_LDS" time="0.000" classname="com.mendix.test.MaterialScript"/>
  <testcase name="Process_Information_Check" time="0.001" classname="com.mendix.test.MaterialScript"/>
  <testcase name="Process_Information_Check" time="0.000" classname="com.mendix.test.MaterialScript"/>
  <testcase name="Material_Create_Review_Global_Data_Approve_LDP_NAV" time="0.001" classname="com.mendix.test.MaterialScript"/>
  <testcase name="Process_Information_Check" time="0.002" classname="com.mendix.test.MaterialScript"/>
  <testcase name="Process_Information_Check" time="0.000" classname="com.mendix.test.MaterialScript"/>
  <testcase name="Process_Information_Check" time="0.001" classname="com.mendix.test.MaterialScript"/>
  <testcase name="material_Create_Review_Local_Data_Approve_LDS" time="0.000" classname="com.mendix.test.MaterialScript"/>
  <testcase name="material_Create_Local_Data_Approve_LDP_NAV" time="0.001" classname="com.mendix.test.MaterialScript"/>
  <testcase name="Material_Create_Review_Global_Data_Approve_LDP_NAV" time="0.001" classname="com.mendix.test.MaterialScript"/>
  <testcase name="Material_Create_Review_Global_Data_Approve_LDP_NAV" time="0.000" classname="com.mendix.test.MaterialScript"/>
  <testcase name="process_Information_Check_GlobalID_Extend" time="0.000" classname="com.mendix.test.MaterialScript"/>
  <testcase name="Material_Create_Review_Global_Data_Approve_LBDA" time="0.000" classname="com.mendix.test.MaterialScript"/>
  <testcase name="Process_Information_Check" time="0.000" classname="com.mendix.test.MaterialScript"/>
  <testcase name="material_Create_Local_Data_Approve_LDP_NAV" time="0.001" classname="com.mendix.test.MaterialScript"/>
  <testcase name="material_Create_Review_Local_Data_Approve_LDS" time="0.000" classname="com.mendix.test.MaterialScript"/>
  <testcase name="Process_Information_Check" time="0.001" classname="com.mendix.test.MaterialScript"/>
  <testcase name="Material_Create_Review_Global_Data_Approve_LDP_NAV" time="0.000" classname="com.mendix.test.MaterialScript"/>
  <testcase name="Process_Information_Check" time="0.000" classname="com.mendix.test.MaterialScript"/>
  <testcase name="Process_Information_Check" time="0.001" classname="com.mendix.test.MaterialScript"/>
  <testcase name="process_Information_Check_GlobalID_Extend" time="0.008" classname="com.mendix.test.MaterialScript"/>
  <testcase name="process_Information_Check_GlobalID_Extend" time="0.001" classname="com.mendix.test.MaterialScript"/>
  <testcase name="Process_Information_Check" time="0.000" classname="com.mendix.test.MaterialScript"/>
  <testcase name="material_Create_Review_Local_Data_Approve_LDS" time="0.000" classname="com.mendix.test.MaterialScript"/>
  <testcase name="Material_Create_Review_Global_Data_Approve_LBDA" time="0.000" classname="com.mendix.test.MaterialScript"/>
  <testcase name="Process_Information_Check" time="0.000" classname="com.mendix.test.MaterialScript"/>
  <testcase name="material_Create_Local_Data_Approve_LDP_NAV" time="0.000" classname="com.mendix.test.MaterialScript"/>
  <testcase name="Material_Create_Review_Global_Data_Approve_LBDA" time="0.018" classname="com.mendix.test.MaterialScript"/>
  <testcase name="Process_Information_Check" time="49.170" classname="com.mendix.test.MaterialScript"/>
  <testcase name="process_Information_Check_GlobalID_Extend" time="0.011" classname="com.mendix.test.MaterialScript"/>
  <testcase name="process_Information_Check_GlobalID_Extend" time="0.000" classname="com.mendix.test.MaterialScript"/>
  <testcase name="material_Create_Review_Local_Data_Approve_LDS" time="0.000" classname="com.mendix.test.MaterialScript"/>
  <testcase name="Material_Create_Review_Global_Data_Approve_LBDA" time="0.000" classname="com.mendix.test.MaterialScript"/>
  <testcase name="Material_Create_Review_Global_Data_Approve_LDP_NAV" time="0.001" classname="com.mendix.test.MaterialScript"/>
  <testcase name="Material_Create_Review_Global_Data_Approve_LBDA" time="0.001" classname="com.mendix.test.MaterialScript"/>
  <testcase name="Material_Create_Review_Global_Data_Approve_GDA" time="0.016" classname="com.mendix.test.MaterialScript"/>
  <testcase name="material_Create_Review_Local_Data_Approve_LDS" time="0.000" classname="com.mendix.test.MaterialScript"/>
  <testcase name="material_Create_Review_Local_Data_Approve_LDS" time="0.001" classname="com.mendix.test.MaterialScript"/>
  <testcase name="process_Information_Check_GlobalID_Extend" time="0.000" classname="com.mendix.test.MaterialScript"/>
  <testcase name="process_Information_Check_GlobalID_Extend" time="0.000" classname="com.mendix.test.MaterialScript"/>
  <testcase name="process_Information_Check_GlobalID_Extend" time="0.001" classname="com.mendix.test.MaterialScript"/>
  <testcase name="material_Create_Review_Local_Data_Approve_LDS" time="0.001" classname="com.mendix.test.MaterialScript"/>
  <testcase name="Material_Create_Review_Global_Data_Approve_GDA" time="0.000" classname="com.mendix.test.MaterialScript"/>
  <testcase name="Process_Information_Check" time="0.000" classname="com.mendix.test.MaterialScript"/>
  <testcase name="material_Create_Local_Data_Approve_LDP_NAV" time="0.000" classname="com.mendix.test.MaterialScript"/>
  <testcase name="Process_Information_Check" time="0.000" classname="com.mendix.test.MaterialScript"/>
  <testcase name="Process_Information_Check" time="0.000" classname="com.mendix.test.MaterialScript"/>
  <testcase name="material_Create_Local_Data_Approve_LDP_NAV" time="0.001" classname="com.mendix.test.MaterialScript"/>
  <testcase name="Material_Create_Review_Global_Data_Approve_LBDA" time="0.001" classname="com.mendix.test.MaterialScript"/>
  <testcase name="Material_Create_Review_Global_Data_Approve_LDP_NAV" time="202.755" classname="com.mendix.test.MaterialScript"/>
  <testcase name="Process_Information_Check" time="0.001" classname="com.mendix.test.MaterialScript"/>
  <testcase name="material_Create_Local_Data_Approve_LDP_NAV" time="0.001" classname="com.mendix.test.MaterialScript"/>
  <testcase name="Process_Information_Check" time="0.010" classname="com.mendix.test.MaterialScript"/>
  <testcase name="process_Information_Check_GlobalID_Extend" time="0.001" classname="com.mendix.test.MaterialScript"/>
  <testcase name="process_Information_Check_GlobalID_Extend" time="0.001" classname="com.mendix.test.MaterialScript"/>
  <testcase name="Process_Information_Check" time="0.000" classname="com.mendix.test.MaterialScript"/>
  <testcase name="Material_Create_Review_Global_Data_Approve_GDA" time="0.000" classname="com.mendix.test.MaterialScript"/>
  <testcase name="Process_Information_Check" time="0.000" classname="com.mendix.test.MaterialScript"/>
  <testcase name="Process_Information_Check" time="0.000" classname="com.mendix.test.MaterialScript"/>
  <testcase name="material_Create_Review_Local_Data_Approve_LDS" time="0.001" classname="com.mendix.test.MaterialScript"/>
  <testcase name="Process_Information_Check" time="0.021" classname="com.mendix.test.MaterialScript"/>
  <testcase name="Process_Information_Check" time="0.001" classname="com.mendix.test.MaterialScript"/>
  <testcase name="material_Create_Review_Local_Data_Approve_LDS" time="0.000" classname="com.mendix.test.MaterialScript"/>
  <testcase name="material_Create_Local_Data_Approve_LDP_NAV" time="0.000" classname="com.mendix.test.MaterialScript"/>
  <testcase name="Material_Create_Review_Global_Data_Approve_GDA" time="0.001" classname="com.mendix.test.MaterialScript"/>
  <testcase name="process_Information_Check_GlobalID_Extend" time="0.001" classname="com.mendix.test.MaterialScript"/>
  <testcase name="material_Create_Review_Local_Data_Approve_LDS" time="0.001" classname="com.mendix.test.MaterialScript"/>
  <testcase name="process_Information_Check_GlobalID_Extend" time="0.000" classname="com.mendix.test.MaterialScript"/>
  <testcase name="Process_Information_Check" time="0.000" classname="com.mendix.test.MaterialScript"/>
  <testcase name="Process_Information_Check" time="0.000" classname="com.mendix.test.MaterialScript"/>
  <testcase name="Process_Information_Check" time="0.001" classname="com.mendix.test.MaterialScript"/>
  <testcase name="Process_Information_Check" time="0.001" classname="com.mendix.test.MaterialScript"/>
  <testcase name="Material_Create_Review_Global_Data_Approve_LDP_NAV" time="0.001" classname="com.mendix.test.MaterialScript"/>
  <testcase name="Process_Information_Check" time="0.001" classname="com.mendix.test.MaterialScript"/>
  <testcase name="Material_Create_Review_Global_Data_Approve_GDA" time="0.000" classname="com.mendix.test.MaterialScript"/>
  <testcase name="process_Information_Check_GlobalID_Extend" time="0.000" classname="com.mendix.test.MaterialScript"/>
  <testcase name="Process_Information_Check" time="0.000" classname="com.mendix.test.MaterialScript"/>
  <testcase name="Process_Information_Check" time="0.001" classname="com.mendix.test.MaterialScript"/>
  <testcase name="process_Information_Check_GlobalID_Extend" time="0.000" classname="com.mendix.test.MaterialScript"/>
  <testcase name="Process_Information_Check" time="0.001" classname="com.mendix.test.MaterialScript"/>
  <testcase name="Process_Information_Check" time="0.002" classname="com.mendix.test.MaterialScript"/>
  <testcase name="Material_Create_Review_Global_Data_Approve_LBDA" time="0.001" classname="com.mendix.test.MaterialScript"/>
  <testcase name="process_Information_Check_GlobalID_Extend" time="0.000" classname="com.mendix.test.MaterialScript"/>
  <testcase name="material_Create_Local_Data_Approve_LDP_NAV" time="0.000" classname="com.mendix.test.MaterialScript"/>
  <testcase name="Process_Information_Check" time="0.002" classname="com.mendix.test.MaterialScript"/>
  <testcase name="Material_Create_Review_Global_Data_Approve_LBDA" time="0.001" classname="com.mendix.test.MaterialScript"/>
  <testcase name="Material_Create_Review_Global_Data_Approve_GDA" time="0.000" classname="com.mendix.test.MaterialScript"/>
  <testcase name="Material_Create_Review_Global_Data_Approve_LBDA" time="0.000" classname="com.mendix.test.MaterialScript"/>
  <testcase name="Process_Information_Check" time="0.000" classname="com.mendix.test.MaterialScript"/>
  <testcase name="Material_Create_Review_Global_Data_Approve_LDP_NAV" time="0.001" classname="com.mendix.test.MaterialScript"/>
  <testcase name="material_Create_Review_Local_Data_Approve_LDS" time="0.010" classname="com.mendix.test.MaterialScript"/>
  <testcase name="Process_Information_Check" time="0.001" classname="com.mendix.test.MaterialScript"/>
  <testcase name="Material_Create_Review_Global_Data_Approve_LBDA" time="0.000" classname="com.mendix.test.MaterialScript"/>
  <testcase name="Material_Create_Review_Global_Data_Approve_LDP_NAV" time="0.000" classname="com.mendix.test.MaterialScript"/>
  <testcase name="material_Create_Local_Data_Approve_LDP_NAV" time="0.000" classname="com.mendix.test.MaterialScript"/>
  <testcase name="process_Information_Check_GlobalID_Extend" time="0.000" classname="com.mendix.test.MaterialScript"/>
  <testcase name="Material_Create_Review_Global_Data_Approve_LBDA" time="0.000" classname="com.mendix.test.MaterialScript"/>
  <testcase name="Process_Information_Check" time="0.001" classname="com.mendix.test.MaterialScript"/>
  <testcase name="material_Create_Local_Data_Approve_LDP_NAV" time="0.000" classname="com.mendix.test.MaterialScript"/>
  <testcase name="Process_Information_Check" time="0.001" classname="com.mendix.test.MaterialScript"/>
  <testcase name="Process_Information_Check" time="0.000" classname="com.mendix.test.MaterialScript"/>
  <testcase name="process_Information_Check_GlobalID_Extend" time="0.000" classname="com.mendix.test.MaterialScript"/>
  <testcase name="material_Create_Review_Local_Data_Approve_LDS" time="0.001" classname="com.mendix.test.MaterialScript"/>
  <testcase name="Process_Information_Check" time="0.001" classname="com.mendix.test.MaterialScript"/>
  <testcase name="Process_Information_Check" time="0.000" classname="com.mendix.test.MaterialScript"/>
  <testcase name="Process_Information_Check" time="0.001" classname="com.mendix.test.MaterialScript"/>
  <testcase name="Material_Create_Review_Global_Data_Approve_GDA" time="0.000" classname="com.mendix.test.MaterialScript"/>
  <testcase name="material_Create_Review_Local_Data_Approve_LDS" time="0.007" classname="com.mendix.test.MaterialScript"/>
  <testcase name="material_Create_Review_Local_Data_Approve_LDS" time="0.001" classname="com.mendix.test.MaterialScript"/>
  <testcase name="Material_Create_Review_Global_Data_Approve_GDA" time="0.000" classname="com.mendix.test.MaterialScript"/>
  <testcase name="material_Create_Local_Data_Approve_LDP_NAV" time="0.000" classname="com.mendix.test.MaterialScript"/>
  <testcase name="process_Information_Check_GlobalID_Extend" time="0.000" classname="com.mendix.test.MaterialScript"/>
  <testcase name="Material_Create_Review_Global_Data_Approve_GDA" time="0.000" classname="com.mendix.test.MaterialScript"/>
  <testcase name="process_Information_Check_GlobalID_Extend" time="0.000" classname="com.mendix.test.MaterialScript"/>
  <testcase name="Process_Information_Check" time="0.001" classname="com.mendix.test.MaterialScript"/>
  <testcase name="Process_Information_Check" time="0.014" classname="com.mendix.test.MaterialScript"/>
  <testcase name="process_Information_Check_GlobalID_Extend" time="0.001" classname="com.mendix.test.MaterialScript"/>
  <testcase name="Process_Information_Check" time="0.000" classname="com.mendix.test.MaterialScript"/>
  <testcase name="material_Create_Local_Data_Approve_LDP_NAV" time="0.000" classname="com.mendix.test.MaterialScript"/>
  <testcase name="Process_Information_Check" time="0.000" classname="com.mendix.test.MaterialScript"/>
  <testcase name="Process_Information_Check" time="0.000" classname="com.mendix.test.MaterialScript"/>
  <testcase name="process_Information_Check_GlobalID_Extend" time="0.018" classname="com.mendix.test.MaterialScript"/>
  <testcase name="Process_Information_Check" time="0.001" classname="com.mendix.test.MaterialScript"/>
  <testcase name="Material_Create_Review_Global_Data_Approve_LDP_NAV" time="0.001" classname="com.mendix.test.MaterialScript"/>
  <testcase name="Process_Information_Check" time="0.000" classname="com.mendix.test.MaterialScript"/>
  <testcase name="Material_Create_Review_Global_Data_Approve_GDA" time="0.000" classname="com.mendix.test.MaterialScript"/>
  <testcase name="Material_Create_Review_Global_Data_Approve_GDA" time="0.001" classname="com.mendix.test.MaterialScript"/>
  <testcase name="Process_Information_Check" time="0.001" classname="com.mendix.test.MaterialScript"/>
  <testcase name="material_Create_Local_Data_Approve_LDP_NAV" time="0.000" classname="com.mendix.test.MaterialScript"/>
  <testcase name="Process_Information_Check" time="0.001" classname="com.mendix.test.MaterialScript"/>
  <testcase name="Process_Information_Check" time="0.001" classname="com.mendix.test.MaterialScript"/>
  <testcase name="process_Information_Check_GlobalID_Extend" time="0.000" classname="com.mendix.test.MaterialScript"/>
  <testcase name="Material_Create_Review_Global_Data_Approve_LBDA" time="0.000" classname="com.mendix.test.MaterialScript"/>
  <testcase name="Material_Create_Review_Global_Data_Approve_LBDA" time="0.000" classname="com.mendix.test.MaterialScript"/>
  <testcase name="Material_Create_Review_Global_Data_Approve_LBDA" time="0.000" classname="com.mendix.test.MaterialScript"/>
  <testcase name="Process_Information_Check" time="0.001" classname="com.mendix.test.MaterialScript"/>
  <testcase name="Process_Information_Check" time="0.001" classname="com.mendix.test.MaterialScript"/>
  <testcase name="Process_Information_Check" time="0.001" classname="com.mendix.test.MaterialScript"/>
  <testcase name="process_Information_Check_GlobalID_Extend" time="0.000" classname="com.mendix.test.MaterialScript"/>
  <testcase name="Process_Information_Check" time="0.000" classname="com.mendix.test.MaterialScript"/>
  <testcase name="process_Information_Check_GlobalID_Extend" time="0.000" classname="com.mendix.test.MaterialScript"/>
  <testcase name="process_Information_Check_GlobalID_Extend" time="0.001" classname="com.mendix.test.MaterialScript"/>
  <testcase name="material_Create_Local_Data_Approve_LDP_NAV" time="0.001" classname="com.mendix.test.MaterialScript"/>
  <testcase name="process_Information_Check_GlobalID_Extend" time="0.007" classname="com.mendix.test.MaterialScript"/>
  <testcase name="Process_Information_Check" time="0.001" classname="com.mendix.test.MaterialScript"/>
  <testcase name="Process_Information_Check" time="0.000" classname="com.mendix.test.MaterialScript"/>
  <testcase name="Process_Information_Check" time="0.000" classname="com.mendix.test.MaterialScript"/>
  <testcase name="Process_Information_Check" time="0.000" classname="com.mendix.test.MaterialScript"/>
  <testcase name="Process_Information_Check" time="0.009" classname="com.mendix.test.MaterialScript"/>
  <testcase name="Process_Information_Check" time="0.029" classname="com.mendix.test.MaterialScript"/>
  <testcase name="process_Information_Check_GlobalID_Extend" time="0.000" classname="com.mendix.test.MaterialScript"/>
  <testcase name="material_Create_Review_Local_Data_Approve_LDS" time="0.001" classname="com.mendix.test.MaterialScript"/>
  <testcase name="Process_Information_Check" time="0.000" classname="com.mendix.test.MaterialScript"/>
  <testcase name="process_Information_Check_GlobalID_Extend" time="0.000" classname="com.mendix.test.MaterialScript"/>
  <testcase name="Process_Information_Check" time="0.000" classname="com.mendix.test.MaterialScript"/>
  <testcase name="Process_Information_Check" time="0.000" classname="com.mendix.test.MaterialScript"/>
  <testcase name="Process_Information_Check" time="44.986" classname="com.mendix.test.MaterialScript"/>
  <testcase name="Material_Create_Review_Global_Data_Approve_LBDA" time="0.000" classname="com.mendix.test.MaterialScript"/>
  <testcase name="Material_Create_Review_Global_Data_Approve_LDP_NAV" time="0.005" classname="com.mendix.test.MaterialScript"/>
  <testcase name="Material_Create_Review_Global_Data_Approve_GDA" time="0.000" classname="com.mendix.test.MaterialScript"/>
  <testcase name="material_Create_Local_Data_Approve_LDP_NAV" time="0.001" classname="com.mendix.test.MaterialScript"/>
  <testcase name="material_Create_Review_Local_Data_Approve_LDS" time="0.001" classname="com.mendix.test.MaterialScript"/>
  <testcase name="material_Create_Local_Data_Approve_LDP_NAV" time="0.000" classname="com.mendix.test.MaterialScript"/>
  <testcase name="material_Create_Review_Local_Data_Approve_LDS" time="0.000" classname="com.mendix.test.MaterialScript"/>
  <testcase name="Material_Create_Review_Global_Data_Approve_LDP_NAV" time="0.000" classname="com.mendix.test.MaterialScript"/>
  <testcase name="Process_Information_Check" time="0.000" classname="com.mendix.test.MaterialScript"/>
  <testcase name="Material_Create_Review_Global_Data_Approve_GDA" time="0.001" classname="com.mendix.test.MaterialScript"/>
  <testcase name="process_Information_Check_GlobalID_Extend" time="0.001" classname="com.mendix.test.MaterialScript"/>
  <testcase name="Process_Information_Check" time="0.007" classname="com.mendix.test.MaterialScript"/>
  <testcase name="Process_Information_Check" time="0.001" classname="com.mendix.test.MaterialScript"/>
  <testcase name="Process_Information_Check" time="0.000" classname="com.mendix.test.MaterialScript"/>
  <testcase name="process_Information_Check_GlobalID_Extend" time="0.001" classname="com.mendix.test.MaterialScript"/>
  <testcase name="Material_Create_Review_Global_Data_Approve_LDP_NAV" time="0.000" classname="com.mendix.test.MaterialScript"/>
  <testcase name="Process_Information_Check" time="0.001" classname="com.mendix.test.MaterialScript"/>
  <testcase name="material_Create_Review_Local_Data_Approve_LDS" time="0.001" classname="com.mendix.test.MaterialScript"/>
  <testcase name="Process_Information_Check" time="0.015" classname="com.mendix.test.MaterialScript"/>
  <testcase name="Process_Information_Check" time="0.000" classname="com.mendix.test.MaterialScript"/>
  <testcase name="process_Information_Check_GlobalID_Extend" time="0.001" classname="com.mendix.test.MaterialScript"/>
  <testcase name="material_Create_Review_Local_Data_Approve_LDS" time="0.000" classname="com.mendix.test.MaterialScript"/>
  <testcase name="material_Create_Review_Local_Data_Approve_LDS" time="0.000" classname="com.mendix.test.MaterialScript"/>
  <testcase name="Material_Create_Review_Global_Data_Approve_GDA" time="0.000" classname="com.mendix.test.MaterialScript"/>
  <testcase name="material_Create_Local_Data_Approve_LDP_NAV" time="0.010" classname="com.mendix.test.MaterialScript"/>
  <testcase name="Process_Information_Check" time="0.000" classname="com.mendix.test.MaterialScript"/>
  <testcase name="process_Information_Check_GlobalID_Extend" time="0.000" classname="com.mendix.test.MaterialScript"/>
  <testcase name="process_Information_Check_GlobalID_Extend" time="0.000" classname="com.mendix.test.MaterialScript"/>
  <testcase name="Material_Create_Review_Global_Data_Approve_GDA" time="0.000" classname="com.mendix.test.MaterialScript"/>
  <testcase name="Material_Create_Review_Global_Data_Approve_LBDA" time="0.012" classname="com.mendix.test.MaterialScript"/>
  <testcase name="Process_Information_Check" time="0.000" classname="com.mendix.test.MaterialScript"/>
  <testcase name="material_Create_Local_Data_Approve_LDP_NAV" time="0.008" classname="com.mendix.test.MaterialScript"/>
  <testcase name="material_Create_Review_Local_Data_Approve_LDS" time="0.000" classname="com.mendix.test.MaterialScript"/>
  <testcase name="material_Create_Review_Local_Data_Approve_LDS" time="0.000" classname="com.mendix.test.MaterialScript"/>
[...]
  <testcase name="material_Create_Review_Local_Data_Approve_LDS" time="0.000" classname="com.mendix.test.MaterialScript"/>
  <testcase name="Material_Create_Review_Global_Data_Approve_LBDA" time="0.000" classname="com.mendix.test.MaterialScript"/>
  <testcase name="Process_Information_Check" time="0.000" classname="com.mendix.test.MaterialScript"/>
  <testcase name="material_Create_Local_Data_Approve_LDP_NAV" time="0.000" classname="com.mendix.test.MaterialScript"/>
  <testcase name="material_Create_Review_Local_Data_Approve_LDS" time="0.000" classname="com.mendix.test.MaterialScript"/>
  <testcase name="Material_Create_Fill_In_Questionnaire" time="27.734" classname="com.mendix.test.MaterialScript"/>
  <testcase name="process_Information_Check_GlobalID_Extend" time="0.000" classname="com.mendix.test.MaterialScript"/>
  <testcase name="Process_Information_Check" time="0.038" classname="com.mendix.test.MaterialScript"/>
  <testcase name="Process_Information_Check" time="0.000" classname="com.mendix.test.MaterialScript"/>
  <testcase name="Process_Information_Check" time="0.000" classname="com.mendix.test.MaterialScript"/>
  <testcase name="Process_Information_Check" time="0.000" classname="com.mendix.test.MaterialScript"/>
  <testcase name="Material_Create_Review_Global_Data_Approve_LDP_NAV" time="0.000" classname="com.mendix.test.MaterialScript"/>
  <testcase name="Material_Create_Review_Global_Data_Approve_GDA" time="0.010" classname="com.mendix.test.MaterialScript"/>
  <testcase name="Process_Information_Check" time="0.001" classname="com.mendix.test.MaterialScript"/>
  <testcase name="Material_Create_Review_Global_Data_Approve_LDP_NAV" time="0.000" classname="com.mendix.test.MaterialScript"/>
  <testcase name="Process_Information_Check" time="0.000" classname="com.mendix.test.MaterialScript"/>
  <testcase name="Process_Information_Check" time="0.000" classname="com.mendix.test.MaterialScript"/>
  <testcase name="Process_Information_Check" time="0.000" classname="com.mendix.test.MaterialScript"/>
  <testcase name="material_Create_Review_Local_Data_Approve_LDS" time="0.000" classname="com.mendix.test.MaterialScript"/>
  <testcase name="process_Information_Check_GlobalID_Extend" time="0.001" classname="com.mendix.test.MaterialScript"/>
  <testcase name="Process_Information_Check" time="0.001" classname="com.mendix.test.MaterialScript"/>
  <testcase name="material_Create_Local_Data_Approve_LDP_NAV" time="0.001" classname="com.mendix.test.MaterialScript"/>
  <testcase name="material_Create_Local_Data_Approve_LDP_NAV" time="0.001" classname="com.mendix.test.MaterialScript"/>
  <testcase name="Process_Information_Check" time="0.000" classname="com.mendix.test.MaterialScript"/>
  <testcase name="Material_Create_Review_Global_Data_Approve_LDP_NAV" time="0.000" classname="com.mendix.test.MaterialScript"/>
  <testcase name="process_Information_Check_GlobalID_Extend" time="0.001" classname="com.mendix.test.MaterialScript"/>
  <testcase name="process_Information_Check_GlobalID_Extend" time="0.000" classname="com.mendix.test.MaterialScript"/>
  <testcase name="Process_Information_Check" time="0.000" classname="com.mendix.test.MaterialScript"/>
  <testcase name="Process_Information_Check" time="0.000" classname="com.mendix.test.MaterialScript"/>
  <testcase name="Material_Create_Review_Global_Data_Approve_GDA" time="0.000" classname="com.mendix.test.MaterialScript"/>
  <testcase name="process_Information_Check_GlobalID_Extend" time="0.000" classname="com.mendix.test.MaterialScript"/>
  <testcase name="Process_Information_Check" time="0.001" classname="com.mendix.test.MaterialScript"/>
  <testcase name="Process_Information_Check" time="0.015" classname="com.mendix.test.MaterialScript"/>
  <testcase name="Process_Information_Check" time="0.001" classname="com.mendix.test.MaterialScript"/>
  <testcase name="Material_Create_Review_Global_Data_Approve_LBDA" time="0.000" classname="com.mendix.test.MaterialScript"/>
  <testcase name="material_Create_Review_Local_Data_Approve_LDS" time="0.000" classname="com.mendix.test.MaterialScript"/>
  <testcase name="Process_Information_Check" time="0.001" classname="com.mendix.test.MaterialScript"/>
  <testcase name="Process_Information_Check" time="0.000" classname="com.mendix.test.MaterialScript"/>
  <testcase name="Material_Create_Review_Global_Data_Approve_LBDA" time="0.001" classname="com.mendix.test.MaterialScript"/>
  <testcase name="Material_Create_Review_Global_Data_Approve_LBDA" time="0.000" classname="com.mendix.test.MaterialScript"/>
  <testcase name="Process_Information_Check" time="0.001" classname="com.mendix.test.MaterialScript"/>
  <testcase name="Process_Information_Check" time="0.000" classname="com.mendix.test.MaterialScript"/>
  <testcase name="Material_Create_Review_Global_Data_Approve_LBDA" time="0.000" classname="com.mendix.test.MaterialScript"/>
  <testcase name="Material_Create_Review_Global_Data_Approve_GDA" time="0.001" classname="com.mendix.test.MaterialScript"/>
  <testcase name="process_Information_Check_GlobalID_Extend" time="0.000" classname="com.mendix.test.MaterialScript"/>
  <testcase name="Process_Information_Check" time="0.001" classname="com.mendix.test.MaterialScript"/>
  <testcase name="Material_Create_Review_Global_Data_Approve_LDP_NAV" time="0.000" classname="com.mendix.test.MaterialScript"/>
  <testcase name="Process_Information_Check" time="0.000" classname="com.mendix.test.MaterialScript"/>
  <testcase name="Process_Information_Check" time="0.000" classname="com.mendix.test.MaterialScript"/>
  <testcase name="Material_Create_Review_Global_Data_Approve_LDP_NAV" time="0.000" classname="com.mendix.test.MaterialScript"/>
  <testcase name="process_Information_Check_GlobalID_Extend" time="0.000" classname="com.mendix.test.MaterialScript"/>
  <testcase name="Process_Information_Check" time="0.000" classname="com.mendix.test.MaterialScript"/>
  <testcase name="Material_Create_Review_Global_Data_Approve_LBDA" time="0.001" classname="com.mendix.test.MaterialScript"/>
  <testcase name="Material_Create_Review_Global_Data_Approve_GDA" time="0.001" classname="com.mendix.test.MaterialScript"/>
  <testcase name="process_Information_Check_GlobalID_Extend" time="0.000" classname="com.mendix.test.MaterialScript"/>
  <testcase name="Material_Create_Review_Global_Data_Approve_GDA" time="0.000" classname="com.mendix.test.MaterialScript"/>
  <testcase name="material_Create_Local_Data_Approve_LDP_NAV" time="0.001" classname="com.mendix.test.MaterialScript"/>
  <testcase name="material_Create_Local_Data_Approve_LDP_NAV" time="0.000" classname="com.mendix.test.MaterialScript"/>
  <testcase name="Process_Information_Check" time="0.001" classname="com.mendix.test.MaterialScript"/>
  <testcase name="Material_Create_Review_Global_Data_Approve_LBDA" time="0.001" classname="com.mendix.test.MaterialScript"/>
  <testcase name="Material_Create_Review_Global_Data_Approve_LBDA" time="0.001" classname="com.mendix.test.MaterialScript"/>
  <testcase name="process_Information_Check_GlobalID_Extend" time="0.000" classname="com.mendix.test.MaterialScript"/>
  <testcase name="Material_Create_Review_Global_Data_Approve_LBDA" time="138.134" classname="com.mendix.test.MaterialScript"/>
  <testcase name="Process_Information_Check" time="0.001" classname="com.mendix.test.MaterialScript"/>
  <testcase name="Process_Information_Check" time="0.000" classname="com.mendix.test.MaterialScript"/>
  <testcase name="Process_Information_Check" time="0.001" classname="com.mendix.test.MaterialScript"/>
  <testcase name="process_Information_Check_GlobalID_Extend" time="0.000" classname="com.mendix.test.MaterialScript"/>
  <testcase name="material_Create_Review_Local_Data_Approve_LDS" time="0.000" classname="com.mendix.test.MaterialScript"/>
  <testcase name="Material_Create_Review_Global_Data_Approve_GDA" time="0.000" classname="com.mendix.test.MaterialScript"/>
  <testcase name="Process_Information_Check" time="0.000" classname="com.mendix.test.MaterialScript"/>
  <testcase name="material_Create_Local_Data_Approve_LDP_NAV" time="0.000" classname="com.mendix.test.MaterialScript"/>
  <testcase name="Process_Information_Check" time="0.000" classname="com.mendix.test.MaterialScript"/>
  <testcase name="Process_Information_Check" time="0.002" classname="com.mendix.test.MaterialScript"/>
  <testcase name="Process_Information_Check" time="0.000" classname="com.mendix.test.MaterialScript"/>
  <testcase name="Process_Information_Check" time="0.000" classname="com.mendix.test.MaterialScript"/>
  <testcase name="Material_Create_Review_Global_Data_Approve_LBDA" time="0.000" classname="com.mendix.test.MaterialScript"/>
  <testcase name="Material_Create_Review_Global_Data_Approve_LBDA" time="0.000" classname="com.mendix.test.MaterialScript"/>
  <testcase name="Process_Information_Check" time="0.000" classname="com.mendix.test.MaterialScript"/>
  <testcase name="Process_Information_Check" time="0.001" classname="com.mendix.test.MaterialScript"/>
  <testcase name="Process_Information_Check" time="0.000" classname="com.mendix.test.MaterialScript"/>
  <testcase name="Process_Information_Check" time="0.001" classname="com.mendix.test.MaterialScript"/>
  <testcase name="Process_Information_Check" time="0.000" classname="com.mendix.test.MaterialScript"/>
  <testcase name="Material_Create_Review_Global_Data_Approve_LDP_NAV" time="0.000" classname="com.mendix.test.MaterialScript"/>
  <testcase name="Material_Create_Review_Global_Data_Approve_LDP_NAV" time="0.000" classname="com.mendix.test.MaterialScript"/>
  <testcase name="material_Create_Review_Local_Data_Approve_LDS" time="75.024" classname="com.mendix.test.MaterialScript">
    <error type="org.openqa.selenium.NoSuchElementException" message="Unable to find element with xpath == //*[@class=&#039;close mx-dialog-close&#039;]
For documentation on this error, please visit: https://www.seleniumhq.org/exceptions/no_such_element.html
Build info: version: &#039;3.141.59&#039;, revision: &#039;e82be7d358&#039;, time: &#039;2018-11-14T08:25:53&#039;
System info: host: &#039;YKUNTALA&#039;, ip: &#039;9.79.141.225&#039;, os.name: &#039;Windows 7&#039;, os.arch: &#039;amd64&#039;, os.version: &#039;6.1&#039;, java.version: &#039;1.8.0_121&#039;
Driver info: org.openqa.selenium.ie.InternetExplorerDriver
Capabilities {acceptInsecureCerts: false, browserName: internet explorer, browserVersion: 11, javascriptEnabled: true, pageLoadStrategy: normal, platform: WINDOWS, platformName: WINDOWS, proxy: Proxy(), se:ieOptions: {browserAttachTimeout: 0, elementScrollBehavior: 0, enablePersistentHover: false, ie.browserCommandLineSwitches: , ie.ensureCleanSession: false, ie.fileUploadDialogTimeout: 3000, ie.forceCreateProcessApi: false, ignoreProtectedModeSettings: false, ignoreZoomSetting: true, initialBrowserUrl: http://localhost:13836/, nativeEvents: true, requireWindowFocus: false}, setWindowRect: true, timeouts: {implicit: 0, pageLoad: 300000, script: 30000}}
Session ID: 85a2aaee-a061-4f5e-85e7-4be0c88a40a0
*** Element info: {Using=xpath, value=//*[@class=&#039;close mx-dialog-close&#039;]}">
      <![CDATA[org.openqa.selenium.NoSuchElementException: Unable to find element with xpath == //*[@class='close mx-dialog-close']
For documentation on this error, please visit: https://www.seleniumhq.org/exceptions/no_such_element.html
Build info: version: '3.141.59', revision: 'e82be7d358', time: '2018-11-14T08:25:53'
System info: host: 'YKUNTALA', ip: '9.79.141.225', os.name: 'Windows 7', os.arch: 'amd64', os.version: '6.1', java.version: '1.8.0_121'
Driver info: org.openqa.selenium.ie.InternetExplorerDriver
Capabilities {acceptInsecureCerts: false, browserName: internet explorer, browserVersion: 11, javascriptEnabled: true, pageLoadStrategy: normal, platform: WINDOWS, platformName: WINDOWS, proxy: Proxy(), se:ieOptions: {browserAttachTimeout: 0, elementScrollBehavior: 0, enablePersistentHover: false, ie.browserCommandLineSwitches: , ie.ensureCleanSession: false, ie.fileUploadDialogTimeout: 3000, ie.forceCreateProcessApi: false, ignoreProtectedModeSettings: false, ignoreZoomSetting: true, initialBrowserUrl: http://localhost:13836/, nativeEvents: true, requireWindowFocus: false}, setWindowRect: true, timeouts: {implicit: 0, pageLoad: 300000, script: 30000}}
Session ID: 85a2aaee-a061-4f5e-85e7-4be0c88a40a0
*** Element info: {Using=xpath, value=//*[@class='close mx-dialog-close']}
at sun.reflect.GeneratedConstructorAccessor39.newInstance(Unknown Source)
at sun.reflect.DelegatingConstructorAccessorImpl.newInstance(Unknown Source)
at java.lang.reflect.Constructor.newInstance(Unknown Source)
at org.openqa.selenium.remote.http.W3CHttpResponseCodec.createException(W3CHttpResponseCodec.java:187)
at org.openqa.selenium.remote.http.W3CHttpResponseCodec.decode(W3CHttpResponseCodec.java:122)
at org.openqa.selenium.remote.http.W3CHttpResponseCodec.decode(W3CHttpResponseCodec.java:49)
at org.openqa.selenium.remote.HttpCommandExecutor.execute(HttpCommandExecutor.java:158)
at org.openqa.selenium.remote.service.DriverCommandExecutor.execute(DriverCommandExecutor.java:83)
at org.openqa.selenium.remote.RemoteWebDriver.execute(RemoteWebDriver.java:552)
at org.openqa.selenium.remote.RemoteWebDriver.findElement(RemoteWebDriver.java:323)
at org.openqa.selenium.remote.RemoteWebDriver.findElementByXPath(RemoteWebDriver.java:428)
at org.openqa.selenium.By$ByXPath.findElement(By.java:353)
at org.openqa.selenium.remote.RemoteWebDriver.findElement(RemoteWebDriver.java:315)
at com.mendix.page.MaterialApprovalPage.approvalBtnClickLocalLDS(MaterialApprovalPage.java:720)
at com.mendix.test.MaterialScript.material_Create_Review_Local_Data_Approve_LDS(MaterialScript.java:813)
at sun.reflect.GeneratedMethodAccessor12.invoke(Unknown Source)
at sun.reflect.DelegatingMethodAccessorImpl.invoke(Unknown Source)
at java.lang.reflect.Method.invoke(Unknown Source)
at org.testng.internal.MethodInvocationHelper.invokeMethod(MethodInvocationHelper.java:124)
at org.testng.internal.Invoker.invokeMethod(Invoker.java:583)
at org.testng.internal.Invoker.invokeTestMethod(Invoker.java:719)
at org.testng.internal.Invoker.invokeTestMethods(Invoker.java:989)
at org.testng.internal.TestMethodWorker.invokeTestMethods(TestMethodWorker.java:125)
at org.testng.internal.TestMethodWorker.run(TestMethodWorker.java:109)
at org.testng.TestRunner.privateRun(TestRunner.java:648)
at org.testng.TestRunner.run(TestRunner.java:505)
at org.testng.SuiteRunner.runTest(SuiteRunner.java:455)
at org.testng.SuiteRunner.runSequentially(SuiteRunner.java:450)
at org.testng.SuiteRunner.privateRun(SuiteRunner.java:415)
at org.testng.SuiteRunner.run(SuiteRunner.java:364)
at org.testng.SuiteRunnerWorker.runSuite(SuiteRunnerWorker.java:52)
at org.testng.SuiteRunnerWorker.run(SuiteRunnerWorker.java:84)
at org.testng.TestNG.runSuitesSequentially(TestNG.java:1208)
at org.testng.TestNG.runSuitesSequentially(TestNG.java:1204)
at org.testng.TestNG.runSuitesLocally(TestNG.java:1137)
at org.testng.TestNG.runSuites(TestNG.java:1049)
at org.testng.TestNG.run(TestNG.java:1017)
at org.testng.remote.AbstractRemoteTestNG.run(AbstractRemoteTestNG.java:114)
at org.testng.remote.RemoteTestNG.initAndRun(RemoteTestNG.java:251)
at org.testng.remote.RemoteTestNG.main(RemoteTestNG.java:77)
]]>
    </error>
  </testcase> <!-- material_Create_Review_Local_Data_Approve_LDS -->
  <testcase name="Process_Information_Check" time="0.000" classname="com.mendix.test.MaterialScript"/>
  <testcase name="Process_Information_Check" time="0.000" classname="com.mendix.test.MaterialScript"/>
  <testcase name="material_Create_Local_Data_Approve_LDP_NAV" time="0.000" classname="com.mendix.test.MaterialScript"/>
  <testcase name="Process_Information_Check" time="0.001" classname="com.mendix.test.MaterialScript"/>
  <testcase name="material_Create_Review_Local_Data_Approve_LDS" time="0.001" classname="com.mendix.test.MaterialScript"/>
  <testcase name="Process_Information_Check" time="0.000" classname="com.mendix.test.MaterialScript"/>
  <testcase name="Process_Information_Check" time="0.000" classname="com.mendix.test.MaterialScript"/>
  <testcase name="Process_Information_Check" time="0.009" classname="com.mendix.test.MaterialScript"/>
  <testcase name="Process_Information_Check" time="0.001" classname="com.mendix.test.MaterialScript"/>
  <testcase name="Material_Create_Review_Global_Data_Approve_LDP_NAV" time="0.000" classname="com.mendix.test.MaterialScript"/>
  <testcase name="Process_Information_Check" time="0.001" classname="com.mendix.test.MaterialScript"/>
  <testcase name="Process_Information_Check" time="0.001" classname="com.mendix.test.MaterialScript"/>
  <testcase name="material_Create_Local_Data_Approve_LDP_NAV" time="0.001" classname="com.mendix.test.MaterialScript"/>
  <testcase name="Material_Create_Review_Global_Data_Approve_GDA" time="0.000" classname="com.mendix.test.MaterialScript"/>
  <testcase name="material_Create_Local_Data_Approve_LDP_NAV" time="0.000" classname="com.mendix.test.MaterialScript"/>
  <testcase name="Process_Information_Check" time="0.001" classname="com.mendix.test.MaterialScript"/>
  <testcase name="Process_Information_Check" time="0.001" classname="com.mendix.test.MaterialScript"/>
  <testcase name="process_Information_Check_GlobalID_Extend" time="0.010" classname="com.mendix.test.MaterialScript"/>
  <testcase name="process_Information_Check_GlobalID_Extend" time="0.001" classname="com.mendix.test.MaterialScript"/>
  <testcase name="Material_Create_Review_Global_Data_Approve_GDA" time="0.001" classname="com.mendix.test.MaterialScript"/>
  <testcase name="Material_Create_Review_Global_Data_Approve_LDP_NAV" time="0.000" classname="com.mendix.test.MaterialScript"/>
  <testcase name="Process_Information_Check" time="0.001" classname="com.mendix.test.MaterialScript"/>
  <testcase name="material_Create_Review_Local_Data_Approve_LDS" time="0.000" classname="com.mendix.test.MaterialScript"/>
  <testcase name="process_Information_Check_GlobalID_Extend" time="0.000" classname="com.mendix.test.MaterialScript"/>
  <testcase name="Material_Create_Review_Global_Data_Approve_LDP_NAV" time="0.002" classname="com.mendix.test.MaterialScript"/>
  <testcase name="Process_Information_Check" time="0.000" classname="com.mendix.test.MaterialScript"/>
  <testcase name="Material_Create_Review_Global_Data_Approve_GDA" time="0.000" classname="com.mendix.test.MaterialScript"/>
  <testcase name="Material_Create_Review_Global_Data_Approve_LDP_NAV" time="0.000" classname="com.mendix.test.MaterialScript"/>
  <testcase name="process_Information_Check_GlobalID_Extend" time="0.000" classname="com.mendix.test.MaterialScript"/>
  <testcase name="material_Create_Review_Local_Data_Approve_LDS" time="0.008" classname="com.mendix.test.MaterialScript"/>
  <testcase name="Process_Information_Check" time="0.000" classname="com.mendix.test.MaterialScript"/>
  <testcase name="Process_Information_Check" time="0.000" classname="com.mendix.test.MaterialScript"/>
  <testcase name="Process_Information_Check" time="0.000" classname="com.mendix.test.MaterialScript"/>
  <testcase name="material_Create_Review_Local_Data_Approve_LDS" time="0.001" classname="com.mendix.test.MaterialScript"/>
  <testcase name="process_Information_Check_GlobalID_Extend" time="0.020" classname="com.mendix.test.MaterialScript"/>
  <testcase name="Process_Information_Check" time="0.001" classname="com.mendix.test.MaterialScript"/>
  <testcase name="Material_Create_Review_Global_Data_Approve_GDA" time="0.000" classname="com.mendix.test.MaterialScript"/>
  <testcase name="Process_Information_Check" time="0.000" classname="com.mendix.test.MaterialScript"/>
  <testcase name="Material_Create_Review_Global_Data_Approve_LBDA" time="0.001" classname="com.mendix.test.MaterialScript"/>
  <testcase name="Process_Information_Check" time="0.002" classname="com.mendix.test.MaterialScript"/>
</testsuite> <!-- com.mendix.test.MaterialScript -->
